<?xml version="1.0" encoding="UTF-8"?>
<!-- Generated by org.testng.reporters.JUnitXMLReporter -->
<testsuite hostname="TX604-7235QTD" name="SmokeRegTests" tests="96" failures="13" timestamp="19 Mar 2018 15:05:08 GMT" time="5659.252" errors="0">
  <testcase name="runTC_SF_ABAMERBrokerContactsPopulatingRequiredFieldsPage" time="7.544" classname="testscripts.SF.RegressionTestScripts.TC_SF_ABAMERBrokerContactsPopulatingRequiredFieldsPage"/>
  <testcase name="runTC_SF_ABAMERBrokerAccountsDetailsEditPage" time="75.437" classname="testscripts.SF.RegressionTestScripts.TC_SF_ABAMERBrokerAccountsDetailsEditPage"/>
  <testcase name="runTC_SF_OBAMERBrokerAccountLookUpNewContactPage" time="28.719" classname="testscripts.SF.SmokeTestScripts.TC_SF_OBAMERBrokerAccountLookUpNewContactPage"/>
  <testcase name="runTC_SF_CMEMEABrokerAccountsCreationOfNewActivityPage" time="46.685" classname="testscripts.SF.RegressionTestScripts.TC_SF_CMAMERBrokerAccountsCreationOfNewActivityPage"/>
  <testcase name="runTC_SF_ABAMERCSSAccountsDetailsEditPage" time="56.506" classname="testscripts.SF.RegressionTestScripts.TC_SF_ABAMERCSSAccountsDetailsEditPage"/>
  <testcase name="runTC_SF_ABAMERManagerAccountsDetailsEditPage" time="56.509" classname="testscripts.SF.RegressionTestScripts.TC_SF_ABAMERManagerAccountsDetailsEditPage"/>
  <testcase name="runTC_SF_CMAMERBrokerAccountsDetailsEditPage" time="56.993" classname="testscripts.SF.RegressionTestScripts.TC_SF_CMAMERBrokerAccountsDetailsEditPage"/>
  <testcase name="runTC_SF_CMAMERManagerAccountsDetailsEditPage" time="57.816" classname="testscripts.SF.RegressionTestScripts.TC_SF_CMAMERManagerAccountsDetailsEditPage"/>
  <testcase name="runTC_SF_CMAPACCSSAccountsDetailsEditPage" time="56.765" classname="testscripts.SF.RegressionTestScripts.TC_SF_CMAPACCSSAccountsDetailsEditPage"/>
  <testcase name="runTC_SF_OBAPACBrokerAccountsDetailsEditPage" time="58.011" classname="testscripts.SF.RegressionTestScripts.TC_SF_OBAPACBrokerAccountsDetailsEditPage"/>
  <testcase name="runTC_SF_OBAPACCSSAccountsDetailsEditPage" time="56.152" classname="testscripts.SF.RegressionTestScripts.TC_SF_OBAPACCSSAccountsDetailsEditPage"/>
  <testcase name="runTC_SF_OBAPACManagerAccountsDetailsEditPage" time="55.204" classname="testscripts.SF.RegressionTestScripts.TC_SF_OBAPACManagerAccountsDetailsEditPage"/>
  <testcase name="runTC_SF_ABAMERManagerAccountsVerifySPOCs" time="67.155" classname="testscripts.SF.RegressionTestScripts.TC_SF_ABAMERManagerAccountsVerifySPOCs"/>
  <testcase name="runTC_SF_ASAPACBrokerAdditionalActivityTypes" time="32.65" classname="testscripts.SF.Release37TestScripts.TC_SF_ASAPACBrokerAdditionalActivityTypes"/>
  <testcase name="RUNTC_SF_OBAMERAdminAccountsPrivateTags" time="64.21" classname="testscripts.SF.Release37TestScripts.TC_SF_OBAMERAdminAccountsPrivateTags"/>
  <testcase name="runTC_SF_OBAMERAdminAccountsVerifySPOCs" time="31.252" classname="testscripts.SF.RegressionTestScripts.TC_SF_OBAMERAdminAccountsVerifySPOCs">
    <failure type="java.lang.AssertionError" message="unknown error: Element &amp;lt;a class=&amp;quot;slds-truncate outputLookupLink slds-truncate forceOutputLookup&amp;quot; data-ownerid=&amp;quot;2079:0&amp;quot; data-refid=&amp;quot;recordId&amp;quot; data-recordid=&amp;quot;0010R000009gDrlQAE&amp;quot; data-special-link=&amp;quot;true&amp;quot; href=&amp;quot;/one/one.app#/sObject/0010R000009gDrlQAE/view&amp;quot; target=&amp;quot;_blank&amp;quot; rel=&amp;quot;noreferrer&amp;quot; title=&amp;quot;Albert Heijn - CBRE Account&amp;quot; data-aura-rendered-by=&amp;quot;2088:0&amp;quot; data-aura-class=&amp;quot;forceOutputLookup&amp;quot;&amp;gt;...&amp;lt;/a&amp;gt; is not clickable at point (163, 295). Other element would receive the click: &amp;lt;div class=&amp;quot;slds-spinner_container slds-grid&amp;quot; data-aura-rendered-by=&amp;quot;1453:0&amp;quot;&amp;gt;...&amp;lt;/div&amp;gt;
  (Session info: chrome=65.0.3325.162)
  (Driver info: chromedriver=2.35.528161 (5b82f2d2aae0ca24b877009200ced9065a772e73),platform=Windows NT 10.0.14393 x86_64) (WARNING: The server did not provide any stacktrace information)
Command duration or timeout: 138 milliseconds
Build info: version: &amp;apos;3.0.1&amp;apos;, revision: &amp;apos;1969d75&amp;apos;, time: &amp;apos;2016-10-18 09:49:13 -0700&amp;apos;
System info: host: &amp;apos;TX604-7235QTD&amp;apos;, ip: &amp;apos;192.168.1.109&amp;apos;, os.name: &amp;apos;Windows 10&amp;apos;, os.arch: &amp;apos;amd64&amp;apos;, os.version: &amp;apos;10.0&amp;apos;, java.version: &amp;apos;1.8.0_162&amp;apos;
Driver info: org.openqa.selenium.chrome.ChromeDriver
Capabilities [{applicationCacheEnabled=false, rotatable=false, mobileEmulationEnabled=false, networkConnectionEnabled=false, chrome={chromedriverVersion=2.35.528161 (5b82f2d2aae0ca24b877009200ced9065a772e73), userDataDir=C:\Users\SBitra\AppData\Local\Temp\scoped_dir10104_22870}, takesHeapSnapshot=true, pageLoadStrategy=normal, databaseEnabled=false, handlesAlerts=true, hasTouchScreen=false, version=65.0.3325.162, platform=XP, browserConnectionEnabled=false, nativeEvents=true, acceptSslCerts=false, acceptInsecureCerts=false, locationContextEnabled=true, webStorageEnabled=true, browserName=chrome, takesScreenshot=true, javascriptEnabled=true, cssSelectorsEnabled=true, setWindowRect=true, unexpectedAlertBehaviour=}]
Session ID: 02591b41fbdca13b838f202b813d33a2">
      <![CDATA[java.lang.AssertionError: unknown error: Element <a class="slds-truncate outputLookupLink slds-truncate forceOutputLookup" data-ownerid="2079:0" data-refid="recordId" data-recordid="0010R000009gDrlQAE" data-special-link="true" href="/one/one.app#/sObject/0010R000009gDrlQAE/view" target="_blank" rel="noreferrer" title="Albert Heijn - CBRE Account" data-aura-rendered-by="2088:0" data-aura-class="forceOutputLookup">...</a> is not clickable at point (163, 295). Other element would receive the click: <div class="slds-spinner_container slds-grid" data-aura-rendered-by="1453:0">...</div>
  (Session info: chrome=65.0.3325.162)
  (Driver info: chromedriver=2.35.528161 (5b82f2d2aae0ca24b877009200ced9065a772e73),platform=Windows NT 10.0.14393 x86_64) (WARNING: The server did not provide any stacktrace information)
Command duration or timeout: 138 milliseconds
Build info: version: '3.0.1', revision: '1969d75', time: '2016-10-18 09:49:13 -0700'
System info: host: 'TX604-7235QTD', ip: '192.168.1.109', os.name: 'Windows 10', os.arch: 'amd64', os.version: '10.0', java.version: '1.8.0_162'
Driver info: org.openqa.selenium.chrome.ChromeDriver
Capabilities [{applicationCacheEnabled=false, rotatable=false, mobileEmulationEnabled=false, networkConnectionEnabled=false, chrome={chromedriverVersion=2.35.528161 (5b82f2d2aae0ca24b877009200ced9065a772e73), userDataDir=C:\Users\SBitra\AppData\Local\Temp\scoped_dir10104_22870}, takesHeapSnapshot=true, pageLoadStrategy=normal, databaseEnabled=false, handlesAlerts=true, hasTouchScreen=false, version=65.0.3325.162, platform=XP, browserConnectionEnabled=false, nativeEvents=true, acceptSslCerts=false, acceptInsecureCerts=false, locationContextEnabled=true, webStorageEnabled=true, browserName=chrome, takesScreenshot=true, javascriptEnabled=true, cssSelectorsEnabled=true, setWindowRect=true, unexpectedAlertBehaviour=}]
Session ID: 02591b41fbdca13b838f202b813d33a2
	at com.cognizant.Craft.CRAFTTestCase.tearDownTestRunner(CRAFTTestCase.java:149)
	at testscripts.SF.RegressionTestScripts.TC_SF_OBAMERAdminAccountsVerifySPOCs.runTC_SF_OBAMERAdminAccountsVerifySPOCs(TC_SF_OBAMERAdminAccountsVerifySPOCs.java:35)
	at java.util.concurrent.ThreadPoolExecutor.runWorker(Unknown Source)
	at java.util.concurrent.ThreadPoolExecutor$Worker.run(Unknown Source)
	at java.lang.Thread.run(Unknown Source)
... Removed 11 stack frames]]>
    </failure>
  </testcase> <!-- runTC_SF_OBAMERAdminAccountsVerifySPOCs -->
  <testcase name="runTC_SF_ASAPACBrokerAwardedPickListValues" time="51.508" classname="testscripts.SF.Release37TestScripts.TC_SF_ASAPACBrokerAwardedPickListValues"/>
  <testcase name="runTC_SF_OBAPACBrokerCampaignsTab" time="80.273" classname="testscripts.SF.Release37TestScripts.TC_SF_OBAPACBrokerCampaignsTab"/>
  <testcase name="runTC_SF_OBAMERBrokerCloneEditLeadDetailPage" time="38.557" classname="testscripts.SF.SmokeTestScripts.TC_SF_OBAMERBrokerCloneEditLeadDetailPage"/>
  <testcase name="runTC_SF_ASAMERManagerCommissionField" time="110.897" classname="testscripts.SF.Release37TestScripts.TC_SF_ASAMERManagerCommissionField"/>
  <testcase name="runTC_SF_ASAPACBrokerCommissionField" time="53.321" classname="testscripts.SF.Release37TestScripts.TC_SF_ASAPACBrokerCommissionField"/>
  <testcase name="runTC_SF_ABAMERBrokerContactsCreationOfNewActivityPage" time="42.149" classname="testscripts.SF.RegressionTestScripts.TC_SF_ABAMERBrokerContactsCreationOfNewActivityPage"/>
  <testcase name="runTC_SF_ABAPACCSSContactsCreationOfNewActivityPage" time="30.971" classname="testscripts.SF.RegressionTestScripts.TC_SF_ABAMERCSSContactsCreationOfNewActivityPage"/>
  <testcase name="runTC_SF_ABEMEAManagerContactsCreationOfNewActivityPage" time="560.12" classname="testscripts.SF.RegressionTestScripts.TC_SF_ABAMERManagerContactsCreationOfNewActivityPage">
    <failure type="java.lang.AssertionError" message="Expected condition failed: waiting for visibility of [[ChromeDriver: chrome on XP (bb4b66b3066d4ee8371d7911b06f8459)] -&amp;gt; id: username] (tried for 10 second(s) with 500 MILLISECONDS interval)
Build info: version: &amp;apos;3.0.1&amp;apos;, revision: &amp;apos;1969d75&amp;apos;, time: &amp;apos;2016-10-18 09:49:13 -0700&amp;apos;
System info: host: &amp;apos;TX604-7235QTD&amp;apos;, ip: &amp;apos;192.168.1.109&amp;apos;, os.name: &amp;apos;Windows 10&amp;apos;, os.arch: &amp;apos;amd64&amp;apos;, os.version: &amp;apos;10.0&amp;apos;, java.version: &amp;apos;1.8.0_162&amp;apos;
Driver info: org.openqa.selenium.chrome.ChromeDriver
Capabilities [{applicationCacheEnabled=false, rotatable=false, mobileEmulationEnabled=false, networkConnectionEnabled=false, chrome={chromedriverVersion=2.35.528161 (5b82f2d2aae0ca24b877009200ced9065a772e73), userDataDir=C:\Users\SBitra\AppData\Local\Temp\scoped_dir2448_5219}, takesHeapSnapshot=true, pageLoadStrategy=normal, databaseEnabled=false, handlesAlerts=true, hasTouchScreen=false, version=65.0.3325.162, platform=XP, browserConnectionEnabled=false, nativeEvents=true, acceptSslCerts=false, acceptInsecureCerts=false, locationContextEnabled=true, webStorageEnabled=true, browserName=chrome, takesScreenshot=true, javascriptEnabled=true, cssSelectorsEnabled=true, setWindowRect=true, unexpectedAlertBehaviour=}]
Session ID: bb4b66b3066d4ee8371d7911b06f8459 &amp;lt;b&amp;gt;Caused by: &amp;lt;/b&amp;gt;org.openqa.selenium.NoSuchElementException: no such element: Unable to locate element: {&amp;quot;method&amp;quot;:&amp;quot;id&amp;quot;,&amp;quot;selector&amp;quot;:&amp;quot;username&amp;quot;}
  (Session info: chrome=65.0.3325.162)
  (Driver info: chromedriver=2.35.528161 (5b82f2d2aae0ca24b877009200ced9065a772e73),platform=Windows NT 10.0.14393 x86_64) (WARNING: The server did not provide any stacktrace information)
Command duration or timeout: 543.49 seconds
For documentation on this error, please visit: http://seleniumhq.org/exceptions/no_such_element.html
Build info: version: &amp;apos;3.0.1&amp;apos;, revision: &amp;apos;1969d75&amp;apos;, time: &amp;apos;2016-10-18 09:49:13 -0700&amp;apos;
System info: host: &amp;apos;TX604-7235QTD&amp;apos;, ip: &amp;apos;192.168.1.109&amp;apos;, os.name: &amp;apos;Windows 10&amp;apos;, os.arch: &amp;apos;amd64&amp;apos;, os.version: &amp;apos;10.0&amp;apos;, java.version: &amp;apos;1.8.0_162&amp;apos;
Driver info: org.openqa.selenium.chrome.ChromeDriver
Capabilities [{applicationCacheEnabled=false, rotatable=false, mobileEmulationEnabled=false, networkConnectionEnabled=false, chrome={chromedriverVersion=2.35.528161 (5b82f2d2aae0ca24b877009200ced9065a772e73), userDataDir=C:\Users\SBitra\AppData\Local\Temp\scoped_dir2448_5219}, takesHeapSnapshot=true, pageLoadStrategy=normal, databaseEnabled=false, handlesAlerts=true, hasTouchScreen=false, version=65.0.3325.162, platform=XP, browserConnectionEnabled=false, nativeEvents=true, acceptSslCerts=false, acceptInsecureCerts=false, locationContextEnabled=true, webStorageEnabled=true, browserName=chrome, takesScreenshot=true, javascriptEnabled=true, cssSelectorsEnabled=true, setWindowRect=true, unexpectedAlertBehaviour=}]
Session ID: bb4b66b3066d4ee8371d7911b06f8459
*** Element info: {Using=id, value=username}">
      <![CDATA[java.lang.AssertionError: Expected condition failed: waiting for visibility of [[ChromeDriver: chrome on XP (bb4b66b3066d4ee8371d7911b06f8459)] -> id: username] (tried for 10 second(s) with 500 MILLISECONDS interval)
Build info: version: '3.0.1', revision: '1969d75', time: '2016-10-18 09:49:13 -0700'
System info: host: 'TX604-7235QTD', ip: '192.168.1.109', os.name: 'Windows 10', os.arch: 'amd64', os.version: '10.0', java.version: '1.8.0_162'
Driver info: org.openqa.selenium.chrome.ChromeDriver
Capabilities [{applicationCacheEnabled=false, rotatable=false, mobileEmulationEnabled=false, networkConnectionEnabled=false, chrome={chromedriverVersion=2.35.528161 (5b82f2d2aae0ca24b877009200ced9065a772e73), userDataDir=C:\Users\SBitra\AppData\Local\Temp\scoped_dir2448_5219}, takesHeapSnapshot=true, pageLoadStrategy=normal, databaseEnabled=false, handlesAlerts=true, hasTouchScreen=false, version=65.0.3325.162, platform=XP, browserConnectionEnabled=false, nativeEvents=true, acceptSslCerts=false, acceptInsecureCerts=false, locationContextEnabled=true, webStorageEnabled=true, browserName=chrome, takesScreenshot=true, javascriptEnabled=true, cssSelectorsEnabled=true, setWindowRect=true, unexpectedAlertBehaviour=}]
Session ID: bb4b66b3066d4ee8371d7911b06f8459 <b>Caused by: </b>org.openqa.selenium.NoSuchElementException: no such element: Unable to locate element: {"method":"id","selector":"username"}
  (Session info: chrome=65.0.3325.162)
  (Driver info: chromedriver=2.35.528161 (5b82f2d2aae0ca24b877009200ced9065a772e73),platform=Windows NT 10.0.14393 x86_64) (WARNING: The server did not provide any stacktrace information)
Command duration or timeout: 543.49 seconds
For documentation on this error, please visit: http://seleniumhq.org/exceptions/no_such_element.html
Build info: version: '3.0.1', revision: '1969d75', time: '2016-10-18 09:49:13 -0700'
System info: host: 'TX604-7235QTD', ip: '192.168.1.109', os.name: 'Windows 10', os.arch: 'amd64', os.version: '10.0', java.version: '1.8.0_162'
Driver info: org.openqa.selenium.chrome.ChromeDriver
Capabilities [{applicationCacheEnabled=false, rotatable=false, mobileEmulationEnabled=false, networkConnectionEnabled=false, chrome={chromedriverVersion=2.35.528161 (5b82f2d2aae0ca24b877009200ced9065a772e73), userDataDir=C:\Users\SBitra\AppData\Local\Temp\scoped_dir2448_5219}, takesHeapSnapshot=true, pageLoadStrategy=normal, databaseEnabled=false, handlesAlerts=true, hasTouchScreen=false, version=65.0.3325.162, platform=XP, browserConnectionEnabled=false, nativeEvents=true, acceptSslCerts=false, acceptInsecureCerts=false, locationContextEnabled=true, webStorageEnabled=true, browserName=chrome, takesScreenshot=true, javascriptEnabled=true, cssSelectorsEnabled=true, setWindowRect=true, unexpectedAlertBehaviour=}]
Session ID: bb4b66b3066d4ee8371d7911b06f8459
*** Element info: {Using=id, value=username}
	at com.cognizant.Craft.CRAFTTestCase.tearDownTestRunner(CRAFTTestCase.java:149)
	at testscripts.SF.RegressionTestScripts.TC_SF_ABAMERManagerContactsCreationOfNewActivityPage.runTC_SF_ABEMEAManagerContactsCreationOfNewActivityPage(TC_SF_ABAMERManagerContactsCreationOfNewActivityPage.java:35)
	at java.util.concurrent.ThreadPoolExecutor.runWorker(Unknown Source)
	at java.util.concurrent.ThreadPoolExecutor$Worker.run(Unknown Source)
	at java.lang.Thread.run(Unknown Source)
... Removed 11 stack frames]]>
    </failure>
  </testcase> <!-- runTC_SF_ABEMEAManagerContactsCreationOfNewActivityPage -->
  <testcase name="runTC_SF_CMEMEABrokerContactsCreationOfNewActivityPage" time="28.775" classname="testscripts.SF.RegressionTestScripts.TC_SF_CMAMERBrokerContactsCreationOfNewActivityPage"/>
  <testcase name="runTC_SF_CMAMERCSSContactsCreationOfNewActivityPage" time="28.591" classname="testscripts.SF.RegressionTestScripts.TC_SF_CMAMERCSSContactsCreationOfNewActivityPage"/>
  <testcase name="runTC_SF_CMAMERManagerContactsCreationOfNewActivityPage" time="29.057" classname="testscripts.SF.RegressionTestScripts.TC_SF_CMAMERManagerContactsCreationOfNewActivityPage"/>
  <testcase name="runTC_SF_OBAMERBrokerContactsCreationOfNewActivityPage" time="28.413" classname="testscripts.SF.RegressionTestScripts.TC_SF_OBAMERBrokerContactsCreationOfNewActivityPage"/>
  <testcase name="runTC_SF_OBAPACCSSContactsCreationOfNewActivityPage" time="29.171" classname="testscripts.SF.RegressionTestScripts.TC_SF_OBAMERCSSContactsCreationOfNewActivityPage"/>
  <testcase name="runTC_SF_OBEMEAManagerContactsCreationOfNewActivityPage" time="29.238" classname="testscripts.SF.RegressionTestScripts.TC_SF_OBAMERManagerContactsCreationOfNewActivityPage"/>
  <testcase name="runTC_SF_ABAMERBrokerContactsNewActivityLayoutPage" time="30.179" classname="testscripts.SF.RegressionTestScripts.TC_SF_ABAMERBrokerContactsNewActivityLayoutPage"/>
  <testcase name="runTC_SF_ABAMERManagerContactsNewActivityLayoutPage" time="28.677" classname="testscripts.SF.RegressionTestScripts.TC_SF_ABAMERManagerContactsNewActivityLayoutPage"/>
  <testcase name="runTC_SF_CMAMERBrokerContactsNewActivityLayoutPage" time="29.423" classname="testscripts.SF.RegressionTestScripts.TC_SF_CMAMERBrokerContactsNewActivityLayoutPage"/>
  <testcase name="runTC_SF_CMAMERManagerContactsNewActivityLayoutPage" time="29.182" classname="testscripts.SF.RegressionTestScripts.TC_SF_CMAMERManagerContactsNewActivityLayoutPage"/>
  <testcase name="runTC_SF_OBAMERBrokerContactsNewActivityLayoutPage" time="28.398" classname="testscripts.SF.RegressionTestScripts.TC_SF_OBAMERBrokerContactsNewActivityLayoutPage"/>
  <testcase name="runTC_SF_OBAMERManagerContactsNewActivityLayoutPage" time="29.138" classname="testscripts.SF.RegressionTestScripts.TC_SF_OBAMERManagerContactsNewActivityLayoutPage"/>
  <testcase name="runTC_SF_OBAMERBrokerContactsPopulatingAllFields" time="4.684" classname="testscripts.SF.RegressionTestScripts.TC_SF_OBAMERBrokerContactsPopulatingAllFields"/>
  <testcase name="runTC_SF_ABAMERManagerContactsPopulatingRequiredFieldsPage" time="2.727" classname="testscripts.SF.RegressionTestScripts.TC_SF_ABAMERManagerContactsPopulatingRequiredFieldsPage"/>
  <testcase name="runTC_SF_ABAPACBrokerContactsReminderSentFunctionality" time="27.765" classname="testscripts.SF.RegressionTestScripts.TC_SF_ABAPACBrokerContactsReminderSentFunctionality"/>
  <testcase name="runTC_SF_ABAPACCSSContactsReminderSentFunctionality" time="28.494" classname="testscripts.SF.RegressionTestScripts.TC_SF_ABAPACCSSContactsReminderSentFunctionality"/>
  <testcase name="runTC_SF_ABAPACManagerContactsReminderSentFunctionality" time="28.727" classname="testscripts.SF.RegressionTestScripts.TC_SF_ABAPACManagerContactsReminderSentFunctionality"/>
  <testcase name="runTC_SF_OBAMERBrokerContactsReminderSentFunctionality" time="28.343" classname="testscripts.SF.RegressionTestScripts.TC_SF_OBAMERBrokerContactsReminderSentFunctionality"/>
  <testcase name="runTC_SF_OBAMERCSSContactsReminderSentFunctionality" time="28.514" classname="testscripts.SF.RegressionTestScripts.TC_SF_OBAMERCSSContactsReminderSentFunctionality"/>
  <testcase name="runTC_SF_OBAMERManagerContactsReminderSentFunctionality" time="28.907" classname="testscripts.SF.RegressionTestScripts.TC_SF_OBAMERManagerContactsReminderSentFunctionality"/>
  <testcase name="runTC_SF_ABAMERBrokerEditPaidInstallment" time="115.036" classname="testscripts.SF.RegressionTestScriptsOpp.TC_SF_ABAMERBrokerEditPaidInstallment"/>
  <testcase name="runTC_SF_ABAMERCSSEditPaidInstallment" time="104.71" classname="testscripts.SF.RegressionTestScriptsOpp.TC_SF_ABAMERCSSEditPaidInstallment"/>
  <testcase name="runTC_SF_ABAMERManagerEditPaidInstallment" time="183.068" classname="testscripts.SF.RegressionTestScriptsOpp.TC_SF_ABAMERManagerEditPaidInstallment"/>
  <testcase name="runTC_SF_OBAMERBrokerEditPaidInstallment" time="104.822" classname="testscripts.SF.RegressionTestScriptsOpp.TC_SF_OBAMERBrokerEditPaidInstallment"/>
  <testcase name="runTC_SF_CMAPACBrokerHomeVerifyingTabsOnHomePage" time="21.484" classname="testscripts.SF.Release37TestScripts.TC_SF_CMAPACBrokerHomeVerifyingTabsOnHomePage"/>
  <testcase name="runTC_SF_CMAPACManagerHomeVerifyingTabsOnHomePage" time="21.234" classname="testscripts.SF.Release37TestScripts.TC_SF_CMAPACManagerHomeVerifyingTabsOnHomePage"/>
  <testcase name="runTC_SF_OBAMERBrokerInLineEditUnEvenPercentOpportunity" time="122.706" classname="testscripts.SF.RegressionTestScriptsOpp.TC_SF_OBAMERBrokerInLineEditUnEvenPercentOpportunity"/>
  <testcase name="runTC_SF_OBAMERManagerLeadsDetailsPage" time="44.521" classname="testscripts.SF.RegressionTestScripts.TC_SF_OBAMERManagerLeadsDetailsPage"/>
  <testcase name="RUNTC_SF_ASEMEAManagerLeadSourceField" time="62.926" classname="testscripts.SF.Release37TestScripts.TC_SF_ASEMEAManagerLeadSourceField"/>
  <testcase name="runTC_SF_ABAMERBrokerLeadsSharingFunctionalityPage" time="42.305" classname="testscripts.SF.RegressionTestScripts.TC_SF_ABAMERBrokerLeadsSharingFunctionalityPage"/>
  <testcase name="runTC_SF_ABAMERCSSLeadsSharingFunctionalityPage" time="41.744" classname="testscripts.SF.RegressionTestScripts.TC_SF_ABAMERCSSLeadsSharingFunctionalityPage"/>
  <testcase name="runTC_SF_ABAMERManagerLeadsSharingFunctionalityPage" time="41.481" classname="testscripts.SF.RegressionTestScripts.TC_SF_ABAMERManagerLeadsSharingFunctionalityPage"/>
  <testcase name="runTC_SF_OBAMERBrokerLeadsSharingFunctionalityPage" time="40.438" classname="testscripts.SF.RegressionTestScripts.TC_SF_OBAMERBrokerLeadsSharingFunctionalityPage"/>
  <testcase name="runTC_SF_OBAMERManagerLeadsSharingFunctionalityPage" time="40.113" classname="testscripts.SF.RegressionTestScripts.TC_SF_OBAMERManagerLeadsSharingFunctionalityPage"/>
  <testcase name="runTC_SF_OBAMERCSSEditPaidInstallment" time="103.72" classname="testscripts.SF.RegressionTestScriptsOpp.TC_SF_OBAMERCSSEditPaidInstallment"/>
  <testcase name="runTC_SF_OBAMERManagerEditPaidInstallment" time="138.218" classname="testscripts.SF.RegressionTestScriptsOpp.TC_SF_OBAMERManagerEditPaidInstallment"/>
  <testcase name="runTC_SF_ABAMERBrokerLeadsVerifyCustomPage" time="87.07" classname="testscripts.SF.RegressionTestScripts.TC_SF_ABAMERBrokerLeadsVerifyNewCustomPage"/>
  <testcase name="runTC_SF_ABAMERCSSLeadsVerifyCustomPage" time="86.919" classname="testscripts.SF.RegressionTestScripts.TC_SF_ABAMERCSSLeadsVerifyNewCustomPage"/>
  <testcase name="runTC_SF_ABAMERManagerLeadsVerifyCustomPage" time="87.168" classname="testscripts.SF.RegressionTestScripts.TC_SF_ABAMERManagerLeadsVerifyNewCustomPage"/>
  <testcase name="runTC_SF_OBAMERBrokerLeadsVerifyNewCustomPage" time="87.074" classname="testscripts.SF.RegressionTestScripts.TC_SF_OBAMERBrokerLeadsVerifyNewCustomPage"/>
  <testcase name="runTC_SF_OBAMERCSSLeadsVerifyNewCustomPage" time="87.693" classname="testscripts.SF.RegressionTestScripts.TC_SF_OBAMERCSSLeadsVerifyNewCustomPage">
    <failure type="java.lang.AssertionError" message="All fields are not present in the Lead Information Section">
      <![CDATA[java.lang.AssertionError: All fields are not present in the Lead Information Section
	at com.cognizant.Craft.CRAFTTestCase.tearDownTestRunner(CRAFTTestCase.java:149)
	at testscripts.SF.RegressionTestScripts.TC_SF_OBAMERCSSLeadsVerifyNewCustomPage.runTC_SF_OBAMERCSSLeadsVerifyNewCustomPage(TC_SF_OBAMERCSSLeadsVerifyNewCustomPage.java:35)
	at java.util.concurrent.ThreadPoolExecutor.runWorker(Unknown Source)
	at java.util.concurrent.ThreadPoolExecutor$Worker.run(Unknown Source)
	at java.lang.Thread.run(Unknown Source)
... Removed 11 stack frames]]>
    </failure>
  </testcase> <!-- runTC_SF_OBAMERCSSLeadsVerifyNewCustomPage -->
  <testcase name="runTC_SF_OBAMERManagerLeadsVerifyNewCustomPage" time="87.734" classname="testscripts.SF.RegressionTestScripts.TC_SF_OBAMERManagerLeadsVerifyNewCustomPage"/>
  <testcase name="runTC_SF_OBAMERBrokerMultipleInstallmentsEvenPercent" time="84.05" classname="testscripts.SF.RegressionTestScriptsOpp.TC_SF_OBAMERBrokerMultipleInstallmentsEvenPercent"/>
  <testcase name="runTC_SF_OBAMERBrokerMultipleInstallmentsUnEvenPercent" time="83.453" classname="testscripts.SF.RegressionTestScriptsOpp.TC_SF_OBAMERBrokerMultipleInstallmentsUnEvenPercent">
    <failure type="java.lang.AssertionError" message="unknown error: Element &amp;lt;span class=&amp;quot;title&amp;quot; data-aura-rendered-by=&amp;quot;2480:0&amp;quot; style=&amp;quot;border: 2px solid yellow;&amp;quot;&amp;gt;...&amp;lt;/span&amp;gt; is not clickable at point (195, 562). Other element would receive the click: &amp;lt;div class=&amp;quot;modal-glass&amp;quot; data-aura-rendered-by=&amp;quot;560:0&amp;quot;&amp;gt;...&amp;lt;/div&amp;gt;
  (Session info: chrome=65.0.3325.162)
  (Driver info: chromedriver=2.35.528161 (5b82f2d2aae0ca24b877009200ced9065a772e73),platform=Windows NT 10.0.14393 x86_64) (WARNING: The server did not provide any stacktrace information)
Command duration or timeout: 83 milliseconds
Build info: version: &amp;apos;3.0.1&amp;apos;, revision: &amp;apos;1969d75&amp;apos;, time: &amp;apos;2016-10-18 09:49:13 -0700&amp;apos;
System info: host: &amp;apos;TX604-7235QTD&amp;apos;, ip: &amp;apos;192.168.1.109&amp;apos;, os.name: &amp;apos;Windows 10&amp;apos;, os.arch: &amp;apos;amd64&amp;apos;, os.version: &amp;apos;10.0&amp;apos;, java.version: &amp;apos;1.8.0_162&amp;apos;
Driver info: org.openqa.selenium.chrome.ChromeDriver
Capabilities [{applicationCacheEnabled=false, rotatable=false, mobileEmulationEnabled=false, networkConnectionEnabled=false, chrome={chromedriverVersion=2.35.528161 (5b82f2d2aae0ca24b877009200ced9065a772e73), userDataDir=C:\Users\SBitra\AppData\Local\Temp\scoped_dir19784_18115}, takesHeapSnapshot=true, pageLoadStrategy=normal, databaseEnabled=false, handlesAlerts=true, hasTouchScreen=false, version=65.0.3325.162, platform=XP, browserConnectionEnabled=false, nativeEvents=true, acceptSslCerts=false, acceptInsecureCerts=false, locationContextEnabled=true, webStorageEnabled=true, browserName=chrome, takesScreenshot=true, javascriptEnabled=true, cssSelectorsEnabled=true, setWindowRect=true, unexpectedAlertBehaviour=}]
Session ID: 1108fdc9e16bec84dadf96248b7c1453">
      <![CDATA[java.lang.AssertionError: unknown error: Element <span class="title" data-aura-rendered-by="2480:0" style="border: 2px solid yellow;">...</span> is not clickable at point (195, 562). Other element would receive the click: <div class="modal-glass" data-aura-rendered-by="560:0">...</div>
  (Session info: chrome=65.0.3325.162)
  (Driver info: chromedriver=2.35.528161 (5b82f2d2aae0ca24b877009200ced9065a772e73),platform=Windows NT 10.0.14393 x86_64) (WARNING: The server did not provide any stacktrace information)
Command duration or timeout: 83 milliseconds
Build info: version: '3.0.1', revision: '1969d75', time: '2016-10-18 09:49:13 -0700'
System info: host: 'TX604-7235QTD', ip: '192.168.1.109', os.name: 'Windows 10', os.arch: 'amd64', os.version: '10.0', java.version: '1.8.0_162'
Driver info: org.openqa.selenium.chrome.ChromeDriver
Capabilities [{applicationCacheEnabled=false, rotatable=false, mobileEmulationEnabled=false, networkConnectionEnabled=false, chrome={chromedriverVersion=2.35.528161 (5b82f2d2aae0ca24b877009200ced9065a772e73), userDataDir=C:\Users\SBitra\AppData\Local\Temp\scoped_dir19784_18115}, takesHeapSnapshot=true, pageLoadStrategy=normal, databaseEnabled=false, handlesAlerts=true, hasTouchScreen=false, version=65.0.3325.162, platform=XP, browserConnectionEnabled=false, nativeEvents=true, acceptSslCerts=false, acceptInsecureCerts=false, locationContextEnabled=true, webStorageEnabled=true, browserName=chrome, takesScreenshot=true, javascriptEnabled=true, cssSelectorsEnabled=true, setWindowRect=true, unexpectedAlertBehaviour=}]
Session ID: 1108fdc9e16bec84dadf96248b7c1453
	at com.cognizant.Craft.CRAFTTestCase.tearDownTestRunner(CRAFTTestCase.java:149)
	at testscripts.SF.RegressionTestScriptsOpp.TC_SF_OBAMERBrokerMultipleInstallmentsUnEvenPercent.runTC_SF_OBAMERBrokerMultipleInstallmentsUnEvenPercent(TC_SF_OBAMERBrokerMultipleInstallmentsUnEvenPercent.java:34)
	at java.util.concurrent.ThreadPoolExecutor.runWorker(Unknown Source)
	at java.util.concurrent.ThreadPoolExecutor$Worker.run(Unknown Source)
	at java.lang.Thread.run(Unknown Source)
... Removed 11 stack frames]]>
    </failure>
  </testcase> <!-- runTC_SF_OBAMERBrokerMultipleInstallmentsUnEvenPercent -->
  <testcase name="runTC_SF_ABAPACManagerNewOpportunityPageLayout" time="66.893" classname="testscripts.SF.RegressionTestScriptsOpp.TC_SF_ABAPACManagerNewOpportunityPageLayout"/>
  <testcase name="runTC_SF_ABAMERManagerOpportunityCloneEdit" time="44.003" classname="testscripts.SF.RegressionTestScriptsOpp.TC_SF_ABAMERManagerOpportunityCloneEdit">
    <failure type="java.lang.AssertionError" message="Expected condition failed: waiting for visibility of Proxy element for: DefaultElementLocator &amp;apos;By.xpath: //a[@class=&amp;apos;forceActionLink&amp;apos;]/div[@class=&amp;apos;slds-truncate&amp;apos;][text()=&amp;apos;Clone&amp;apos;]&amp;apos; (tried for 3 second(s) with 500 MILLISECONDS interval)
Build info: version: &amp;apos;3.0.1&amp;apos;, revision: &amp;apos;1969d75&amp;apos;, time: &amp;apos;2016-10-18 09:49:13 -0700&amp;apos;
System info: host: &amp;apos;TX604-7235QTD&amp;apos;, ip: &amp;apos;192.168.1.109&amp;apos;, os.name: &amp;apos;Windows 10&amp;apos;, os.arch: &amp;apos;amd64&amp;apos;, os.version: &amp;apos;10.0&amp;apos;, java.version: &amp;apos;1.8.0_162&amp;apos;
Driver info: org.openqa.selenium.chrome.ChromeDriver
Capabilities [{applicationCacheEnabled=false, rotatable=false, mobileEmulationEnabled=false, networkConnectionEnabled=false, chrome={chromedriverVersion=2.35.528161 (5b82f2d2aae0ca24b877009200ced9065a772e73), userDataDir=C:\Users\SBitra\AppData\Local\Temp\scoped_dir15588_17239}, takesHeapSnapshot=true, pageLoadStrategy=normal, databaseEnabled=false, handlesAlerts=true, hasTouchScreen=false, version=65.0.3325.162, platform=XP, browserConnectionEnabled=false, nativeEvents=true, acceptSslCerts=false, acceptInsecureCerts=false, locationContextEnabled=true, webStorageEnabled=true, browserName=chrome, takesScreenshot=true, javascriptEnabled=true, cssSelectorsEnabled=true, setWindowRect=true, unexpectedAlertBehaviour=}]
Session ID: e4c294e57a644686e08a0dfb79c3ba55 &amp;lt;b&amp;gt;Caused by: &amp;lt;/b&amp;gt;org.openqa.selenium.NoSuchElementException: no such element: Unable to locate element: {&amp;quot;method&amp;quot;:&amp;quot;xpath&amp;quot;,&amp;quot;selector&amp;quot;:&amp;quot;//a[@class=&amp;apos;forceActionLink&amp;apos;]/div[@class=&amp;apos;slds-truncate&amp;apos;][text()=&amp;apos;Clone&amp;apos;]&amp;quot;}
  (Session info: chrome=65.0.3325.162)
  (Driver info: chromedriver=2.35.528161 (5b82f2d2aae0ca24b877009200ced9065a772e73),platform=Windows NT 10.0.14393 x86_64) (WARNING: The server did not provide any stacktrace information)
Command duration or timeout: 3.05 seconds
For documentation on this error, please visit: http://seleniumhq.org/exceptions/no_such_element.html
Build info: version: &amp;apos;3.0.1&amp;apos;, revision: &amp;apos;1969d75&amp;apos;, time: &amp;apos;2016-10-18 09:49:13 -0700&amp;apos;
System info: host: &amp;apos;TX604-7235QTD&amp;apos;, ip: &amp;apos;192.168.1.109&amp;apos;, os.name: &amp;apos;Windows 10&amp;apos;, os.arch: &amp;apos;amd64&amp;apos;, os.version: &amp;apos;10.0&amp;apos;, java.version: &amp;apos;1.8.0_162&amp;apos;
Driver info: org.openqa.selenium.chrome.ChromeDriver
Capabilities [{applicationCacheEnabled=false, rotatable=false, mobileEmulationEnabled=false, networkConnectionEnabled=false, chrome={chromedriverVersion=2.35.528161 (5b82f2d2aae0ca24b877009200ced9065a772e73), userDataDir=C:\Users\SBitra\AppData\Local\Temp\scoped_dir15588_17239}, takesHeapSnapshot=true, pageLoadStrategy=normal, databaseEnabled=false, handlesAlerts=true, hasTouchScreen=false, version=65.0.3325.162, platform=XP, browserConnectionEnabled=false, nativeEvents=true, acceptSslCerts=false, acceptInsecureCerts=false, locationContextEnabled=true, webStorageEnabled=true, browserName=chrome, takesScreenshot=true, javascriptEnabled=true, cssSelectorsEnabled=true, setWindowRect=true, unexpectedAlertBehaviour=}]
Session ID: e4c294e57a644686e08a0dfb79c3ba55
*** Element info: {Using=xpath, value=//a[@class=&amp;apos;forceActionLink&amp;apos;]/div[@class=&amp;apos;slds-truncate&amp;apos;][text()=&amp;apos;Clone&amp;apos;]}">
      <![CDATA[java.lang.AssertionError: Expected condition failed: waiting for visibility of Proxy element for: DefaultElementLocator 'By.xpath: //a[@class='forceActionLink']/div[@class='slds-truncate'][text()='Clone']' (tried for 3 second(s) with 500 MILLISECONDS interval)
Build info: version: '3.0.1', revision: '1969d75', time: '2016-10-18 09:49:13 -0700'
System info: host: 'TX604-7235QTD', ip: '192.168.1.109', os.name: 'Windows 10', os.arch: 'amd64', os.version: '10.0', java.version: '1.8.0_162'
Driver info: org.openqa.selenium.chrome.ChromeDriver
Capabilities [{applicationCacheEnabled=false, rotatable=false, mobileEmulationEnabled=false, networkConnectionEnabled=false, chrome={chromedriverVersion=2.35.528161 (5b82f2d2aae0ca24b877009200ced9065a772e73), userDataDir=C:\Users\SBitra\AppData\Local\Temp\scoped_dir15588_17239}, takesHeapSnapshot=true, pageLoadStrategy=normal, databaseEnabled=false, handlesAlerts=true, hasTouchScreen=false, version=65.0.3325.162, platform=XP, browserConnectionEnabled=false, nativeEvents=true, acceptSslCerts=false, acceptInsecureCerts=false, locationContextEnabled=true, webStorageEnabled=true, browserName=chrome, takesScreenshot=true, javascriptEnabled=true, cssSelectorsEnabled=true, setWindowRect=true, unexpectedAlertBehaviour=}]
Session ID: e4c294e57a644686e08a0dfb79c3ba55 <b>Caused by: </b>org.openqa.selenium.NoSuchElementException: no such element: Unable to locate element: {"method":"xpath","selector":"//a[@class='forceActionLink']/div[@class='slds-truncate'][text()='Clone']"}
  (Session info: chrome=65.0.3325.162)
  (Driver info: chromedriver=2.35.528161 (5b82f2d2aae0ca24b877009200ced9065a772e73),platform=Windows NT 10.0.14393 x86_64) (WARNING: The server did not provide any stacktrace information)
Command duration or timeout: 3.05 seconds
For documentation on this error, please visit: http://seleniumhq.org/exceptions/no_such_element.html
Build info: version: '3.0.1', revision: '1969d75', time: '2016-10-18 09:49:13 -0700'
System info: host: 'TX604-7235QTD', ip: '192.168.1.109', os.name: 'Windows 10', os.arch: 'amd64', os.version: '10.0', java.version: '1.8.0_162'
Driver info: org.openqa.selenium.chrome.ChromeDriver
Capabilities [{applicationCacheEnabled=false, rotatable=false, mobileEmulationEnabled=false, networkConnectionEnabled=false, chrome={chromedriverVersion=2.35.528161 (5b82f2d2aae0ca24b877009200ced9065a772e73), userDataDir=C:\Users\SBitra\AppData\Local\Temp\scoped_dir15588_17239}, takesHeapSnapshot=true, pageLoadStrategy=normal, databaseEnabled=false, handlesAlerts=true, hasTouchScreen=false, version=65.0.3325.162, platform=XP, browserConnectionEnabled=false, nativeEvents=true, acceptSslCerts=false, acceptInsecureCerts=false, locationContextEnabled=true, webStorageEnabled=true, browserName=chrome, takesScreenshot=true, javascriptEnabled=true, cssSelectorsEnabled=true, setWindowRect=true, unexpectedAlertBehaviour=}]
Session ID: e4c294e57a644686e08a0dfb79c3ba55
*** Element info: {Using=xpath, value=//a[@class='forceActionLink']/div[@class='slds-truncate'][text()='Clone']}
	at com.cognizant.Craft.CRAFTTestCase.tearDownTestRunner(CRAFTTestCase.java:149)
	at testscripts.SF.RegressionTestScriptsOpp.TC_SF_ABAMERManagerOpportunityCloneEdit.runTC_SF_ABAMERManagerOpportunityCloneEdit(TC_SF_ABAMERManagerOpportunityCloneEdit.java:34)
	at java.util.concurrent.ThreadPoolExecutor.runWorker(Unknown Source)
	at java.util.concurrent.ThreadPoolExecutor$Worker.run(Unknown Source)
	at java.lang.Thread.run(Unknown Source)
... Removed 11 stack frames]]>
    </failure>
  </testcase> <!-- runTC_SF_ABAMERManagerOpportunityCloneEdit -->
  <testcase name="runTC_SF_GWSAMERManagerOpportunityCloneEdit" time="31.96" classname="testscripts.SF.RegressionTestScriptsOpp.TC_SF_GWSAMERManagerOpportunityCloneEdit"/>
  <testcase name="runTC_SF_ASAMERManagerPickListValues" time="44.302" classname="testscripts.SF.Release37TestScripts.TC_SF_ASAMERManagerPickListValues"/>
  <testcase name="runTC_SF_ASAPACBrokerPickListValues" time="47.591" classname="testscripts.SF.Release37TestScripts.TC_SF_ASAPACBrokerPickListValues"/>
  <testcase name="runTC_SF_ABAMERBrokerPrivateNoteSharing" time="75.844" classname="testscripts.SF.RegressionTestScripts.TC_SF_ABAMERBrokerPrivateNoteSharing"/>
  <testcase name="runTC_SF_OBAMERBrokerPrivateNoteSharing" time="74.844" classname="testscripts.SF.RegressionTestScripts.TC_SF_OBAMERBrokerPrivateNoteSharing"/>
  <testcase name="runTC_SF_ABAMERBrokerPropertiesNewActivityNotificationEmailPage" time="26.814" classname="testscripts.SF.RegressionTestScripts.TC_SF_ABAMERBrokerPropertiesNewActivityNotificationEmailPage"/>
  <testcase name="runTC_SF_ABAMERBrokerPropertiesVerifyCustomEventPage" time="43.405" classname="testscripts.SF.RegressionTestScripts.TC_SF_ABAMERBrokerPropertiesVerifyCustomEventPage">
    <failure type="java.lang.AssertionError" message="Expected condition failed: waiting for visibility of Proxy element for: DefaultElementLocator &amp;apos;By.xpath: //label[text()=&amp;apos;Building/Property Name&amp;apos;]/parent::div/parent::div//div[contains(@class,&amp;apos;requiredInput&amp;apos;)]//input[contains(@id,&amp;apos;propertyEditForm&amp;apos;)]&amp;apos; (tried for 3 second(s) with 500 MILLISECONDS interval)
Build info: version: &amp;apos;3.0.1&amp;apos;, revision: &amp;apos;1969d75&amp;apos;, time: &amp;apos;2016-10-18 09:49:13 -0700&amp;apos;
System info: host: &amp;apos;TX604-7235QTD&amp;apos;, ip: &amp;apos;192.168.1.109&amp;apos;, os.name: &amp;apos;Windows 10&amp;apos;, os.arch: &amp;apos;amd64&amp;apos;, os.version: &amp;apos;10.0&amp;apos;, java.version: &amp;apos;1.8.0_162&amp;apos;
Driver info: org.openqa.selenium.chrome.ChromeDriver
Capabilities [{applicationCacheEnabled=false, rotatable=false, mobileEmulationEnabled=false, networkConnectionEnabled=false, chrome={chromedriverVersion=2.35.528161 (5b82f2d2aae0ca24b877009200ced9065a772e73), userDataDir=C:\Users\SBitra\AppData\Local\Temp\scoped_dir18772_23264}, takesHeapSnapshot=true, pageLoadStrategy=normal, databaseEnabled=false, handlesAlerts=true, hasTouchScreen=false, version=65.0.3325.162, platform=XP, browserConnectionEnabled=false, nativeEvents=true, acceptSslCerts=false, acceptInsecureCerts=false, locationContextEnabled=true, webStorageEnabled=true, browserName=chrome, takesScreenshot=true, javascriptEnabled=true, cssSelectorsEnabled=true, setWindowRect=true, unexpectedAlertBehaviour=}]
Session ID: fcb77448a83b2ce8b4e7950e0805f28f &amp;lt;b&amp;gt;Caused by: &amp;lt;/b&amp;gt;org.openqa.selenium.NoSuchElementException: no such element: Unable to locate element: {&amp;quot;method&amp;quot;:&amp;quot;xpath&amp;quot;,&amp;quot;selector&amp;quot;:&amp;quot;//label[text()=&amp;apos;Building/Property Name&amp;apos;]/parent::div/parent::div//div[contains(@class,&amp;apos;requiredInput&amp;apos;)]//input[contains(@id,&amp;apos;propertyEditForm&amp;apos;)]&amp;quot;}
  (Session info: chrome=65.0.3325.162)
  (Driver info: chromedriver=2.35.528161 (5b82f2d2aae0ca24b877009200ced9065a772e73),platform=Windows NT 10.0.14393 x86_64) (WARNING: The server did not provide any stacktrace information)
Command duration or timeout: 3.03 seconds
For documentation on this error, please visit: http://seleniumhq.org/exceptions/no_such_element.html
Build info: version: &amp;apos;3.0.1&amp;apos;, revision: &amp;apos;1969d75&amp;apos;, time: &amp;apos;2016-10-18 09:49:13 -0700&amp;apos;
System info: host: &amp;apos;TX604-7235QTD&amp;apos;, ip: &amp;apos;192.168.1.109&amp;apos;, os.name: &amp;apos;Windows 10&amp;apos;, os.arch: &amp;apos;amd64&amp;apos;, os.version: &amp;apos;10.0&amp;apos;, java.version: &amp;apos;1.8.0_162&amp;apos;
Driver info: org.openqa.selenium.chrome.ChromeDriver
Capabilities [{applicationCacheEnabled=false, rotatable=false, mobileEmulationEnabled=false, networkConnectionEnabled=false, chrome={chromedriverVersion=2.35.528161 (5b82f2d2aae0ca24b877009200ced9065a772e73), userDataDir=C:\Users\SBitra\AppData\Local\Temp\scoped_dir18772_23264}, takesHeapSnapshot=true, pageLoadStrategy=normal, databaseEnabled=false, handlesAlerts=true, hasTouchScreen=false, version=65.0.3325.162, platform=XP, browserConnectionEnabled=false, nativeEvents=true, acceptSslCerts=false, acceptInsecureCerts=false, locationContextEnabled=true, webStorageEnabled=true, browserName=chrome, takesScreenshot=true, javascriptEnabled=true, cssSelectorsEnabled=true, setWindowRect=true, unexpectedAlertBehaviour=}]
Session ID: fcb77448a83b2ce8b4e7950e0805f28f
*** Element info: {Using=xpath, value=//label[text()=&amp;apos;Building/Property Name&amp;apos;]/parent::div/parent::div//div[contains(@class,&amp;apos;requiredInput&amp;apos;)]//input[contains(@id,&amp;apos;propertyEditForm&amp;apos;)]}">
      <![CDATA[java.lang.AssertionError: Expected condition failed: waiting for visibility of Proxy element for: DefaultElementLocator 'By.xpath: //label[text()='Building/Property Name']/parent::div/parent::div//div[contains(@class,'requiredInput')]//input[contains(@id,'propertyEditForm')]' (tried for 3 second(s) with 500 MILLISECONDS interval)
Build info: version: '3.0.1', revision: '1969d75', time: '2016-10-18 09:49:13 -0700'
System info: host: 'TX604-7235QTD', ip: '192.168.1.109', os.name: 'Windows 10', os.arch: 'amd64', os.version: '10.0', java.version: '1.8.0_162'
Driver info: org.openqa.selenium.chrome.ChromeDriver
Capabilities [{applicationCacheEnabled=false, rotatable=false, mobileEmulationEnabled=false, networkConnectionEnabled=false, chrome={chromedriverVersion=2.35.528161 (5b82f2d2aae0ca24b877009200ced9065a772e73), userDataDir=C:\Users\SBitra\AppData\Local\Temp\scoped_dir18772_23264}, takesHeapSnapshot=true, pageLoadStrategy=normal, databaseEnabled=false, handlesAlerts=true, hasTouchScreen=false, version=65.0.3325.162, platform=XP, browserConnectionEnabled=false, nativeEvents=true, acceptSslCerts=false, acceptInsecureCerts=false, locationContextEnabled=true, webStorageEnabled=true, browserName=chrome, takesScreenshot=true, javascriptEnabled=true, cssSelectorsEnabled=true, setWindowRect=true, unexpectedAlertBehaviour=}]
Session ID: fcb77448a83b2ce8b4e7950e0805f28f <b>Caused by: </b>org.openqa.selenium.NoSuchElementException: no such element: Unable to locate element: {"method":"xpath","selector":"//label[text()='Building/Property Name']/parent::div/parent::div//div[contains(@class,'requiredInput')]//input[contains(@id,'propertyEditForm')]"}
  (Session info: chrome=65.0.3325.162)
  (Driver info: chromedriver=2.35.528161 (5b82f2d2aae0ca24b877009200ced9065a772e73),platform=Windows NT 10.0.14393 x86_64) (WARNING: The server did not provide any stacktrace information)
Command duration or timeout: 3.03 seconds
For documentation on this error, please visit: http://seleniumhq.org/exceptions/no_such_element.html
Build info: version: '3.0.1', revision: '1969d75', time: '2016-10-18 09:49:13 -0700'
System info: host: 'TX604-7235QTD', ip: '192.168.1.109', os.name: 'Windows 10', os.arch: 'amd64', os.version: '10.0', java.version: '1.8.0_162'
Driver info: org.openqa.selenium.chrome.ChromeDriver
Capabilities [{applicationCacheEnabled=false, rotatable=false, mobileEmulationEnabled=false, networkConnectionEnabled=false, chrome={chromedriverVersion=2.35.528161 (5b82f2d2aae0ca24b877009200ced9065a772e73), userDataDir=C:\Users\SBitra\AppData\Local\Temp\scoped_dir18772_23264}, takesHeapSnapshot=true, pageLoadStrategy=normal, databaseEnabled=false, handlesAlerts=true, hasTouchScreen=false, version=65.0.3325.162, platform=XP, browserConnectionEnabled=false, nativeEvents=true, acceptSslCerts=false, acceptInsecureCerts=false, locationContextEnabled=true, webStorageEnabled=true, browserName=chrome, takesScreenshot=true, javascriptEnabled=true, cssSelectorsEnabled=true, setWindowRect=true, unexpectedAlertBehaviour=}]
Session ID: fcb77448a83b2ce8b4e7950e0805f28f
*** Element info: {Using=xpath, value=//label[text()='Building/Property Name']/parent::div/parent::div//div[contains(@class,'requiredInput')]//input[contains(@id,'propertyEditForm')]}
	at com.cognizant.Craft.CRAFTTestCase.tearDownTestRunner(CRAFTTestCase.java:149)
	at testscripts.SF.RegressionTestScripts.TC_SF_ABAMERBrokerPropertiesVerifyCustomEventPage.runTC_SF_ABAMERBrokerPropertiesVerifyCustomEventPage(TC_SF_ABAMERBrokerPropertiesVerifyCustomEventPage.java:35)
	at java.util.concurrent.ThreadPoolExecutor.runWorker(Unknown Source)
	at java.util.concurrent.ThreadPoolExecutor$Worker.run(Unknown Source)
	at java.lang.Thread.run(Unknown Source)
... Removed 11 stack frames]]>
    </failure>
  </testcase> <!-- runTC_SF_ABAMERBrokerPropertiesVerifyCustomEventPage -->
  <testcase name="runTC_SF_ABAMERManagerPropertiesVerifyCustomEventPage" time="60.989" classname="testscripts.SF.RegressionTestScripts.TC_SF_ABAMERManagerPropertiesVerifyCustomEventPage">
    <failure type="java.lang.AssertionError" message="unknown error: unhandled inspector error: {&amp;quot;code&amp;quot;:-32000,&amp;quot;message&amp;quot;:&amp;quot;Cannot find context with specified id&amp;quot;}
  (Session info: chrome=65.0.3325.162)
  (Driver info: chromedriver=2.35.528161 (5b82f2d2aae0ca24b877009200ced9065a772e73),platform=Windows NT 10.0.14393 x86_64) (WARNING: The server did not provide any stacktrace information)
Command duration or timeout: 1.12 seconds
Build info: version: &amp;apos;3.0.1&amp;apos;, revision: &amp;apos;1969d75&amp;apos;, time: &amp;apos;2016-10-18 09:49:13 -0700&amp;apos;
System info: host: &amp;apos;TX604-7235QTD&amp;apos;, ip: &amp;apos;192.168.1.109&amp;apos;, os.name: &amp;apos;Windows 10&amp;apos;, os.arch: &amp;apos;amd64&amp;apos;, os.version: &amp;apos;10.0&amp;apos;, java.version: &amp;apos;1.8.0_162&amp;apos;
Driver info: org.openqa.selenium.chrome.ChromeDriver
Capabilities [{applicationCacheEnabled=false, rotatable=false, mobileEmulationEnabled=false, networkConnectionEnabled=false, chrome={chromedriverVersion=2.35.528161 (5b82f2d2aae0ca24b877009200ced9065a772e73), userDataDir=C:\Users\SBitra\AppData\Local\Temp\scoped_dir18864_27429}, takesHeapSnapshot=true, pageLoadStrategy=normal, databaseEnabled=false, handlesAlerts=true, hasTouchScreen=false, version=65.0.3325.162, platform=XP, browserConnectionEnabled=false, nativeEvents=true, acceptSslCerts=false, acceptInsecureCerts=false, locationContextEnabled=true, webStorageEnabled=true, browserName=chrome, takesScreenshot=true, javascriptEnabled=true, cssSelectorsEnabled=true, setWindowRect=true, unexpectedAlertBehaviour=}]
Session ID: e4c9cb767e94db8a1ceff529eac7952e
*** Element info: {Using=xpath, value=//a[@class=&amp;apos;tabHeader&amp;apos;]//span[text()=&amp;apos;Details&amp;apos;]}">
      <![CDATA[java.lang.AssertionError: unknown error: unhandled inspector error: {"code":-32000,"message":"Cannot find context with specified id"}
  (Session info: chrome=65.0.3325.162)
  (Driver info: chromedriver=2.35.528161 (5b82f2d2aae0ca24b877009200ced9065a772e73),platform=Windows NT 10.0.14393 x86_64) (WARNING: The server did not provide any stacktrace information)
Command duration or timeout: 1.12 seconds
Build info: version: '3.0.1', revision: '1969d75', time: '2016-10-18 09:49:13 -0700'
System info: host: 'TX604-7235QTD', ip: '192.168.1.109', os.name: 'Windows 10', os.arch: 'amd64', os.version: '10.0', java.version: '1.8.0_162'
Driver info: org.openqa.selenium.chrome.ChromeDriver
Capabilities [{applicationCacheEnabled=false, rotatable=false, mobileEmulationEnabled=false, networkConnectionEnabled=false, chrome={chromedriverVersion=2.35.528161 (5b82f2d2aae0ca24b877009200ced9065a772e73), userDataDir=C:\Users\SBitra\AppData\Local\Temp\scoped_dir18864_27429}, takesHeapSnapshot=true, pageLoadStrategy=normal, databaseEnabled=false, handlesAlerts=true, hasTouchScreen=false, version=65.0.3325.162, platform=XP, browserConnectionEnabled=false, nativeEvents=true, acceptSslCerts=false, acceptInsecureCerts=false, locationContextEnabled=true, webStorageEnabled=true, browserName=chrome, takesScreenshot=true, javascriptEnabled=true, cssSelectorsEnabled=true, setWindowRect=true, unexpectedAlertBehaviour=}]
Session ID: e4c9cb767e94db8a1ceff529eac7952e
*** Element info: {Using=xpath, value=//a[@class='tabHeader']//span[text()='Details']}
	at com.cognizant.Craft.CRAFTTestCase.tearDownTestRunner(CRAFTTestCase.java:149)
	at testscripts.SF.RegressionTestScripts.TC_SF_ABAMERManagerPropertiesVerifyCustomEventPage.runTC_SF_ABAMERManagerPropertiesVerifyCustomEventPage(TC_SF_ABAMERManagerPropertiesVerifyCustomEventPage.java:35)
	at java.util.concurrent.ThreadPoolExecutor.runWorker(Unknown Source)
	at java.util.concurrent.ThreadPoolExecutor$Worker.run(Unknown Source)
	at java.lang.Thread.run(Unknown Source)
... Removed 11 stack frames]]>
    </failure>
  </testcase> <!-- runTC_SF_ABAMERManagerPropertiesVerifyCustomEventPage -->
  <testcase name="runTC_SF_CMAMERBrokerPropertiesVerifyCustomEventPage" time="59.593" classname="testscripts.SF.RegressionTestScripts.TC_SF_CMAMERBrokerPropertiesVerifyCustomEventPage"/>
  <testcase name="runTC_SF_CMAMERManagerPropertiesVerifyCustomEventPage" time="58.182" classname="testscripts.SF.RegressionTestScripts.TC_SF_CMAMERManagerPropertiesVerifyCustomEventPage"/>
  <testcase name="runTC_SF_OBAMERBrokerPropertiesVerifyCustomEventPage" time="58.704" classname="testscripts.SF.RegressionTestScripts.TC_SF_OBAMERBrokerPropertiesVerifyCustomEventPage"/>
  <testcase name="runTC_SF_OBAMERManagerPropertiesVerifyCustomEventPage" time="58.606" classname="testscripts.SF.RegressionTestScripts.TC_SF_OBAMERManagerPropertiesVerifyCustomEventPage"/>
  <testcase name="runTC_SF_ASEMEABrokerRFPAndPitchDueDateFields" time="81.94" classname="testscripts.SF.Release37TestScripts.TC_SF_ASEMEABrokerRFPAndPitchDueDateFields"/>
  <testcase name="runTC_SF_GWSAPACBrokerStage01PhaseProbability" time="21.876" classname="testscripts.SF.RegressionTestScriptsOpp.TC_SF_GWSAPACBrokerStage01PhaseProbability">
    <failure type="java.lang.AssertionError" message="unknown error: Element &amp;lt;div class=&amp;quot;slds-truncate&amp;quot; title=&amp;quot;...&amp;quot; data-aura-rendered-by=&amp;quot;1666:0&amp;quot; style=&amp;quot;border: 2px solid yellow;&amp;quot;&amp;gt;New&amp;lt;/div&amp;gt; is not clickable at point (1286, 180). Other element would receive the click: &amp;lt;a href=&amp;quot;javascript:void(0);&amp;quot; title=&amp;quot;New&amp;quot; data-aura-rendered-by=&amp;quot;1665:0&amp;quot; class=&amp;quot;forceActionLink&amp;quot; data-aura-class=&amp;quot;forceActionLink&amp;quot;&amp;gt;...&amp;lt;/a&amp;gt;
  (Session info: chrome=65.0.3325.162)
  (Driver info: chromedriver=2.35.528161 (5b82f2d2aae0ca24b877009200ced9065a772e73),platform=Windows NT 10.0.14393 x86_64) (WARNING: The server did not provide any stacktrace information)
Command duration or timeout: 426 milliseconds
Build info: version: &amp;apos;3.0.1&amp;apos;, revision: &amp;apos;1969d75&amp;apos;, time: &amp;apos;2016-10-18 09:49:13 -0700&amp;apos;
System info: host: &amp;apos;TX604-7235QTD&amp;apos;, ip: &amp;apos;192.168.1.109&amp;apos;, os.name: &amp;apos;Windows 10&amp;apos;, os.arch: &amp;apos;amd64&amp;apos;, os.version: &amp;apos;10.0&amp;apos;, java.version: &amp;apos;1.8.0_162&amp;apos;
Driver info: org.openqa.selenium.chrome.ChromeDriver
Capabilities [{applicationCacheEnabled=false, rotatable=false, mobileEmulationEnabled=false, networkConnectionEnabled=false, chrome={chromedriverVersion=2.35.528161 (5b82f2d2aae0ca24b877009200ced9065a772e73), userDataDir=C:\Users\SBitra\AppData\Local\Temp\scoped_dir13664_30735}, takesHeapSnapshot=true, pageLoadStrategy=normal, databaseEnabled=false, handlesAlerts=true, hasTouchScreen=false, version=65.0.3325.162, platform=XP, browserConnectionEnabled=false, nativeEvents=true, acceptSslCerts=false, acceptInsecureCerts=false, locationContextEnabled=true, webStorageEnabled=true, browserName=chrome, takesScreenshot=true, javascriptEnabled=true, cssSelectorsEnabled=true, setWindowRect=true, unexpectedAlertBehaviour=}]
Session ID: 56e3d5ce2729053b17ec0dbce7138de3">
      <![CDATA[java.lang.AssertionError: unknown error: Element <div class="slds-truncate" title="..." data-aura-rendered-by="1666:0" style="border: 2px solid yellow;">New</div> is not clickable at point (1286, 180). Other element would receive the click: <a href="javascript:void(0);" title="New" data-aura-rendered-by="1665:0" class="forceActionLink" data-aura-class="forceActionLink">...</a>
  (Session info: chrome=65.0.3325.162)
  (Driver info: chromedriver=2.35.528161 (5b82f2d2aae0ca24b877009200ced9065a772e73),platform=Windows NT 10.0.14393 x86_64) (WARNING: The server did not provide any stacktrace information)
Command duration or timeout: 426 milliseconds
Build info: version: '3.0.1', revision: '1969d75', time: '2016-10-18 09:49:13 -0700'
System info: host: 'TX604-7235QTD', ip: '192.168.1.109', os.name: 'Windows 10', os.arch: 'amd64', os.version: '10.0', java.version: '1.8.0_162'
Driver info: org.openqa.selenium.chrome.ChromeDriver
Capabilities [{applicationCacheEnabled=false, rotatable=false, mobileEmulationEnabled=false, networkConnectionEnabled=false, chrome={chromedriverVersion=2.35.528161 (5b82f2d2aae0ca24b877009200ced9065a772e73), userDataDir=C:\Users\SBitra\AppData\Local\Temp\scoped_dir13664_30735}, takesHeapSnapshot=true, pageLoadStrategy=normal, databaseEnabled=false, handlesAlerts=true, hasTouchScreen=false, version=65.0.3325.162, platform=XP, browserConnectionEnabled=false, nativeEvents=true, acceptSslCerts=false, acceptInsecureCerts=false, locationContextEnabled=true, webStorageEnabled=true, browserName=chrome, takesScreenshot=true, javascriptEnabled=true, cssSelectorsEnabled=true, setWindowRect=true, unexpectedAlertBehaviour=}]
Session ID: 56e3d5ce2729053b17ec0dbce7138de3
	at com.cognizant.Craft.CRAFTTestCase.tearDownTestRunner(CRAFTTestCase.java:149)
	at testscripts.SF.RegressionTestScriptsOpp.TC_SF_GWSAPACBrokerStage01PhaseProbability.runTC_SF_GWSAPACBrokerStage01PhaseProbability(TC_SF_GWSAPACBrokerStage01PhaseProbability.java:34)
	at java.util.concurrent.ThreadPoolExecutor.runWorker(Unknown Source)
	at java.util.concurrent.ThreadPoolExecutor$Worker.run(Unknown Source)
	at java.lang.Thread.run(Unknown Source)
... Removed 11 stack frames]]>
    </failure>
  </testcase> <!-- runTC_SF_GWSAPACBrokerStage01PhaseProbability -->
  <testcase name="runTC_SF_GWSAPACBrokerStage01PhaseProbability" time="45.21" classname="testscripts.SF.RegressionTestScriptsOpp.TC_SF_GWSAPACBrokerStage02PhaseProbability">
    <failure type="java.lang.AssertionError" message="Phase and Probability populated are not as expected:::">
      <![CDATA[java.lang.AssertionError: Phase and Probability populated are not as expected:::
	at com.cognizant.Craft.CRAFTTestCase.tearDownTestRunner(CRAFTTestCase.java:149)
	at testscripts.SF.RegressionTestScriptsOpp.TC_SF_GWSAPACBrokerStage02PhaseProbability.runTC_SF_GWSAPACBrokerStage01PhaseProbability(TC_SF_GWSAPACBrokerStage02PhaseProbability.java:34)
	at java.util.concurrent.ThreadPoolExecutor.runWorker(Unknown Source)
	at java.util.concurrent.ThreadPoolExecutor$Worker.run(Unknown Source)
	at java.lang.Thread.run(Unknown Source)
... Removed 11 stack frames]]>
    </failure>
  </testcase> <!-- runTC_SF_GWSAPACBrokerStage01PhaseProbability -->
  <testcase name="runTC_SF_GWSAPACBrokerStage03PhaseProbability" time="45.475" classname="testscripts.SF.RegressionTestScriptsOpp.TC_SF_GWSAPACBrokerStage03PhaseProbability">
    <failure type="java.lang.AssertionError" message="java.lang.NullPointerException">
      <![CDATA[java.lang.AssertionError: java.lang.NullPointerException
	at com.cognizant.Craft.CRAFTTestCase.tearDownTestRunner(CRAFTTestCase.java:149)
	at testscripts.SF.RegressionTestScriptsOpp.TC_SF_GWSAPACBrokerStage03PhaseProbability.runTC_SF_GWSAPACBrokerStage03PhaseProbability(TC_SF_GWSAPACBrokerStage03PhaseProbability.java:34)
	at java.util.concurrent.ThreadPoolExecutor.runWorker(Unknown Source)
	at java.util.concurrent.ThreadPoolExecutor$Worker.run(Unknown Source)
	at java.lang.Thread.run(Unknown Source)
... Removed 11 stack frames]]>
    </failure>
  </testcase> <!-- runTC_SF_GWSAPACBrokerStage03PhaseProbability -->
  <testcase name="runTC_SF_GWSAPACBrokerStage04PhaseProbability" time="46.826" classname="testscripts.SF.RegressionTestScriptsOpp.TC_SF_GWSAPACBrokerStage04PhaseProbability">
    <failure type="java.lang.AssertionError" message="java.lang.NullPointerException">
      <![CDATA[java.lang.AssertionError: java.lang.NullPointerException
	at com.cognizant.Craft.CRAFTTestCase.tearDownTestRunner(CRAFTTestCase.java:149)
	at testscripts.SF.RegressionTestScriptsOpp.TC_SF_GWSAPACBrokerStage04PhaseProbability.runTC_SF_GWSAPACBrokerStage04PhaseProbability(TC_SF_GWSAPACBrokerStage04PhaseProbability.java:34)
	at java.util.concurrent.ThreadPoolExecutor.runWorker(Unknown Source)
	at java.util.concurrent.ThreadPoolExecutor$Worker.run(Unknown Source)
	at java.lang.Thread.run(Unknown Source)
... Removed 11 stack frames]]>
    </failure>
  </testcase> <!-- runTC_SF_GWSAPACBrokerStage04PhaseProbability -->
  <testcase name="runTC_SF_GWSAPACBrokerStage05PhaseProbability" time="44.713" classname="testscripts.SF.RegressionTestScriptsOpp.TC_SF_GWSAPACBrokerStage05PhaseProbability"/>
  <testcase name="runTC_SF_GWSAPACBrokerStage06PhaseProbability" time="47.638" classname="testscripts.SF.RegressionTestScriptsOpp.TC_SF_GWSAPACBrokerStage06PhaseProbability"/>
  <testcase name="runTC_SF_GWSAPACBrokerStage07PhaseProbability" time="40.802" classname="testscripts.SF.RegressionTestScriptsOpp.TC_SF_GWSAPACBrokerStage07PhaseProbability">
    <failure type="java.lang.AssertionError" message="Expected condition failed: waiting for visibility of Proxy element for: DefaultElementLocator &amp;apos;By.xpath: //button[text()=&amp;apos;Continue&amp;apos;]&amp;apos; (tried for 3 second(s) with 500 MILLISECONDS interval)
Build info: version: &amp;apos;3.0.1&amp;apos;, revision: &amp;apos;1969d75&amp;apos;, time: &amp;apos;2016-10-18 09:49:13 -0700&amp;apos;
System info: host: &amp;apos;TX604-7235QTD&amp;apos;, ip: &amp;apos;192.168.1.109&amp;apos;, os.name: &amp;apos;Windows 10&amp;apos;, os.arch: &amp;apos;amd64&amp;apos;, os.version: &amp;apos;10.0&amp;apos;, java.version: &amp;apos;1.8.0_162&amp;apos;
Driver info: org.openqa.selenium.chrome.ChromeDriver
Capabilities [{applicationCacheEnabled=false, rotatable=false, mobileEmulationEnabled=false, networkConnectionEnabled=false, chrome={chromedriverVersion=2.35.528161 (5b82f2d2aae0ca24b877009200ced9065a772e73), userDataDir=C:\Users\SBitra\AppData\Local\Temp\scoped_dir20028_1288}, takesHeapSnapshot=true, pageLoadStrategy=normal, databaseEnabled=false, handlesAlerts=true, hasTouchScreen=false, version=65.0.3325.162, platform=XP, browserConnectionEnabled=false, nativeEvents=true, acceptSslCerts=false, acceptInsecureCerts=false, locationContextEnabled=true, webStorageEnabled=true, browserName=chrome, takesScreenshot=true, javascriptEnabled=true, cssSelectorsEnabled=true, setWindowRect=true, unexpectedAlertBehaviour=}]
Session ID: a61472ae90432ec3ee4c3b375fbf48b6 &amp;lt;b&amp;gt;Caused by: &amp;lt;/b&amp;gt;org.openqa.selenium.NoSuchElementException: no such element: Unable to locate element: {&amp;quot;method&amp;quot;:&amp;quot;xpath&amp;quot;,&amp;quot;selector&amp;quot;:&amp;quot;//button[text()=&amp;apos;Continue&amp;apos;]&amp;quot;}
  (Session info: chrome=65.0.3325.162)
  (Driver info: chromedriver=2.35.528161 (5b82f2d2aae0ca24b877009200ced9065a772e73),platform=Windows NT 10.0.14393 x86_64) (WARNING: The server did not provide any stacktrace information)
Command duration or timeout: 3.01 seconds
For documentation on this error, please visit: http://seleniumhq.org/exceptions/no_such_element.html
Build info: version: &amp;apos;3.0.1&amp;apos;, revision: &amp;apos;1969d75&amp;apos;, time: &amp;apos;2016-10-18 09:49:13 -0700&amp;apos;
System info: host: &amp;apos;TX604-7235QTD&amp;apos;, ip: &amp;apos;192.168.1.109&amp;apos;, os.name: &amp;apos;Windows 10&amp;apos;, os.arch: &amp;apos;amd64&amp;apos;, os.version: &amp;apos;10.0&amp;apos;, java.version: &amp;apos;1.8.0_162&amp;apos;
Driver info: org.openqa.selenium.chrome.ChromeDriver
Capabilities [{applicationCacheEnabled=false, rotatable=false, mobileEmulationEnabled=false, networkConnectionEnabled=false, chrome={chromedriverVersion=2.35.528161 (5b82f2d2aae0ca24b877009200ced9065a772e73), userDataDir=C:\Users\SBitra\AppData\Local\Temp\scoped_dir20028_1288}, takesHeapSnapshot=true, pageLoadStrategy=normal, databaseEnabled=false, handlesAlerts=true, hasTouchScreen=false, version=65.0.3325.162, platform=XP, browserConnectionEnabled=false, nativeEvents=true, acceptSslCerts=false, acceptInsecureCerts=false, locationContextEnabled=true, webStorageEnabled=true, browserName=chrome, takesScreenshot=true, javascriptEnabled=true, cssSelectorsEnabled=true, setWindowRect=true, unexpectedAlertBehaviour=}]
Session ID: a61472ae90432ec3ee4c3b375fbf48b6
*** Element info: {Using=xpath, value=//button[text()=&amp;apos;Continue&amp;apos;]}">
      <![CDATA[java.lang.AssertionError: Expected condition failed: waiting for visibility of Proxy element for: DefaultElementLocator 'By.xpath: //button[text()='Continue']' (tried for 3 second(s) with 500 MILLISECONDS interval)
Build info: version: '3.0.1', revision: '1969d75', time: '2016-10-18 09:49:13 -0700'
System info: host: 'TX604-7235QTD', ip: '192.168.1.109', os.name: 'Windows 10', os.arch: 'amd64', os.version: '10.0', java.version: '1.8.0_162'
Driver info: org.openqa.selenium.chrome.ChromeDriver
Capabilities [{applicationCacheEnabled=false, rotatable=false, mobileEmulationEnabled=false, networkConnectionEnabled=false, chrome={chromedriverVersion=2.35.528161 (5b82f2d2aae0ca24b877009200ced9065a772e73), userDataDir=C:\Users\SBitra\AppData\Local\Temp\scoped_dir20028_1288}, takesHeapSnapshot=true, pageLoadStrategy=normal, databaseEnabled=false, handlesAlerts=true, hasTouchScreen=false, version=65.0.3325.162, platform=XP, browserConnectionEnabled=false, nativeEvents=true, acceptSslCerts=false, acceptInsecureCerts=false, locationContextEnabled=true, webStorageEnabled=true, browserName=chrome, takesScreenshot=true, javascriptEnabled=true, cssSelectorsEnabled=true, setWindowRect=true, unexpectedAlertBehaviour=}]
Session ID: a61472ae90432ec3ee4c3b375fbf48b6 <b>Caused by: </b>org.openqa.selenium.NoSuchElementException: no such element: Unable to locate element: {"method":"xpath","selector":"//button[text()='Continue']"}
  (Session info: chrome=65.0.3325.162)
  (Driver info: chromedriver=2.35.528161 (5b82f2d2aae0ca24b877009200ced9065a772e73),platform=Windows NT 10.0.14393 x86_64) (WARNING: The server did not provide any stacktrace information)
Command duration or timeout: 3.01 seconds
For documentation on this error, please visit: http://seleniumhq.org/exceptions/no_such_element.html
Build info: version: '3.0.1', revision: '1969d75', time: '2016-10-18 09:49:13 -0700'
System info: host: 'TX604-7235QTD', ip: '192.168.1.109', os.name: 'Windows 10', os.arch: 'amd64', os.version: '10.0', java.version: '1.8.0_162'
Driver info: org.openqa.selenium.chrome.ChromeDriver
Capabilities [{applicationCacheEnabled=false, rotatable=false, mobileEmulationEnabled=false, networkConnectionEnabled=false, chrome={chromedriverVersion=2.35.528161 (5b82f2d2aae0ca24b877009200ced9065a772e73), userDataDir=C:\Users\SBitra\AppData\Local\Temp\scoped_dir20028_1288}, takesHeapSnapshot=true, pageLoadStrategy=normal, databaseEnabled=false, handlesAlerts=true, hasTouchScreen=false, version=65.0.3325.162, platform=XP, browserConnectionEnabled=false, nativeEvents=true, acceptSslCerts=false, acceptInsecureCerts=false, locationContextEnabled=true, webStorageEnabled=true, browserName=chrome, takesScreenshot=true, javascriptEnabled=true, cssSelectorsEnabled=true, setWindowRect=true, unexpectedAlertBehaviour=}]
Session ID: a61472ae90432ec3ee4c3b375fbf48b6
*** Element info: {Using=xpath, value=//button[text()='Continue']}
	at com.cognizant.Craft.CRAFTTestCase.tearDownTestRunner(CRAFTTestCase.java:149)
	at testscripts.SF.RegressionTestScriptsOpp.TC_SF_GWSAPACBrokerStage07PhaseProbability.runTC_SF_GWSAPACBrokerStage07PhaseProbability(TC_SF_GWSAPACBrokerStage07PhaseProbability.java:34)
	at java.util.concurrent.ThreadPoolExecutor.runWorker(Unknown Source)
	at java.util.concurrent.ThreadPoolExecutor$Worker.run(Unknown Source)
	at java.lang.Thread.run(Unknown Source)
... Removed 11 stack frames]]>
    </failure>
  </testcase> <!-- runTC_SF_GWSAPACBrokerStage07PhaseProbability -->
  <testcase name="runTC_SF_GWSAPACBrokerStage08PhaseProbability" time="44.483" classname="testscripts.SF.RegressionTestScriptsOpp.TC_SF_GWSAPACBrokerStage08PhaseProbability"/>
  <testcase name="runTC_SF_GWSAPACBrokerStage10PhaseProbability" time="65.6" classname="testscripts.SF.RegressionTestScriptsOpp.TC_SF_GWSAPACBrokerStage10PhaseProbability"/>
  <testcase name="runTC_SF_GWSAPACBrokerStage11PhaseProbability" time="45.686" classname="testscripts.SF.RegressionTestScriptsOpp.TC_SF_GWSAPACBrokerStage11PhaseProbability"/>
  <testcase name="runTC_SF_GWSAPACBrokerStage12PhaseProbability" time="45.723" classname="testscripts.SF.RegressionTestScriptsOpp.TC_SF_GWSAPACBrokerStage12PhaseProbability">
    <failure type="java.lang.AssertionError" message="java.lang.NullPointerException">
      <![CDATA[java.lang.AssertionError: java.lang.NullPointerException
	at com.cognizant.Craft.CRAFTTestCase.tearDownTestRunner(CRAFTTestCase.java:149)
	at testscripts.SF.RegressionTestScriptsOpp.TC_SF_GWSAPACBrokerStage12PhaseProbability.runTC_SF_GWSAPACBrokerStage12PhaseProbability(TC_SF_GWSAPACBrokerStage12PhaseProbability.java:34)
	at java.util.concurrent.ThreadPoolExecutor.runWorker(Unknown Source)
	at java.util.concurrent.ThreadPoolExecutor$Worker.run(Unknown Source)
	at java.lang.Thread.run(Unknown Source)
... Removed 11 stack frames]]>
    </failure>
  </testcase> <!-- runTC_SF_GWSAPACBrokerStage12PhaseProbability -->
  <testcase name="runTC_SF_ASAPACBrokerStateStreetPickListValue" time="52.734" classname="testscripts.SF.Release37TestScripts.TC_SF_ASAPACBrokerStateStreetPickListValue"/>
  <testcase name="runTC_SF_VASAPACBrokerOpportunityNameAutoGenerate" time="57.154" classname="testscripts.SF.RegressionTestScriptsOpp.TC_SF_VASAPACBrokerOpportunityNameAutoGenerate"/>
</testsuite> <!-- SmokeRegTests -->
