<html>
<head>
<title>TestNG:  Smoke Test</title>
<link href="../testng.css" rel="stylesheet" type="text/css" />
<link href="../my-testng.css" rel="stylesheet" type="text/css" />

<style type="text/css">
.log { display: none;} 
.stack-trace { display: none;} 
</style>
<script type="text/javascript">
<!--
function flip(e) {
  current = e.style.display;
  if (current == 'block') {
    e.style.display = 'none';
    return 0;
  }
  else {
    e.style.display = 'block';
    return 1;
  }
}

function toggleBox(szDivId, elem, msg1, msg2)
{
  var res = -1;  if (document.getElementById) {
    res = flip(document.getElementById(szDivId));
  }
  else if (document.all) {
    // this is the way old msie versions work
    res = flip(document.all[szDivId]);
  }
  if(elem) {
    if(res == 0) elem.innerHTML = msg1; else elem.innerHTML = msg2;
  }

}

function toggleAllBoxes() {
  if (document.getElementsByTagName) {
    d = document.getElementsByTagName('div');
    for (i = 0; i < d.length; i++) {
      if (d[i].className == 'log') {
        flip(d[i]);
      }
    }
  }
}

// -->
</script>

</head>
<body>
<h2 align='center'>Smoke Test</h2><table border='1' align="center">
<tr>
<td>Tests passed/Failed/Skipped:</td><td>0/24/0</td>
</tr><tr>
<td>Started on:</td><td>Tue Apr 18 21:33:28 CDT 2017</td>
</tr>
<tr><td>Total time:</td><td>310 seconds (310151 ms)</td>
</tr><tr>
<td>Included groups:</td><td></td>
</tr><tr>
<td>Excluded groups:</td><td></td>
</tr>
</table><p/>
<small><i>(Hover the method name to see the test class name)</i></small><p/>
<table width='100%' border='1' class='invocation-failed'>
<tr><td colspan='4' align='center'><b>FAILED TESTS</b></td></tr>
<tr><td><b>Test method</b></td>
<td width="30%"><b>Exception</b></td>
<td width="10%"><b>Time (seconds)</b></td>
<td><b>Instance</b></td>
</tr>
<tr>
<td title='testscripts.SF.SmokeTestScripts.TC_SF_AdminConvertLead.runTC_SF_AdminConvertLead()'><b>runTC_SF_AdminConvertLead</b><br>Test class: testscripts.SF.SmokeTestScripts.TC_SF_AdminConvertLead<br>Parameters: Instance1, LOCAL, WINDOWS</td>
<td><div><pre>java.lang.AssertionError: java.lang.NullPointerException
	at com.cognizant.Craft.CRAFTTestCase.tearDownTestRunner(CRAFTTestCase.java:105)
	at testscripts.SF.SmokeTestScripts.TC_SF_AdminConvertLead.runTC_SF_AdminConvertLead(TC_SF_AdminConvertLead.java:34)
	at java.util.concurrent.ThreadPoolExecutor.runWorker(Unknown Source)
	at java.util.concurrent.ThreadPoolExecutor$Worker.run(Unknown Source)
	at java.lang.Thread.run(Unknown Source)
... Removed 11 stack frames</pre></div><a href='#' onClick='toggleBox("stack-trace620590327", this, "Click to show all stack frames", "Click to hide stack frames")'>Click to show all stack frames</a>
<div class='stack-trace' id='stack-trace620590327'><pre>java.lang.AssertionError: java.lang.NullPointerException
	at org.testng.Assert.fail(Assert.java:94)
	at com.cognizant.Craft.CRAFTTestCase.tearDownTestRunner(CRAFTTestCase.java:105)
	at testscripts.SF.SmokeTestScripts.TC_SF_AdminConvertLead.runTC_SF_AdminConvertLead(TC_SF_AdminConvertLead.java:34)
	at sun.reflect.NativeMethodAccessorImpl.invoke0(Native Method)
	at sun.reflect.NativeMethodAccessorImpl.invoke(Unknown Source)
	at sun.reflect.DelegatingMethodAccessorImpl.invoke(Unknown Source)
	at java.lang.reflect.Method.invoke(Unknown Source)
	at org.testng.internal.MethodInvocationHelper.invokeMethod(MethodInvocationHelper.java:86)
	at org.testng.internal.Invoker.invokeMethod(Invoker.java:643)
	at org.testng.internal.Invoker.invokeTestMethod(Invoker.java:820)
	at org.testng.internal.Invoker.invokeTestMethods(Invoker.java:1128)
	at org.testng.internal.TestMethodWorker.invokeTestMethods(TestMethodWorker.java:129)
	at org.testng.internal.TestMethodWorker.run(TestMethodWorker.java:112)
	at java.util.concurrent.ThreadPoolExecutor.runWorker(Unknown Source)
	at java.util.concurrent.ThreadPoolExecutor$Worker.run(Unknown Source)
	at java.lang.Thread.run(Unknown Source)
</pre></div></td>
<td>24</td>
<td>testscripts.SF.SmokeTestScripts.TC_SF_AdminConvertLead@29ca901e</td></tr>
<tr>
<td title='testscripts.SF.SmokeTestScripts.TC_SF_AdminHomePageLinks.runTC_SF_AdminHomePageLinks()'><b>runTC_SF_AdminHomePageLinks</b><br>Test class: testscripts.SF.SmokeTestScripts.TC_SF_AdminHomePageLinks<br>Parameters: Instance1, LOCAL, WINDOWS</td>
<td><div><pre>java.lang.AssertionError: java.lang.NullPointerException
	at com.cognizant.Craft.CRAFTTestCase.tearDownTestRunner(CRAFTTestCase.java:105)
	at testscripts.SF.SmokeTestScripts.TC_SF_AdminHomePageLinks.runTC_SF_AdminHomePageLinks(TC_SF_AdminHomePageLinks.java:34)
	at java.util.concurrent.ThreadPoolExecutor.runWorker(Unknown Source)
	at java.util.concurrent.ThreadPoolExecutor$Worker.run(Unknown Source)
	at java.lang.Thread.run(Unknown Source)
... Removed 11 stack frames</pre></div><a href='#' onClick='toggleBox("stack-trace759370259", this, "Click to show all stack frames", "Click to hide stack frames")'>Click to show all stack frames</a>
<div class='stack-trace' id='stack-trace759370259'><pre>java.lang.AssertionError: java.lang.NullPointerException
	at org.testng.Assert.fail(Assert.java:94)
	at com.cognizant.Craft.CRAFTTestCase.tearDownTestRunner(CRAFTTestCase.java:105)
	at testscripts.SF.SmokeTestScripts.TC_SF_AdminHomePageLinks.runTC_SF_AdminHomePageLinks(TC_SF_AdminHomePageLinks.java:34)
	at sun.reflect.NativeMethodAccessorImpl.invoke0(Native Method)
	at sun.reflect.NativeMethodAccessorImpl.invoke(Unknown Source)
	at sun.reflect.DelegatingMethodAccessorImpl.invoke(Unknown Source)
	at java.lang.reflect.Method.invoke(Unknown Source)
	at org.testng.internal.MethodInvocationHelper.invokeMethod(MethodInvocationHelper.java:86)
	at org.testng.internal.Invoker.invokeMethod(Invoker.java:643)
	at org.testng.internal.Invoker.invokeTestMethod(Invoker.java:820)
	at org.testng.internal.Invoker.invokeTestMethods(Invoker.java:1128)
	at org.testng.internal.TestMethodWorker.invokeTestMethods(TestMethodWorker.java:129)
	at org.testng.internal.TestMethodWorker.run(TestMethodWorker.java:112)
	at java.util.concurrent.ThreadPoolExecutor.runWorker(Unknown Source)
	at java.util.concurrent.ThreadPoolExecutor$Worker.run(Unknown Source)
	at java.lang.Thread.run(Unknown Source)
</pre></div></td>
<td>30</td>
<td>testscripts.SF.SmokeTestScripts.TC_SF_AdminHomePageLinks@4bec1f0c</td></tr>
<tr>
<td title='testscripts.SF.SmokeTestScripts.TC_SF_AdminLogin.runTC_SF_AdminLogin()'><b>runTC_SF_AdminLogin</b><br>Test class: testscripts.SF.SmokeTestScripts.TC_SF_AdminLogin<br>Parameters: Instance1, LOCAL, WINDOWS</td>
<td><div><pre>java.lang.AssertionError: java.lang.NullPointerException
	at com.cognizant.Craft.CRAFTTestCase.tearDownTestRunner(CRAFTTestCase.java:105)
	at testscripts.SF.SmokeTestScripts.TC_SF_AdminLogin.runTC_SF_AdminLogin(TC_SF_AdminLogin.java:34)
	at java.util.concurrent.ThreadPoolExecutor.runWorker(Unknown Source)
	at java.util.concurrent.ThreadPoolExecutor$Worker.run(Unknown Source)
	at java.lang.Thread.run(Unknown Source)
... Removed 11 stack frames</pre></div><a href='#' onClick='toggleBox("stack-trace973390449", this, "Click to show all stack frames", "Click to hide stack frames")'>Click to show all stack frames</a>
<div class='stack-trace' id='stack-trace973390449'><pre>java.lang.AssertionError: java.lang.NullPointerException
	at org.testng.Assert.fail(Assert.java:94)
	at com.cognizant.Craft.CRAFTTestCase.tearDownTestRunner(CRAFTTestCase.java:105)
	at testscripts.SF.SmokeTestScripts.TC_SF_AdminLogin.runTC_SF_AdminLogin(TC_SF_AdminLogin.java:34)
	at sun.reflect.NativeMethodAccessorImpl.invoke0(Native Method)
	at sun.reflect.NativeMethodAccessorImpl.invoke(Unknown Source)
	at sun.reflect.DelegatingMethodAccessorImpl.invoke(Unknown Source)
	at java.lang.reflect.Method.invoke(Unknown Source)
	at org.testng.internal.MethodInvocationHelper.invokeMethod(MethodInvocationHelper.java:86)
	at org.testng.internal.Invoker.invokeMethod(Invoker.java:643)
	at org.testng.internal.Invoker.invokeTestMethod(Invoker.java:820)
	at org.testng.internal.Invoker.invokeTestMethods(Invoker.java:1128)
	at org.testng.internal.TestMethodWorker.invokeTestMethods(TestMethodWorker.java:129)
	at org.testng.internal.TestMethodWorker.run(TestMethodWorker.java:112)
	at java.util.concurrent.ThreadPoolExecutor.runWorker(Unknown Source)
	at java.util.concurrent.ThreadPoolExecutor$Worker.run(Unknown Source)
	at java.lang.Thread.run(Unknown Source)
</pre></div></td>
<td>17</td>
<td>testscripts.SF.SmokeTestScripts.TC_SF_AdminLogin@73846619</td></tr>
<tr>
<td title='testscripts.SF.SmokeTestScripts.TC_SF_AdminValidateCustomerPropertyPage.runTC_SF_AdminValidateCustomerPropertyPage()'><b>runTC_SF_AdminValidateCustomerPropertyPage</b><br>Test class: testscripts.SF.SmokeTestScripts.TC_SF_AdminValidateCustomerPropertyPage<br>Parameters: Instance1, LOCAL, WINDOWS</td>
<td><div><pre>java.lang.AssertionError: java.lang.NullPointerException
	at com.cognizant.Craft.CRAFTTestCase.tearDownTestRunner(CRAFTTestCase.java:105)
	at testscripts.SF.SmokeTestScripts.TC_SF_AdminValidateCustomerPropertyPage.runTC_SF_AdminValidateCustomerPropertyPage(TC_SF_AdminValidateCustomerPropertyPage.java:34)
	at java.util.concurrent.ThreadPoolExecutor.runWorker(Unknown Source)
	at java.util.concurrent.ThreadPoolExecutor$Worker.run(Unknown Source)
	at java.lang.Thread.run(Unknown Source)
... Removed 11 stack frames</pre></div><a href='#' onClick='toggleBox("stack-trace1105334879", this, "Click to show all stack frames", "Click to hide stack frames")'>Click to show all stack frames</a>
<div class='stack-trace' id='stack-trace1105334879'><pre>java.lang.AssertionError: java.lang.NullPointerException
	at org.testng.Assert.fail(Assert.java:94)
	at com.cognizant.Craft.CRAFTTestCase.tearDownTestRunner(CRAFTTestCase.java:105)
	at testscripts.SF.SmokeTestScripts.TC_SF_AdminValidateCustomerPropertyPage.runTC_SF_AdminValidateCustomerPropertyPage(TC_SF_AdminValidateCustomerPropertyPage.java:34)
	at sun.reflect.NativeMethodAccessorImpl.invoke0(Native Method)
	at sun.reflect.NativeMethodAccessorImpl.invoke(Unknown Source)
	at sun.reflect.DelegatingMethodAccessorImpl.invoke(Unknown Source)
	at java.lang.reflect.Method.invoke(Unknown Source)
	at org.testng.internal.MethodInvocationHelper.invokeMethod(MethodInvocationHelper.java:86)
	at org.testng.internal.Invoker.invokeMethod(Invoker.java:643)
	at org.testng.internal.Invoker.invokeTestMethod(Invoker.java:820)
	at org.testng.internal.Invoker.invokeTestMethods(Invoker.java:1128)
	at org.testng.internal.TestMethodWorker.invokeTestMethods(TestMethodWorker.java:129)
	at org.testng.internal.TestMethodWorker.run(TestMethodWorker.java:112)
	at java.util.concurrent.ThreadPoolExecutor.runWorker(Unknown Source)
	at java.util.concurrent.ThreadPoolExecutor$Worker.run(Unknown Source)
	at java.lang.Thread.run(Unknown Source)
</pre></div></td>
<td>30</td>
<td>testscripts.SF.SmokeTestScripts.TC_SF_AdminValidateCustomerPropertyPage@5649fd9b</td></tr>
<tr>
<td title='testscripts.SF.SmokeTestScripts.TC_SF_CSSHomePageLinks.runTC_SF_CSSHomePageLinks()'><b>runTC_SF_CSSHomePageLinks</b><br>Test class: testscripts.SF.SmokeTestScripts.TC_SF_CSSHomePageLinks<br>Parameters: Instance1, LOCAL, WINDOWS</td>
<td><div><pre>java.lang.AssertionError: java.lang.NullPointerException
	at com.cognizant.Craft.CRAFTTestCase.tearDownTestRunner(CRAFTTestCase.java:105)
	at testscripts.SF.SmokeTestScripts.TC_SF_CSSHomePageLinks.runTC_SF_CSSHomePageLinks(TC_SF_CSSHomePageLinks.java:34)
	at java.util.concurrent.ThreadPoolExecutor.runWorker(Unknown Source)
	at java.util.concurrent.ThreadPoolExecutor$Worker.run(Unknown Source)
	at java.lang.Thread.run(Unknown Source)
... Removed 11 stack frames</pre></div><a href='#' onClick='toggleBox("stack-trace391806889", this, "Click to show all stack frames", "Click to hide stack frames")'>Click to show all stack frames</a>
<div class='stack-trace' id='stack-trace391806889'><pre>java.lang.AssertionError: java.lang.NullPointerException
	at org.testng.Assert.fail(Assert.java:94)
	at com.cognizant.Craft.CRAFTTestCase.tearDownTestRunner(CRAFTTestCase.java:105)
	at testscripts.SF.SmokeTestScripts.TC_SF_CSSHomePageLinks.runTC_SF_CSSHomePageLinks(TC_SF_CSSHomePageLinks.java:34)
	at sun.reflect.NativeMethodAccessorImpl.invoke0(Native Method)
	at sun.reflect.NativeMethodAccessorImpl.invoke(Unknown Source)
	at sun.reflect.DelegatingMethodAccessorImpl.invoke(Unknown Source)
	at java.lang.reflect.Method.invoke(Unknown Source)
	at org.testng.internal.MethodInvocationHelper.invokeMethod(MethodInvocationHelper.java:86)
	at org.testng.internal.Invoker.invokeMethod(Invoker.java:643)
	at org.testng.internal.Invoker.invokeTestMethod(Invoker.java:820)
	at org.testng.internal.Invoker.invokeTestMethods(Invoker.java:1128)
	at org.testng.internal.TestMethodWorker.invokeTestMethods(TestMethodWorker.java:129)
	at org.testng.internal.TestMethodWorker.run(TestMethodWorker.java:112)
	at java.util.concurrent.ThreadPoolExecutor.runWorker(Unknown Source)
	at java.util.concurrent.ThreadPoolExecutor$Worker.run(Unknown Source)
	at java.lang.Thread.run(Unknown Source)
</pre></div></td>
<td>27</td>
<td>testscripts.SF.SmokeTestScripts.TC_SF_CSSHomePageLinks@2d928643</td></tr>
<tr>
<td title='testscripts.SF.SmokeTestScripts.TC_SF_CSSLogin.runTC_SF_CSSLogin()'><b>runTC_SF_CSSLogin</b><br>Test class: testscripts.SF.SmokeTestScripts.TC_SF_CSSLogin<br>Parameters: Instance1, LOCAL, WINDOWS</td>
<td><div><pre>java.lang.AssertionError: java.lang.NullPointerException
	at com.cognizant.Craft.CRAFTTestCase.tearDownTestRunner(CRAFTTestCase.java:105)
	at testscripts.SF.SmokeTestScripts.TC_SF_CSSLogin.runTC_SF_CSSLogin(TC_SF_CSSLogin.java:34)
	at java.util.concurrent.ThreadPoolExecutor.runWorker(Unknown Source)
	at java.util.concurrent.ThreadPoolExecutor$Worker.run(Unknown Source)
	at java.lang.Thread.run(Unknown Source)
... Removed 11 stack frames</pre></div><a href='#' onClick='toggleBox("stack-trace2010366428", this, "Click to show all stack frames", "Click to hide stack frames")'>Click to show all stack frames</a>
<div class='stack-trace' id='stack-trace2010366428'><pre>java.lang.AssertionError: java.lang.NullPointerException
	at org.testng.Assert.fail(Assert.java:94)
	at com.cognizant.Craft.CRAFTTestCase.tearDownTestRunner(CRAFTTestCase.java:105)
	at testscripts.SF.SmokeTestScripts.TC_SF_CSSLogin.runTC_SF_CSSLogin(TC_SF_CSSLogin.java:34)
	at sun.reflect.NativeMethodAccessorImpl.invoke0(Native Method)
	at sun.reflect.NativeMethodAccessorImpl.invoke(Unknown Source)
	at sun.reflect.DelegatingMethodAccessorImpl.invoke(Unknown Source)
	at java.lang.reflect.Method.invoke(Unknown Source)
	at org.testng.internal.MethodInvocationHelper.invokeMethod(MethodInvocationHelper.java:86)
	at org.testng.internal.Invoker.invokeMethod(Invoker.java:643)
	at org.testng.internal.Invoker.invokeTestMethod(Invoker.java:820)
	at org.testng.internal.Invoker.invokeTestMethods(Invoker.java:1128)
	at org.testng.internal.TestMethodWorker.invokeTestMethods(TestMethodWorker.java:129)
	at org.testng.internal.TestMethodWorker.run(TestMethodWorker.java:112)
	at java.util.concurrent.ThreadPoolExecutor.runWorker(Unknown Source)
	at java.util.concurrent.ThreadPoolExecutor$Worker.run(Unknown Source)
	at java.lang.Thread.run(Unknown Source)
</pre></div></td>
<td>13</td>
<td>testscripts.SF.SmokeTestScripts.TC_SF_CSSLogin@6adede5</td></tr>
<tr>
<td title='testscripts.SF.SmokeTestScripts.TC_SF_ManagerCreateGreenspaceLead.runTC_SF_ManagerCreateGreenspaceLead()'><b>runTC_SF_ManagerCreateGreenspaceLead</b><br>Test class: testscripts.SF.SmokeTestScripts.TC_SF_ManagerCreateGreenspaceLead<br>Parameters: Instance1, LOCAL, WINDOWS</td>
<td><div><pre>java.lang.AssertionError: java.lang.NullPointerException
	at com.cognizant.Craft.CRAFTTestCase.tearDownTestRunner(CRAFTTestCase.java:105)
	at testscripts.SF.SmokeTestScripts.TC_SF_ManagerCreateGreenspaceLead.runTC_SF_ManagerCreateGreenspaceLead(TC_SF_ManagerCreateGreenspaceLead.java:34)
	at java.util.concurrent.ThreadPoolExecutor.runWorker(Unknown Source)
	at java.util.concurrent.ThreadPoolExecutor$Worker.run(Unknown Source)
	at java.lang.Thread.run(Unknown Source)
... Removed 11 stack frames</pre></div><a href='#' onClick='toggleBox("stack-trace151422233", this, "Click to show all stack frames", "Click to hide stack frames")'>Click to show all stack frames</a>
<div class='stack-trace' id='stack-trace151422233'><pre>java.lang.AssertionError: java.lang.NullPointerException
	at org.testng.Assert.fail(Assert.java:94)
	at com.cognizant.Craft.CRAFTTestCase.tearDownTestRunner(CRAFTTestCase.java:105)
	at testscripts.SF.SmokeTestScripts.TC_SF_ManagerCreateGreenspaceLead.runTC_SF_ManagerCreateGreenspaceLead(TC_SF_ManagerCreateGreenspaceLead.java:34)
	at sun.reflect.NativeMethodAccessorImpl.invoke0(Native Method)
	at sun.reflect.NativeMethodAccessorImpl.invoke(Unknown Source)
	at sun.reflect.DelegatingMethodAccessorImpl.invoke(Unknown Source)
	at java.lang.reflect.Method.invoke(Unknown Source)
	at org.testng.internal.MethodInvocationHelper.invokeMethod(MethodInvocationHelper.java:86)
	at org.testng.internal.Invoker.invokeMethod(Invoker.java:643)
	at org.testng.internal.Invoker.invokeTestMethod(Invoker.java:820)
	at org.testng.internal.Invoker.invokeTestMethods(Invoker.java:1128)
	at org.testng.internal.TestMethodWorker.invokeTestMethods(TestMethodWorker.java:129)
	at org.testng.internal.TestMethodWorker.run(TestMethodWorker.java:112)
	at java.util.concurrent.ThreadPoolExecutor.runWorker(Unknown Source)
	at java.util.concurrent.ThreadPoolExecutor$Worker.run(Unknown Source)
	at java.lang.Thread.run(Unknown Source)
</pre></div></td>
<td>31</td>
<td>testscripts.SF.SmokeTestScripts.TC_SF_ManagerCreateGreenspaceLead@20322d26</td></tr>
<tr>
<td title='testscripts.SF.SmokeTestScripts.TC_SF_ManagerHomePageLinks.runTC_SF_ManagerHomePageLinks()'><b>runTC_SF_ManagerHomePageLinks</b><br>Test class: testscripts.SF.SmokeTestScripts.TC_SF_ManagerHomePageLinks<br>Parameters: Instance1, LOCAL, WINDOWS</td>
<td><div><pre>java.lang.AssertionError: java.lang.NullPointerException
	at com.cognizant.Craft.CRAFTTestCase.tearDownTestRunner(CRAFTTestCase.java:105)
	at testscripts.SF.SmokeTestScripts.TC_SF_ManagerHomePageLinks.runTC_SF_ManagerHomePageLinks(TC_SF_ManagerHomePageLinks.java:34)
	at java.util.concurrent.ThreadPoolExecutor.runWorker(Unknown Source)
	at java.util.concurrent.ThreadPoolExecutor$Worker.run(Unknown Source)
	at java.lang.Thread.run(Unknown Source)
... Removed 11 stack frames</pre></div><a href='#' onClick='toggleBox("stack-trace246150864", this, "Click to show all stack frames", "Click to hide stack frames")'>Click to show all stack frames</a>
<div class='stack-trace' id='stack-trace246150864'><pre>java.lang.AssertionError: java.lang.NullPointerException
	at org.testng.Assert.fail(Assert.java:94)
	at com.cognizant.Craft.CRAFTTestCase.tearDownTestRunner(CRAFTTestCase.java:105)
	at testscripts.SF.SmokeTestScripts.TC_SF_ManagerHomePageLinks.runTC_SF_ManagerHomePageLinks(TC_SF_ManagerHomePageLinks.java:34)
	at sun.reflect.NativeMethodAccessorImpl.invoke0(Native Method)
	at sun.reflect.NativeMethodAccessorImpl.invoke(Unknown Source)
	at sun.reflect.DelegatingMethodAccessorImpl.invoke(Unknown Source)
	at java.lang.reflect.Method.invoke(Unknown Source)
	at org.testng.internal.MethodInvocationHelper.invokeMethod(MethodInvocationHelper.java:86)
	at org.testng.internal.Invoker.invokeMethod(Invoker.java:643)
	at org.testng.internal.Invoker.invokeTestMethod(Invoker.java:820)
	at org.testng.internal.Invoker.invokeTestMethods(Invoker.java:1128)
	at org.testng.internal.TestMethodWorker.invokeTestMethods(TestMethodWorker.java:129)
	at org.testng.internal.TestMethodWorker.run(TestMethodWorker.java:112)
	at java.util.concurrent.ThreadPoolExecutor.runWorker(Unknown Source)
	at java.util.concurrent.ThreadPoolExecutor$Worker.run(Unknown Source)
	at java.lang.Thread.run(Unknown Source)
</pre></div></td>
<td>30</td>
<td>testscripts.SF.SmokeTestScripts.TC_SF_ManagerHomePageLinks@49993335</td></tr>
<tr>
<td title='testscripts.SF.SmokeTestScripts.TC_SF_ManagerLogin.runTC_SF_ManagerLogin()'><b>runTC_SF_ManagerLogin</b><br>Test class: testscripts.SF.SmokeTestScripts.TC_SF_ManagerLogin<br>Parameters: Instance1, LOCAL, WINDOWS</td>
<td><div><pre>java.lang.AssertionError: java.lang.NullPointerException
	at com.cognizant.Craft.CRAFTTestCase.tearDownTestRunner(CRAFTTestCase.java:105)
	at testscripts.SF.SmokeTestScripts.TC_SF_ManagerLogin.runTC_SF_ManagerLogin(TC_SF_ManagerLogin.java:34)
	at java.util.concurrent.ThreadPoolExecutor.runWorker(Unknown Source)
	at java.util.concurrent.ThreadPoolExecutor$Worker.run(Unknown Source)
	at java.lang.Thread.run(Unknown Source)
... Removed 11 stack frames</pre></div><a href='#' onClick='toggleBox("stack-trace1388261182", this, "Click to show all stack frames", "Click to hide stack frames")'>Click to show all stack frames</a>
<div class='stack-trace' id='stack-trace1388261182'><pre>java.lang.AssertionError: java.lang.NullPointerException
	at org.testng.Assert.fail(Assert.java:94)
	at com.cognizant.Craft.CRAFTTestCase.tearDownTestRunner(CRAFTTestCase.java:105)
	at testscripts.SF.SmokeTestScripts.TC_SF_ManagerLogin.runTC_SF_ManagerLogin(TC_SF_ManagerLogin.java:34)
	at sun.reflect.NativeMethodAccessorImpl.invoke0(Native Method)
	at sun.reflect.NativeMethodAccessorImpl.invoke(Unknown Source)
	at sun.reflect.DelegatingMethodAccessorImpl.invoke(Unknown Source)
	at java.lang.reflect.Method.invoke(Unknown Source)
	at org.testng.internal.MethodInvocationHelper.invokeMethod(MethodInvocationHelper.java:86)
	at org.testng.internal.Invoker.invokeMethod(Invoker.java:643)
	at org.testng.internal.Invoker.invokeTestMethod(Invoker.java:820)
	at org.testng.internal.Invoker.invokeTestMethods(Invoker.java:1128)
	at org.testng.internal.TestMethodWorker.invokeTestMethods(TestMethodWorker.java:129)
	at org.testng.internal.TestMethodWorker.run(TestMethodWorker.java:112)
	at java.util.concurrent.ThreadPoolExecutor.runWorker(Unknown Source)
	at java.util.concurrent.ThreadPoolExecutor$Worker.run(Unknown Source)
	at java.lang.Thread.run(Unknown Source)
</pre></div></td>
<td>11</td>
<td>testscripts.SF.SmokeTestScripts.TC_SF_ManagerLogin@5025a98f</td></tr>
<tr>
<td title='testscripts.SF.SmokeTestScripts.TC_SF_OBAccountsLandingPage.runTC_SF_OBAccountsLandingPage()'><b>runTC_SF_OBAccountsLandingPage</b><br>Test class: testscripts.SF.SmokeTestScripts.TC_SF_OBAccountsLandingPage<br>Parameters: Instance1, LOCAL, WINDOWS</td>
<td><div><pre>java.lang.AssertionError: java.lang.NullPointerException
	at com.cognizant.Craft.CRAFTTestCase.tearDownTestRunner(CRAFTTestCase.java:105)
	at testscripts.SF.SmokeTestScripts.TC_SF_OBAccountsLandingPage.runTC_SF_OBAccountsLandingPage(TC_SF_OBAccountsLandingPage.java:35)
	at java.util.concurrent.ThreadPoolExecutor.runWorker(Unknown Source)
	at java.util.concurrent.ThreadPoolExecutor$Worker.run(Unknown Source)
	at java.lang.Thread.run(Unknown Source)
... Removed 11 stack frames</pre></div><a href='#' onClick='toggleBox("stack-trace284582818", this, "Click to show all stack frames", "Click to hide stack frames")'>Click to show all stack frames</a>
<div class='stack-trace' id='stack-trace284582818'><pre>java.lang.AssertionError: java.lang.NullPointerException
	at org.testng.Assert.fail(Assert.java:94)
	at com.cognizant.Craft.CRAFTTestCase.tearDownTestRunner(CRAFTTestCase.java:105)
	at testscripts.SF.SmokeTestScripts.TC_SF_OBAccountsLandingPage.runTC_SF_OBAccountsLandingPage(TC_SF_OBAccountsLandingPage.java:35)
	at sun.reflect.NativeMethodAccessorImpl.invoke0(Native Method)
	at sun.reflect.NativeMethodAccessorImpl.invoke(Unknown Source)
	at sun.reflect.DelegatingMethodAccessorImpl.invoke(Unknown Source)
	at java.lang.reflect.Method.invoke(Unknown Source)
	at org.testng.internal.MethodInvocationHelper.invokeMethod(MethodInvocationHelper.java:86)
	at org.testng.internal.Invoker.invokeMethod(Invoker.java:643)
	at org.testng.internal.Invoker.invokeTestMethod(Invoker.java:820)
	at org.testng.internal.Invoker.invokeTestMethods(Invoker.java:1128)
	at org.testng.internal.TestMethodWorker.invokeTestMethods(TestMethodWorker.java:129)
	at org.testng.internal.TestMethodWorker.run(TestMethodWorker.java:112)
	at java.util.concurrent.ThreadPoolExecutor.runWorker(Unknown Source)
	at java.util.concurrent.ThreadPoolExecutor$Worker.run(Unknown Source)
	at java.lang.Thread.run(Unknown Source)
</pre></div></td>
<td>28</td>
<td>testscripts.SF.SmokeTestScripts.TC_SF_OBAccountsLandingPage@10bdf5e5</td></tr>
<tr>
<td title='testscripts.SF.SmokeTestScripts.TC_SF_OBActivityLightningTimeline.runTC_SF_OBActivityLightningTimeline()'><b>runTC_SF_OBActivityLightningTimeline</b><br>Test class: testscripts.SF.SmokeTestScripts.TC_SF_OBActivityLightningTimeline<br>Parameters: Instance1, LOCAL, WINDOWS</td>
<td><div><pre>java.lang.AssertionError: java.lang.NullPointerException
	at com.cognizant.Craft.CRAFTTestCase.tearDownTestRunner(CRAFTTestCase.java:105)
	at testscripts.SF.SmokeTestScripts.TC_SF_OBActivityLightningTimeline.runTC_SF_OBActivityLightningTimeline(TC_SF_OBActivityLightningTimeline.java:35)
	at java.util.concurrent.ThreadPoolExecutor.runWorker(Unknown Source)
	at java.util.concurrent.ThreadPoolExecutor$Worker.run(Unknown Source)
	at java.lang.Thread.run(Unknown Source)
... Removed 11 stack frames</pre></div><a href='#' onClick='toggleBox("stack-trace1277876114", this, "Click to show all stack frames", "Click to hide stack frames")'>Click to show all stack frames</a>
<div class='stack-trace' id='stack-trace1277876114'><pre>java.lang.AssertionError: java.lang.NullPointerException
	at org.testng.Assert.fail(Assert.java:94)
	at com.cognizant.Craft.CRAFTTestCase.tearDownTestRunner(CRAFTTestCase.java:105)
	at testscripts.SF.SmokeTestScripts.TC_SF_OBActivityLightningTimeline.runTC_SF_OBActivityLightningTimeline(TC_SF_OBActivityLightningTimeline.java:35)
	at sun.reflect.NativeMethodAccessorImpl.invoke0(Native Method)
	at sun.reflect.NativeMethodAccessorImpl.invoke(Unknown Source)
	at sun.reflect.DelegatingMethodAccessorImpl.invoke(Unknown Source)
	at java.lang.reflect.Method.invoke(Unknown Source)
	at org.testng.internal.MethodInvocationHelper.invokeMethod(MethodInvocationHelper.java:86)
	at org.testng.internal.Invoker.invokeMethod(Invoker.java:643)
	at org.testng.internal.Invoker.invokeTestMethod(Invoker.java:820)
	at org.testng.internal.Invoker.invokeTestMethods(Invoker.java:1128)
	at org.testng.internal.TestMethodWorker.invokeTestMethods(TestMethodWorker.java:129)
	at org.testng.internal.TestMethodWorker.run(TestMethodWorker.java:112)
	at java.util.concurrent.ThreadPoolExecutor.runWorker(Unknown Source)
	at java.util.concurrent.ThreadPoolExecutor$Worker.run(Unknown Source)
	at java.lang.Thread.run(Unknown Source)
</pre></div></td>
<td>28</td>
<td>testscripts.SF.SmokeTestScripts.TC_SF_OBActivityLightningTimeline@6e1ec318</td></tr>
<tr>
<td title='testscripts.SF.SmokeTestScripts.TC_SF_OBAddPrivateNote.runTC_SF_OBAddPrivateNote()'><b>runTC_SF_OBAddPrivateNote</b><br>Test class: testscripts.SF.SmokeTestScripts.TC_SF_OBAddPrivateNote<br>Parameters: Instance1, LOCAL, WINDOWS</td>
<td><div><pre>java.lang.AssertionError: java.lang.NullPointerException
	at com.cognizant.Craft.CRAFTTestCase.tearDownTestRunner(CRAFTTestCase.java:105)
	at testscripts.SF.SmokeTestScripts.TC_SF_OBAddPrivateNote.runTC_SF_OBAddPrivateNote(TC_SF_OBAddPrivateNote.java:35)
	at java.util.concurrent.ThreadPoolExecutor.runWorker(Unknown Source)
	at java.util.concurrent.ThreadPoolExecutor$Worker.run(Unknown Source)
	at java.lang.Thread.run(Unknown Source)
... Removed 11 stack frames</pre></div><a href='#' onClick='toggleBox("stack-trace432255834", this, "Click to show all stack frames", "Click to hide stack frames")'>Click to show all stack frames</a>
<div class='stack-trace' id='stack-trace432255834'><pre>java.lang.AssertionError: java.lang.NullPointerException
	at org.testng.Assert.fail(Assert.java:94)
	at com.cognizant.Craft.CRAFTTestCase.tearDownTestRunner(CRAFTTestCase.java:105)
	at testscripts.SF.SmokeTestScripts.TC_SF_OBAddPrivateNote.runTC_SF_OBAddPrivateNote(TC_SF_OBAddPrivateNote.java:35)
	at sun.reflect.NativeMethodAccessorImpl.invoke0(Native Method)
	at sun.reflect.NativeMethodAccessorImpl.invoke(Unknown Source)
	at sun.reflect.DelegatingMethodAccessorImpl.invoke(Unknown Source)
	at java.lang.reflect.Method.invoke(Unknown Source)
	at org.testng.internal.MethodInvocationHelper.invokeMethod(MethodInvocationHelper.java:86)
	at org.testng.internal.Invoker.invokeMethod(Invoker.java:643)
	at org.testng.internal.Invoker.invokeTestMethod(Invoker.java:820)
	at org.testng.internal.Invoker.invokeTestMethods(Invoker.java:1128)
	at org.testng.internal.TestMethodWorker.invokeTestMethods(TestMethodWorker.java:129)
	at org.testng.internal.TestMethodWorker.run(TestMethodWorker.java:112)
	at java.util.concurrent.ThreadPoolExecutor.runWorker(Unknown Source)
	at java.util.concurrent.ThreadPoolExecutor$Worker.run(Unknown Source)
	at java.lang.Thread.run(Unknown Source)
</pre></div></td>
<td>25</td>
<td>testscripts.SF.SmokeTestScripts.TC_SF_OBAddPrivateNote@dc24521</td></tr>
<tr>
<td title='testscripts.SF.SmokeTestScripts.TC_SF_OBAddPrivateNoteLead.runTC_SF_OBAddPrivateNoteLead()'><b>runTC_SF_OBAddPrivateNoteLead</b><br>Test class: testscripts.SF.SmokeTestScripts.TC_SF_OBAddPrivateNoteLead<br>Parameters: Instance1, LOCAL, WINDOWS</td>
<td><div><pre>java.lang.AssertionError: java.lang.NullPointerException
	at com.cognizant.Craft.CRAFTTestCase.tearDownTestRunner(CRAFTTestCase.java:105)
	at testscripts.SF.SmokeTestScripts.TC_SF_OBAddPrivateNoteLead.runTC_SF_OBAddPrivateNoteLead(TC_SF_OBAddPrivateNoteLead.java:35)
	at java.util.concurrent.ThreadPoolExecutor.runWorker(Unknown Source)
	at java.util.concurrent.ThreadPoolExecutor$Worker.run(Unknown Source)
	at java.lang.Thread.run(Unknown Source)
... Removed 11 stack frames</pre></div><a href='#' onClick='toggleBox("stack-trace353828821", this, "Click to show all stack frames", "Click to hide stack frames")'>Click to show all stack frames</a>
<div class='stack-trace' id='stack-trace353828821'><pre>java.lang.AssertionError: java.lang.NullPointerException
	at org.testng.Assert.fail(Assert.java:94)
	at com.cognizant.Craft.CRAFTTestCase.tearDownTestRunner(CRAFTTestCase.java:105)
	at testscripts.SF.SmokeTestScripts.TC_SF_OBAddPrivateNoteLead.runTC_SF_OBAddPrivateNoteLead(TC_SF_OBAddPrivateNoteLead.java:35)
	at sun.reflect.NativeMethodAccessorImpl.invoke0(Native Method)
	at sun.reflect.NativeMethodAccessorImpl.invoke(Unknown Source)
	at sun.reflect.DelegatingMethodAccessorImpl.invoke(Unknown Source)
	at java.lang.reflect.Method.invoke(Unknown Source)
	at org.testng.internal.MethodInvocationHelper.invokeMethod(MethodInvocationHelper.java:86)
	at org.testng.internal.Invoker.invokeMethod(Invoker.java:643)
	at org.testng.internal.Invoker.invokeTestMethod(Invoker.java:820)
	at org.testng.internal.Invoker.invokeTestMethods(Invoker.java:1128)
	at org.testng.internal.TestMethodWorker.invokeTestMethods(TestMethodWorker.java:129)
	at org.testng.internal.TestMethodWorker.run(TestMethodWorker.java:112)
	at java.util.concurrent.ThreadPoolExecutor.runWorker(Unknown Source)
	at java.util.concurrent.ThreadPoolExecutor$Worker.run(Unknown Source)
	at java.lang.Thread.run(Unknown Source)
</pre></div></td>
<td>31</td>
<td>testscripts.SF.SmokeTestScripts.TC_SF_OBAddPrivateNoteLead@2038ae61</td></tr>
<tr>
<td title='testscripts.SF.SmokeTestScripts.TC_SF_OBCloneEditLeadDetailPage.runTC_SF_OBCloneEditLeadDetailPage()'><b>runTC_SF_OBCloneEditLeadDetailPage</b><br>Test class: testscripts.SF.SmokeTestScripts.TC_SF_OBCloneEditLeadDetailPage<br>Parameters: Instance1, LOCAL, WINDOWS</td>
<td><div><pre>java.lang.AssertionError: java.lang.NullPointerException
	at com.cognizant.Craft.CRAFTTestCase.tearDownTestRunner(CRAFTTestCase.java:105)
	at testscripts.SF.SmokeTestScripts.TC_SF_OBCloneEditLeadDetailPage.runTC_SF_OBCloneEditLeadDetailPage(TC_SF_OBCloneEditLeadDetailPage.java:35)
	at java.util.concurrent.ThreadPoolExecutor.runWorker(Unknown Source)
	at java.util.concurrent.ThreadPoolExecutor$Worker.run(Unknown Source)
	at java.lang.Thread.run(Unknown Source)
... Removed 11 stack frames</pre></div><a href='#' onClick='toggleBox("stack-trace1398945804", this, "Click to show all stack frames", "Click to hide stack frames")'>Click to show all stack frames</a>
<div class='stack-trace' id='stack-trace1398945804'><pre>java.lang.AssertionError: java.lang.NullPointerException
	at org.testng.Assert.fail(Assert.java:94)
	at com.cognizant.Craft.CRAFTTestCase.tearDownTestRunner(CRAFTTestCase.java:105)
	at testscripts.SF.SmokeTestScripts.TC_SF_OBCloneEditLeadDetailPage.runTC_SF_OBCloneEditLeadDetailPage(TC_SF_OBCloneEditLeadDetailPage.java:35)
	at sun.reflect.NativeMethodAccessorImpl.invoke0(Native Method)
	at sun.reflect.NativeMethodAccessorImpl.invoke(Unknown Source)
	at sun.reflect.DelegatingMethodAccessorImpl.invoke(Unknown Source)
	at java.lang.reflect.Method.invoke(Unknown Source)
	at org.testng.internal.MethodInvocationHelper.invokeMethod(MethodInvocationHelper.java:86)
	at org.testng.internal.Invoker.invokeMethod(Invoker.java:643)
	at org.testng.internal.Invoker.invokeTestMethod(Invoker.java:820)
	at org.testng.internal.Invoker.invokeTestMethods(Invoker.java:1128)
	at org.testng.internal.TestMethodWorker.invokeTestMethods(TestMethodWorker.java:129)
	at org.testng.internal.TestMethodWorker.run(TestMethodWorker.java:112)
	at java.util.concurrent.ThreadPoolExecutor.runWorker(Unknown Source)
	at java.util.concurrent.ThreadPoolExecutor$Worker.run(Unknown Source)
	at java.lang.Thread.run(Unknown Source)
</pre></div></td>
<td>24</td>
<td>testscripts.SF.SmokeTestScripts.TC_SF_OBCloneEditLeadDetailPage@1e127982</td></tr>
<tr>
<td title='testscripts.SF.SmokeTestScripts.TC_SF_OBConvertLead.runTC_SF_OBConvertLead()'><b>runTC_SF_OBConvertLead</b><br>Test class: testscripts.SF.SmokeTestScripts.TC_SF_OBConvertLead<br>Parameters: Instance1, LOCAL, WINDOWS</td>
<td><div><pre>java.lang.AssertionError: java.lang.NullPointerException
	at com.cognizant.Craft.CRAFTTestCase.tearDownTestRunner(CRAFTTestCase.java:105)
	at testscripts.SF.SmokeTestScripts.TC_SF_OBConvertLead.runTC_SF_OBConvertLead(TC_SF_OBConvertLead.java:35)
	at java.util.concurrent.ThreadPoolExecutor.runWorker(Unknown Source)
	at java.util.concurrent.ThreadPoolExecutor$Worker.run(Unknown Source)
	at java.lang.Thread.run(Unknown Source)
... Removed 11 stack frames</pre></div><a href='#' onClick='toggleBox("stack-trace694625853", this, "Click to show all stack frames", "Click to hide stack frames")'>Click to show all stack frames</a>
<div class='stack-trace' id='stack-trace694625853'><pre>java.lang.AssertionError: java.lang.NullPointerException
	at org.testng.Assert.fail(Assert.java:94)
	at com.cognizant.Craft.CRAFTTestCase.tearDownTestRunner(CRAFTTestCase.java:105)
	at testscripts.SF.SmokeTestScripts.TC_SF_OBConvertLead.runTC_SF_OBConvertLead(TC_SF_OBConvertLead.java:35)
	at sun.reflect.NativeMethodAccessorImpl.invoke0(Native Method)
	at sun.reflect.NativeMethodAccessorImpl.invoke(Unknown Source)
	at sun.reflect.DelegatingMethodAccessorImpl.invoke(Unknown Source)
	at java.lang.reflect.Method.invoke(Unknown Source)
	at org.testng.internal.MethodInvocationHelper.invokeMethod(MethodInvocationHelper.java:86)
	at org.testng.internal.Invoker.invokeMethod(Invoker.java:643)
	at org.testng.internal.Invoker.invokeTestMethod(Invoker.java:820)
	at org.testng.internal.Invoker.invokeTestMethods(Invoker.java:1128)
	at org.testng.internal.TestMethodWorker.invokeTestMethods(TestMethodWorker.java:129)
	at org.testng.internal.TestMethodWorker.run(TestMethodWorker.java:112)
	at java.util.concurrent.ThreadPoolExecutor.runWorker(Unknown Source)
	at java.util.concurrent.ThreadPoolExecutor$Worker.run(Unknown Source)
	at java.lang.Thread.run(Unknown Source)
</pre></div></td>
<td>24</td>
<td>testscripts.SF.SmokeTestScripts.TC_SF_OBConvertLead@7e0b0338</td></tr>
<tr>
<td title='testscripts.SF.SmokeTestScripts.TC_SF_OBConvertLeadExistingAccount.runTC_SF_OBConvertLeadExistingAccount()'><b>runTC_SF_OBConvertLeadExistingAccount</b><br>Test class: testscripts.SF.SmokeTestScripts.TC_SF_OBConvertLeadExistingAccount<br>Parameters: Instance1, LOCAL, WINDOWS</td>
<td><div><pre>java.lang.AssertionError: java.lang.NullPointerException
	at com.cognizant.Craft.CRAFTTestCase.tearDownTestRunner(CRAFTTestCase.java:105)
	at testscripts.SF.SmokeTestScripts.TC_SF_OBConvertLeadExistingAccount.runTC_SF_OBConvertLeadExistingAccount(TC_SF_OBConvertLeadExistingAccount.java:35)
	at java.util.concurrent.ThreadPoolExecutor.runWorker(Unknown Source)
	at java.util.concurrent.ThreadPoolExecutor$Worker.run(Unknown Source)
	at java.lang.Thread.run(Unknown Source)
... Removed 11 stack frames</pre></div><a href='#' onClick='toggleBox("stack-trace792288903", this, "Click to show all stack frames", "Click to hide stack frames")'>Click to show all stack frames</a>
<div class='stack-trace' id='stack-trace792288903'><pre>java.lang.AssertionError: java.lang.NullPointerException
	at org.testng.Assert.fail(Assert.java:94)
	at com.cognizant.Craft.CRAFTTestCase.tearDownTestRunner(CRAFTTestCase.java:105)
	at testscripts.SF.SmokeTestScripts.TC_SF_OBConvertLeadExistingAccount.runTC_SF_OBConvertLeadExistingAccount(TC_SF_OBConvertLeadExistingAccount.java:35)
	at sun.reflect.NativeMethodAccessorImpl.invoke0(Native Method)
	at sun.reflect.NativeMethodAccessorImpl.invoke(Unknown Source)
	at sun.reflect.DelegatingMethodAccessorImpl.invoke(Unknown Source)
	at java.lang.reflect.Method.invoke(Unknown Source)
	at org.testng.internal.MethodInvocationHelper.invokeMethod(MethodInvocationHelper.java:86)
	at org.testng.internal.Invoker.invokeMethod(Invoker.java:643)
	at org.testng.internal.Invoker.invokeTestMethod(Invoker.java:820)
	at org.testng.internal.Invoker.invokeTestMethods(Invoker.java:1128)
	at org.testng.internal.TestMethodWorker.invokeTestMethods(TestMethodWorker.java:129)
	at org.testng.internal.TestMethodWorker.run(TestMethodWorker.java:112)
	at java.util.concurrent.ThreadPoolExecutor.runWorker(Unknown Source)
	at java.util.concurrent.ThreadPoolExecutor$Worker.run(Unknown Source)
	at java.lang.Thread.run(Unknown Source)
</pre></div></td>
<td>24</td>
<td>testscripts.SF.SmokeTestScripts.TC_SF_OBConvertLeadExistingAccount@3c0f93f1</td></tr>
<tr>
<td title='testscripts.SF.SmokeTestScripts.TC_SF_OBConvertLeadNewAccount.runTC_SF_OBConvertLeadNewAccount()'><b>runTC_SF_OBConvertLeadNewAccount</b><br>Test class: testscripts.SF.SmokeTestScripts.TC_SF_OBConvertLeadNewAccount<br>Parameters: Instance1, LOCAL, WINDOWS</td>
<td><div><pre>java.lang.AssertionError: java.lang.NullPointerException
	at com.cognizant.Craft.CRAFTTestCase.tearDownTestRunner(CRAFTTestCase.java:105)
	at testscripts.SF.SmokeTestScripts.TC_SF_OBConvertLeadNewAccount.runTC_SF_OBConvertLeadNewAccount(TC_SF_OBConvertLeadNewAccount.java:35)
	at java.util.concurrent.ThreadPoolExecutor.runWorker(Unknown Source)
	at java.util.concurrent.ThreadPoolExecutor$Worker.run(Unknown Source)
	at java.lang.Thread.run(Unknown Source)
... Removed 11 stack frames</pre></div><a href='#' onClick='toggleBox("stack-trace1320382106", this, "Click to show all stack frames", "Click to hide stack frames")'>Click to show all stack frames</a>
<div class='stack-trace' id='stack-trace1320382106'><pre>java.lang.AssertionError: java.lang.NullPointerException
	at org.testng.Assert.fail(Assert.java:94)
	at com.cognizant.Craft.CRAFTTestCase.tearDownTestRunner(CRAFTTestCase.java:105)
	at testscripts.SF.SmokeTestScripts.TC_SF_OBConvertLeadNewAccount.runTC_SF_OBConvertLeadNewAccount(TC_SF_OBConvertLeadNewAccount.java:35)
	at sun.reflect.NativeMethodAccessorImpl.invoke0(Native Method)
	at sun.reflect.NativeMethodAccessorImpl.invoke(Unknown Source)
	at sun.reflect.DelegatingMethodAccessorImpl.invoke(Unknown Source)
	at java.lang.reflect.Method.invoke(Unknown Source)
	at org.testng.internal.MethodInvocationHelper.invokeMethod(MethodInvocationHelper.java:86)
	at org.testng.internal.Invoker.invokeMethod(Invoker.java:643)
	at org.testng.internal.Invoker.invokeTestMethod(Invoker.java:820)
	at org.testng.internal.Invoker.invokeTestMethods(Invoker.java:1128)
	at org.testng.internal.TestMethodWorker.invokeTestMethods(TestMethodWorker.java:129)
	at org.testng.internal.TestMethodWorker.run(TestMethodWorker.java:112)
	at java.util.concurrent.ThreadPoolExecutor.runWorker(Unknown Source)
	at java.util.concurrent.ThreadPoolExecutor$Worker.run(Unknown Source)
	at java.lang.Thread.run(Unknown Source)
</pre></div></td>
<td>23</td>
<td>testscripts.SF.SmokeTestScripts.TC_SF_OBConvertLeadNewAccount@31dc339b</td></tr>
<tr>
<td title='testscripts.SF.SmokeTestScripts.TC_SF_OBCreateLead.runTC_SF_OBCreateLead()'><b>runTC_SF_OBCreateLead</b><br>Test class: testscripts.SF.SmokeTestScripts.TC_SF_OBCreateLead<br>Parameters: Instance1, LOCAL, WINDOWS</td>
<td><div><pre>java.lang.AssertionError: java.lang.NullPointerException
	at com.cognizant.Craft.CRAFTTestCase.tearDownTestRunner(CRAFTTestCase.java:105)
	at testscripts.SF.SmokeTestScripts.TC_SF_OBCreateLead.runTC_SF_OBCreateLead(TC_SF_OBCreateLead.java:35)
	at java.util.concurrent.ThreadPoolExecutor.runWorker(Unknown Source)
	at java.util.concurrent.ThreadPoolExecutor$Worker.run(Unknown Source)
	at java.lang.Thread.run(Unknown Source)
... Removed 11 stack frames</pre></div><a href='#' onClick='toggleBox("stack-trace1324735976", this, "Click to show all stack frames", "Click to hide stack frames")'>Click to show all stack frames</a>
<div class='stack-trace' id='stack-trace1324735976'><pre>java.lang.AssertionError: java.lang.NullPointerException
	at org.testng.Assert.fail(Assert.java:94)
	at com.cognizant.Craft.CRAFTTestCase.tearDownTestRunner(CRAFTTestCase.java:105)
	at testscripts.SF.SmokeTestScripts.TC_SF_OBCreateLead.runTC_SF_OBCreateLead(TC_SF_OBCreateLead.java:35)
	at sun.reflect.NativeMethodAccessorImpl.invoke0(Native Method)
	at sun.reflect.NativeMethodAccessorImpl.invoke(Unknown Source)
	at sun.reflect.DelegatingMethodAccessorImpl.invoke(Unknown Source)
	at java.lang.reflect.Method.invoke(Unknown Source)
	at org.testng.internal.MethodInvocationHelper.invokeMethod(MethodInvocationHelper.java:86)
	at org.testng.internal.Invoker.invokeMethod(Invoker.java:643)
	at org.testng.internal.Invoker.invokeTestMethod(Invoker.java:820)
	at org.testng.internal.Invoker.invokeTestMethods(Invoker.java:1128)
	at org.testng.internal.TestMethodWorker.invokeTestMethods(TestMethodWorker.java:129)
	at org.testng.internal.TestMethodWorker.run(TestMethodWorker.java:112)
	at java.util.concurrent.ThreadPoolExecutor.runWorker(Unknown Source)
	at java.util.concurrent.ThreadPoolExecutor$Worker.run(Unknown Source)
	at java.lang.Thread.run(Unknown Source)
</pre></div></td>
<td>24</td>
<td>testscripts.SF.SmokeTestScripts.TC_SF_OBCreateLead@617faa95</td></tr>
<tr>
<td title='testscripts.SF.SmokeTestScripts.TC_SF_OBHomePageLinks.runTC_SF_OBHomePageLinks()'><b>runTC_SF_OBHomePageLinks</b><br>Test class: testscripts.SF.SmokeTestScripts.TC_SF_OBHomePageLinks<br>Parameters: Instance1, LOCAL, WINDOWS</td>
<td><div><pre>java.lang.AssertionError: java.lang.NullPointerException
	at com.cognizant.Craft.CRAFTTestCase.tearDownTestRunner(CRAFTTestCase.java:105)
	at testscripts.SF.SmokeTestScripts.TC_SF_OBHomePageLinks.runTC_SF_OBHomePageLinks(TC_SF_OBHomePageLinks.java:34)
	at java.util.concurrent.ThreadPoolExecutor.runWorker(Unknown Source)
	at java.util.concurrent.ThreadPoolExecutor$Worker.run(Unknown Source)
	at java.lang.Thread.run(Unknown Source)
... Removed 11 stack frames</pre></div><a href='#' onClick='toggleBox("stack-trace2095942615", this, "Click to show all stack frames", "Click to hide stack frames")'>Click to show all stack frames</a>
<div class='stack-trace' id='stack-trace2095942615'><pre>java.lang.AssertionError: java.lang.NullPointerException
	at org.testng.Assert.fail(Assert.java:94)
	at com.cognizant.Craft.CRAFTTestCase.tearDownTestRunner(CRAFTTestCase.java:105)
	at testscripts.SF.SmokeTestScripts.TC_SF_OBHomePageLinks.runTC_SF_OBHomePageLinks(TC_SF_OBHomePageLinks.java:34)
	at sun.reflect.NativeMethodAccessorImpl.invoke0(Native Method)
	at sun.reflect.NativeMethodAccessorImpl.invoke(Unknown Source)
	at sun.reflect.DelegatingMethodAccessorImpl.invoke(Unknown Source)
	at java.lang.reflect.Method.invoke(Unknown Source)
	at org.testng.internal.MethodInvocationHelper.invokeMethod(MethodInvocationHelper.java:86)
	at org.testng.internal.Invoker.invokeMethod(Invoker.java:643)
	at org.testng.internal.Invoker.invokeTestMethod(Invoker.java:820)
	at org.testng.internal.Invoker.invokeTestMethods(Invoker.java:1128)
	at org.testng.internal.TestMethodWorker.invokeTestMethods(TestMethodWorker.java:129)
	at org.testng.internal.TestMethodWorker.run(TestMethodWorker.java:112)
	at java.util.concurrent.ThreadPoolExecutor.runWorker(Unknown Source)
	at java.util.concurrent.ThreadPoolExecutor$Worker.run(Unknown Source)
	at java.lang.Thread.run(Unknown Source)
</pre></div></td>
<td>25</td>
<td>testscripts.SF.SmokeTestScripts.TC_SF_OBHomePageLinks@148080bb</td></tr>
<tr>
<td title='testscripts.SF.SmokeTestScripts.TC_SF_OBLogin.runTC_SF_OBLogin()'><b>runTC_SF_OBLogin</b><br>Test class: testscripts.SF.SmokeTestScripts.TC_SF_OBLogin<br>Parameters: Instance1, LOCAL, WINDOWS</td>
<td><div><pre>java.lang.AssertionError: java.lang.NullPointerException
	at com.cognizant.Craft.CRAFTTestCase.tearDownTestRunner(CRAFTTestCase.java:105)
	at testscripts.SF.SmokeTestScripts.TC_SF_OBLogin.runTC_SF_OBLogin(TC_SF_OBLogin.java:34)
	at java.util.concurrent.ThreadPoolExecutor.runWorker(Unknown Source)
	at java.util.concurrent.ThreadPoolExecutor$Worker.run(Unknown Source)
	at java.lang.Thread.run(Unknown Source)
... Removed 11 stack frames</pre></div><a href='#' onClick='toggleBox("stack-trace2030055164", this, "Click to show all stack frames", "Click to hide stack frames")'>Click to show all stack frames</a>
<div class='stack-trace' id='stack-trace2030055164'><pre>java.lang.AssertionError: java.lang.NullPointerException
	at org.testng.Assert.fail(Assert.java:94)
	at com.cognizant.Craft.CRAFTTestCase.tearDownTestRunner(CRAFTTestCase.java:105)
	at testscripts.SF.SmokeTestScripts.TC_SF_OBLogin.runTC_SF_OBLogin(TC_SF_OBLogin.java:34)
	at sun.reflect.NativeMethodAccessorImpl.invoke0(Native Method)
	at sun.reflect.NativeMethodAccessorImpl.invoke(Unknown Source)
	at sun.reflect.DelegatingMethodAccessorImpl.invoke(Unknown Source)
	at java.lang.reflect.Method.invoke(Unknown Source)
	at org.testng.internal.MethodInvocationHelper.invokeMethod(MethodInvocationHelper.java:86)
	at org.testng.internal.Invoker.invokeMethod(Invoker.java:643)
	at org.testng.internal.Invoker.invokeTestMethod(Invoker.java:820)
	at org.testng.internal.Invoker.invokeTestMethods(Invoker.java:1128)
	at org.testng.internal.TestMethodWorker.invokeTestMethods(TestMethodWorker.java:129)
	at org.testng.internal.TestMethodWorker.run(TestMethodWorker.java:112)
	at java.util.concurrent.ThreadPoolExecutor.runWorker(Unknown Source)
	at java.util.concurrent.ThreadPoolExecutor$Worker.run(Unknown Source)
	at java.lang.Thread.run(Unknown Source)
</pre></div></td>
<td>12</td>
<td>testscripts.SF.SmokeTestScripts.TC_SF_OBLogin@55d56113</td></tr>
<tr>
<td title='testscripts.SF.SmokeTestScripts.TC_SF_OBNewOpportunityPageLayout.runTC_SF_OBNewOpportunityPageLayout()'><b>runTC_SF_OBNewOpportunityPageLayout</b><br>Test class: testscripts.SF.SmokeTestScripts.TC_SF_OBNewOpportunityPageLayout<br>Parameters: Instance1, LOCAL, WINDOWS</td>
<td><div><pre>java.lang.AssertionError: java.lang.NullPointerException
	at com.cognizant.Craft.CRAFTTestCase.tearDownTestRunner(CRAFTTestCase.java:105)
	at testscripts.SF.SmokeTestScripts.TC_SF_OBNewOpportunityPageLayout.runTC_SF_OBNewOpportunityPageLayout(TC_SF_OBNewOpportunityPageLayout.java:35)
	at java.util.concurrent.ThreadPoolExecutor.runWorker(Unknown Source)
	at java.util.concurrent.ThreadPoolExecutor$Worker.run(Unknown Source)
	at java.lang.Thread.run(Unknown Source)
... Removed 11 stack frames</pre></div><a href='#' onClick='toggleBox("stack-trace2127791467", this, "Click to show all stack frames", "Click to hide stack frames")'>Click to show all stack frames</a>
<div class='stack-trace' id='stack-trace2127791467'><pre>java.lang.AssertionError: java.lang.NullPointerException
	at org.testng.Assert.fail(Assert.java:94)
	at com.cognizant.Craft.CRAFTTestCase.tearDownTestRunner(CRAFTTestCase.java:105)
	at testscripts.SF.SmokeTestScripts.TC_SF_OBNewOpportunityPageLayout.runTC_SF_OBNewOpportunityPageLayout(TC_SF_OBNewOpportunityPageLayout.java:35)
	at sun.reflect.NativeMethodAccessorImpl.invoke0(Native Method)
	at sun.reflect.NativeMethodAccessorImpl.invoke(Unknown Source)
	at sun.reflect.DelegatingMethodAccessorImpl.invoke(Unknown Source)
	at java.lang.reflect.Method.invoke(Unknown Source)
	at org.testng.internal.MethodInvocationHelper.invokeMethod(MethodInvocationHelper.java:86)
	at org.testng.internal.Invoker.invokeMethod(Invoker.java:643)
	at org.testng.internal.Invoker.invokeTestMethod(Invoker.java:820)
	at org.testng.internal.Invoker.invokeTestMethods(Invoker.java:1128)
	at org.testng.internal.TestMethodWorker.invokeTestMethods(TestMethodWorker.java:129)
	at org.testng.internal.TestMethodWorker.run(TestMethodWorker.java:112)
	at java.util.concurrent.ThreadPoolExecutor.runWorker(Unknown Source)
	at java.util.concurrent.ThreadPoolExecutor$Worker.run(Unknown Source)
	at java.lang.Thread.run(Unknown Source)
</pre></div></td>
<td>25</td>
<td>testscripts.SF.SmokeTestScripts.TC_SF_OBNewOpportunityPageLayout@192b07fd</td></tr>
<tr>
<td title='testscripts.SF.SmokeTestScripts.TC_SF_OBRelatedListsLeadLandingPage.runTC_SF_OBRelatedListsLeadLandingPage()'><b>runTC_SF_OBRelatedListsLeadLandingPage</b><br>Test class: testscripts.SF.SmokeTestScripts.TC_SF_OBRelatedListsLeadLandingPage<br>Parameters: Instance1, LOCAL, WINDOWS</td>
<td><div><pre>java.lang.AssertionError: java.lang.NullPointerException
	at com.cognizant.Craft.CRAFTTestCase.tearDownTestRunner(CRAFTTestCase.java:105)
	at testscripts.SF.SmokeTestScripts.TC_SF_OBRelatedListsLeadLandingPage.runTC_SF_OBRelatedListsLeadLandingPage(TC_SF_OBRelatedListsLeadLandingPage.java:35)
	at java.util.concurrent.ThreadPoolExecutor.runWorker(Unknown Source)
	at java.util.concurrent.ThreadPoolExecutor$Worker.run(Unknown Source)
	at java.lang.Thread.run(Unknown Source)
... Removed 11 stack frames</pre></div><a href='#' onClick='toggleBox("stack-trace2038713083", this, "Click to show all stack frames", "Click to hide stack frames")'>Click to show all stack frames</a>
<div class='stack-trace' id='stack-trace2038713083'><pre>java.lang.AssertionError: java.lang.NullPointerException
	at org.testng.Assert.fail(Assert.java:94)
	at com.cognizant.Craft.CRAFTTestCase.tearDownTestRunner(CRAFTTestCase.java:105)
	at testscripts.SF.SmokeTestScripts.TC_SF_OBRelatedListsLeadLandingPage.runTC_SF_OBRelatedListsLeadLandingPage(TC_SF_OBRelatedListsLeadLandingPage.java:35)
	at sun.reflect.NativeMethodAccessorImpl.invoke0(Native Method)
	at sun.reflect.NativeMethodAccessorImpl.invoke(Unknown Source)
	at sun.reflect.DelegatingMethodAccessorImpl.invoke(Unknown Source)
	at java.lang.reflect.Method.invoke(Unknown Source)
	at org.testng.internal.MethodInvocationHelper.invokeMethod(MethodInvocationHelper.java:86)
	at org.testng.internal.Invoker.invokeMethod(Invoker.java:643)
	at org.testng.internal.Invoker.invokeTestMethod(Invoker.java:820)
	at org.testng.internal.Invoker.invokeTestMethods(Invoker.java:1128)
	at org.testng.internal.TestMethodWorker.invokeTestMethods(TestMethodWorker.java:129)
	at org.testng.internal.TestMethodWorker.run(TestMethodWorker.java:112)
	at java.util.concurrent.ThreadPoolExecutor.runWorker(Unknown Source)
	at java.util.concurrent.ThreadPoolExecutor$Worker.run(Unknown Source)
	at java.lang.Thread.run(Unknown Source)
</pre></div></td>
<td>29</td>
<td>testscripts.SF.SmokeTestScripts.TC_SF_OBRelatedListsLeadLandingPage@60c6f5b</td></tr>
<tr>
<td title='testscripts.SF.SmokeTestScripts.TC_SF_OBRequiredFieldsOnSalesStage03_05.runTC_SF_OBRequiredFieldsOnSalesStage03_05()'><b>runTC_SF_OBRequiredFieldsOnSalesStage03_05</b><br>Test class: testscripts.SF.SmokeTestScripts.TC_SF_OBRequiredFieldsOnSalesStage03_05<br>Parameters: Instance1, LOCAL, WINDOWS</td>
<td><div><pre>java.lang.AssertionError: java.lang.NullPointerException
	at com.cognizant.Craft.CRAFTTestCase.tearDownTestRunner(CRAFTTestCase.java:105)
	at testscripts.SF.SmokeTestScripts.TC_SF_OBRequiredFieldsOnSalesStage03_05.runTC_SF_OBRequiredFieldsOnSalesStage03_05(TC_SF_OBRequiredFieldsOnSalesStage03_05.java:35)
	at java.util.concurrent.ThreadPoolExecutor.runWorker(Unknown Source)
	at java.util.concurrent.ThreadPoolExecutor$Worker.run(Unknown Source)
	at java.lang.Thread.run(Unknown Source)
... Removed 11 stack frames</pre></div><a href='#' onClick='toggleBox("stack-trace1876590479", this, "Click to show all stack frames", "Click to hide stack frames")'>Click to show all stack frames</a>
<div class='stack-trace' id='stack-trace1876590479'><pre>java.lang.AssertionError: java.lang.NullPointerException
	at org.testng.Assert.fail(Assert.java:94)
	at com.cognizant.Craft.CRAFTTestCase.tearDownTestRunner(CRAFTTestCase.java:105)
	at testscripts.SF.SmokeTestScripts.TC_SF_OBRequiredFieldsOnSalesStage03_05.runTC_SF_OBRequiredFieldsOnSalesStage03_05(TC_SF_OBRequiredFieldsOnSalesStage03_05.java:35)
	at sun.reflect.NativeMethodAccessorImpl.invoke0(Native Method)
	at sun.reflect.NativeMethodAccessorImpl.invoke(Unknown Source)
	at sun.reflect.DelegatingMethodAccessorImpl.invoke(Unknown Source)
	at java.lang.reflect.Method.invoke(Unknown Source)
	at org.testng.internal.MethodInvocationHelper.invokeMethod(MethodInvocationHelper.java:86)
	at org.testng.internal.Invoker.invokeMethod(Invoker.java:643)
	at org.testng.internal.Invoker.invokeTestMethod(Invoker.java:820)
	at org.testng.internal.Invoker.invokeTestMethods(Invoker.java:1128)
	at org.testng.internal.TestMethodWorker.invokeTestMethods(TestMethodWorker.java:129)
	at org.testng.internal.TestMethodWorker.run(TestMethodWorker.java:112)
	at java.util.concurrent.ThreadPoolExecutor.runWorker(Unknown Source)
	at java.util.concurrent.ThreadPoolExecutor$Worker.run(Unknown Source)
	at java.lang.Thread.run(Unknown Source)
</pre></div></td>
<td>25</td>
<td>testscripts.SF.SmokeTestScripts.TC_SF_OBRequiredFieldsOnSalesStage03_05@64bfbc86</td></tr>
<tr>
<td title='testscripts.SF.SmokeTestScripts.TC_SF_OBRequiredFieldsOnSalesStage16_19.runTC_SF_OBRequiredFieldsOnSalesStage16_19()'><b>runTC_SF_OBRequiredFieldsOnSalesStage16_19</b><br>Test class: testscripts.SF.SmokeTestScripts.TC_SF_OBRequiredFieldsOnSalesStage16_19<br>Parameters: Instance1, LOCAL, WINDOWS</td>
<td><div><pre>java.lang.AssertionError: java.lang.NullPointerException
	at com.cognizant.Craft.CRAFTTestCase.tearDownTestRunner(CRAFTTestCase.java:105)
	at testscripts.SF.SmokeTestScripts.TC_SF_OBRequiredFieldsOnSalesStage16_19.runTC_SF_OBRequiredFieldsOnSalesStage16_19(TC_SF_OBRequiredFieldsOnSalesStage16_19.java:35)
	at java.util.concurrent.ThreadPoolExecutor.runWorker(Unknown Source)
	at java.util.concurrent.ThreadPoolExecutor$Worker.run(Unknown Source)
	at java.lang.Thread.run(Unknown Source)
... Removed 11 stack frames</pre></div><a href='#' onClick='toggleBox("stack-trace2143918845", this, "Click to show all stack frames", "Click to hide stack frames")'>Click to show all stack frames</a>
<div class='stack-trace' id='stack-trace2143918845'><pre>java.lang.AssertionError: java.lang.NullPointerException
	at org.testng.Assert.fail(Assert.java:94)
	at com.cognizant.Craft.CRAFTTestCase.tearDownTestRunner(CRAFTTestCase.java:105)
	at testscripts.SF.SmokeTestScripts.TC_SF_OBRequiredFieldsOnSalesStage16_19.runTC_SF_OBRequiredFieldsOnSalesStage16_19(TC_SF_OBRequiredFieldsOnSalesStage16_19.java:35)
	at sun.reflect.NativeMethodAccessorImpl.invoke0(Native Method)
	at sun.reflect.NativeMethodAccessorImpl.invoke(Unknown Source)
	at sun.reflect.DelegatingMethodAccessorImpl.invoke(Unknown Source)
	at java.lang.reflect.Method.invoke(Unknown Source)
	at org.testng.internal.MethodInvocationHelper.invokeMethod(MethodInvocationHelper.java:86)
	at org.testng.internal.Invoker.invokeMethod(Invoker.java:643)
	at org.testng.internal.Invoker.invokeTestMethod(Invoker.java:820)
	at org.testng.internal.Invoker.invokeTestMethods(Invoker.java:1128)
	at org.testng.internal.TestMethodWorker.invokeTestMethods(TestMethodWorker.java:129)
	at org.testng.internal.TestMethodWorker.run(TestMethodWorker.java:112)
	at java.util.concurrent.ThreadPoolExecutor.runWorker(Unknown Source)
	at java.util.concurrent.ThreadPoolExecutor$Worker.run(Unknown Source)
	at java.lang.Thread.run(Unknown Source)
</pre></div></td>
<td>29</td>
<td>testscripts.SF.SmokeTestScripts.TC_SF_OBRequiredFieldsOnSalesStage16_19@64bf3bbf</td></tr>
</table><p>
</body>
</html>