<?xml version="1.0" encoding="UTF-8"?>
<!-- Generated by org.testng.reporters.JUnitXMLReporter -->
<testsuite hostname="TX717-4441WGD" name="Smoke Test" tests="5" failures="5" timestamp="18 Apr 2017 05:55:05 GMT" time="38.725" errors="0">
  <testcase name="runTC_SF_ManagerLogin" time="0.004" classname="testscripts.SF.SmokeTestScripts.TC_SF_ManagerHomePageLinks">
    <failure type="org.testng.TestNGException" message="
The data provider is trying to pass 1 parameters but the method testscripts.SF.SmokeTestScripts.TC_SF_ManagerHomePageLinks#runTC_SF_ManagerLogin takes 2 and TestNG is unable in inject a suitable object">
      <![CDATA[org.testng.TestNGException: 
The data provider is trying to pass 1 parameters but the method testscripts.SF.SmokeTestScripts.TC_SF_ManagerHomePageLinks#runTC_SF_ManagerLogin takes 2 and TestNG is unable in inject a suitable object
	at java.util.concurrent.ThreadPoolExecutor.runWorker(Unknown Source)
	at java.util.concurrent.ThreadPoolExecutor$Worker.run(Unknown Source)
	at java.lang.Thread.run(Unknown Source)
Caused by: java.lang.ArrayIndexOutOfBoundsException: 1
	... 6 more
... Removed 5 stack frames]]>
    </failure>
  </testcase> <!-- runTC_SF_ManagerLogin -->
  <testcase name="runTC_SF_ManagerLogin" time="0.0" classname="testscripts.SF.SmokeTestScripts.TC_SF_CSSLogin">
    <failure type="org.testng.TestNGException" message="
The data provider is trying to pass 1 parameters but the method testscripts.SF.SmokeTestScripts.TC_SF_CSSLogin#runTC_SF_ManagerLogin takes 2 and TestNG is unable in inject a suitable object">
      <![CDATA[org.testng.TestNGException: 
The data provider is trying to pass 1 parameters but the method testscripts.SF.SmokeTestScripts.TC_SF_CSSLogin#runTC_SF_ManagerLogin takes 2 and TestNG is unable in inject a suitable object
	at java.util.concurrent.ThreadPoolExecutor.runWorker(Unknown Source)
	at java.util.concurrent.ThreadPoolExecutor$Worker.run(Unknown Source)
	at java.lang.Thread.run(Unknown Source)
Caused by: java.lang.ArrayIndexOutOfBoundsException: 1
	... 6 more
... Removed 5 stack frames]]>
    </failure>
  </testcase> <!-- runTC_SF_ManagerLogin -->
  <testcase name="runTC_SF_CSSHomePageLinks" time="0.001" classname="testscripts.SF.SmokeTestScripts.TC_SF_CSSHomePageLinks">
    <failure type="org.testng.TestNGException" message="
The data provider is trying to pass 1 parameters but the method testscripts.SF.SmokeTestScripts.TC_SF_CSSHomePageLinks#runTC_SF_CSSHomePageLinks takes 2 and TestNG is unable in inject a suitable object">
      <![CDATA[org.testng.TestNGException: 
The data provider is trying to pass 1 parameters but the method testscripts.SF.SmokeTestScripts.TC_SF_CSSHomePageLinks#runTC_SF_CSSHomePageLinks takes 2 and TestNG is unable in inject a suitable object
	at java.util.concurrent.ThreadPoolExecutor.runWorker(Unknown Source)
	at java.util.concurrent.ThreadPoolExecutor$Worker.run(Unknown Source)
	at java.lang.Thread.run(Unknown Source)
Caused by: java.lang.ArrayIndexOutOfBoundsException: 1
	... 6 more
... Removed 5 stack frames]]>
    </failure>
  </testcase> <!-- runTC_SF_CSSHomePageLinks -->
  <testcase name="runTC_SF_ManagerLogin" time="0.0" classname="testscripts.SF.SmokeTestScripts.TC_SF_ManagerLogin">
    <failure type="org.testng.TestNGException" message="
The data provider is trying to pass 1 parameters but the method testscripts.SF.SmokeTestScripts.TC_SF_ManagerLogin#runTC_SF_ManagerLogin takes 2 and TestNG is unable in inject a suitable object">
      <![CDATA[org.testng.TestNGException: 
The data provider is trying to pass 1 parameters but the method testscripts.SF.SmokeTestScripts.TC_SF_ManagerLogin#runTC_SF_ManagerLogin takes 2 and TestNG is unable in inject a suitable object
	at java.util.concurrent.ThreadPoolExecutor.runWorker(Unknown Source)
	at java.util.concurrent.ThreadPoolExecutor$Worker.run(Unknown Source)
	at java.lang.Thread.run(Unknown Source)
Caused by: java.lang.ArrayIndexOutOfBoundsException: 1
	... 6 more
... Removed 5 stack frames]]>
    </failure>
  </testcase> <!-- runTC_SF_ManagerLogin -->
  <testcase name="runTC_SF_OBAccountsLandingPage" time="38.396" classname="testscripts.SF.SmokeTestScripts.TC_SF_OBAccountsLandingPage">
    <failure type="org.openqa.selenium.SessionNotCreatedException" message="Unable to create new remote session. desired capabilities = Capabilities [{browserName=chrome, javascriptEnabled=true}], required capabilities = Capabilities [{}]
Build info: version: &amp;apos;3.0.1&amp;apos;, revision: &amp;apos;1969d75&amp;apos;, time: &amp;apos;2016-10-18 09:49:13 -0700&amp;apos;
System info: host: &amp;apos;TX717-4441WGD&amp;apos;, ip: &amp;apos;10.153.2.123&amp;apos;, os.name: &amp;apos;Windows 7&amp;apos;, os.arch: &amp;apos;amd64&amp;apos;, os.version: &amp;apos;6.1&amp;apos;, java.version: &amp;apos;1.8.0_121&amp;apos;
Driver info: driver.version: RemoteWebDriver">
      <![CDATA[org.openqa.selenium.SessionNotCreatedException: Unable to create new remote session. desired capabilities = Capabilities [{browserName=chrome, javascriptEnabled=true}], required capabilities = Capabilities [{}]
Build info: version: '3.0.1', revision: '1969d75', time: '2016-10-18 09:49:13 -0700'
System info: host: 'TX717-4441WGD', ip: '10.153.2.123', os.name: 'Windows 7', os.arch: 'amd64', os.version: '6.1', java.version: '1.8.0_121'
Driver info: driver.version: RemoteWebDriver
	at org.openqa.selenium.remote.ProtocolHandshake.createSession(ProtocolHandshake.java:91)
	at org.openqa.selenium.remote.HttpCommandExecutor.execute(HttpCommandExecutor.java:141)
	at org.openqa.selenium.remote.RemoteWebDriver.execute(RemoteWebDriver.java:601)
	at org.openqa.selenium.remote.RemoteWebDriver.startSession(RemoteWebDriver.java:241)
	at org.openqa.selenium.remote.RemoteWebDriver.<init>(RemoteWebDriver.java:128)
	at org.openqa.selenium.remote.RemoteWebDriver.<init>(RemoteWebDriver.java:155)
	at com.cognizant.framework.selenium.WebDriverFactory.getRemoteWebDriver(WebDriverFactory.java:161)
	at com.cognizant.framework.selenium.WebDriverFactory.getRemoteWebDriver(WebDriverFactory.java:182)
	at com.cognizant.Craft.DriverScript.initializeWebDriver(DriverScript.java:282)
	at com.cognizant.Craft.DriverScript.driveTestExecution(DriverScript.java:147)
	at testscripts.SF.SmokeTestScripts.TC_SF_OBAccountsLandingPage.runTC_SF_OBAccountsLandingPage(TC_SF_OBAccountsLandingPage.java:34)
	at java.util.concurrent.ThreadPoolExecutor.runWorker(Unknown Source)
	at java.util.concurrent.ThreadPoolExecutor$Worker.run(Unknown Source)
	at java.lang.Thread.run(Unknown Source)
... Removed 10 stack frames]]>
    </failure>
  </testcase> <!-- runTC_SF_OBAccountsLandingPage -->
</testsuite> <!-- Smoke Test -->
