<?xml version="1.0" encoding="UTF-8"?>
<testng-results skipped="0" failed="1" total="1" passed="0">
  <reporter-output>
  </reporter-output>
  <suite name="Default suite" duration-ms="76731" started-at="2018-04-02T20:26:54Z" finished-at="2018-04-02T20:28:11Z">
    <groups>
    </groups>
    <test name="Default test" duration-ms="76731" started-at="2018-04-02T20:26:54Z" finished-at="2018-04-02T20:28:11Z">
      <class name="testscripts.SF.Release40TestScripts.TC_SF_APACProjectManagerHomePageButtons">
        <test-method status="PASS" signature="setUpTestSuite(org.testng.ITestContext)[pri:0, instance:testscripts.SF.Release40TestScripts.TC_SF_APACProjectManagerHomePageButtons@f6c48ac]" name="setUpTestSuite" is-config="true" duration-ms="94" started-at="2018-04-02T15:26:54Z" finished-at="2018-04-02T15:26:54Z">
          <params>
            <param index="0">
              <value>
                <![CDATA[org.testng.TestRunner@7927bd9f]]>
              </value>
            </param>
          </params>
          <reporter-output>
          </reporter-output>
        </test-method> <!-- setUpTestSuite -->
        <test-method status="FAIL" signature="runTC_SF_APACProjectManagerHomePageButtons(java.lang.String, com.cognizant.framework.selenium.ExecutionMode, org.openqa.selenium.Platform)[pri:0, instance:testscripts.SF.Release40TestScripts.TC_SF_APACProjectManagerHomePageButtons@f6c48ac]" name="runTC_SF_APACProjectManagerHomePageButtons" duration-ms="76676" started-at="2018-04-02T15:26:54Z" data-provider="RegressionTestScripts" finished-at="2018-04-02T15:28:11Z">
          <params>
            <param index="0">
              <value>
                <![CDATA[Instance1]]>
              </value>
            </param>
            <param index="1">
              <value>
                <![CDATA[LOCAL]]>
              </value>
            </param>
            <param index="2">
              <value>
                <![CDATA[WINDOWS]]>
              </value>
            </param>
          </params>
          <exception class="java.lang.AssertionError">
            <message>
              <![CDATA[Expected condition failed: waiting for visibility of Proxy element for: DefaultElementLocator 'By.xpath: //span[contains(text(),'Lead Source')]/parent::span/following-sibling::div//a[contains(@aria-label,'Lead Source')]' (tried for 3 second(s) with 500 MILLISECONDS interval) <b>Caused by: </b>org.openqa.selenium.NoSuchElementException: no such element: Unable to locate element: {"method":"xpath","selector":"//span[contains(text(),'Lead Source')]/parent::span/following-sibling::div//a[contains(@aria-label,'Lead Source')]"}
  (Session info: chrome=65.0.3325.181)
  (Driver info: chromedriver=2.35.528161 (5b82f2d2aae0ca24b877009200ced9065a772e73),platform=Windows NT 10.0.14393 x86_64) (WARNING: The server did not provide any stacktrace information)
Command duration or timeout: 0 milliseconds
For documentation on this error, please visit: http://seleniumhq.org/exceptions/no_such_element.html
Build info: version: '3.6.0', revision: '6fbf3ec767', time: '2017-09-27T15:28:36.4Z'
System info: host: 'TX604-7235QTD', ip: '10.34.187.88', os.name: 'Windows 10', os.arch: 'amd64', os.version: '10.0', java.version: '1.8.0_162'
Driver info: org.openqa.selenium.chrome.ChromeDriver
Capabilities [{mobileEmulationEnabled=false, hasTouchScreen=false, platform=XP, acceptSslCerts=false, acceptInsecureCerts=false, webStorageEnabled=true, browserName=chrome, takesScreenshot=true, javascriptEnabled=true, platformName=XP, setWindowRect=true, unexpectedAlertBehaviour=, applicationCacheEnabled=false, rotatable=false, networkConnectionEnabled=false, chrome={chromedriverVersion=2.35.528161 (5b82f2d2aae0ca24b877009200ced9065a772e73), userDataDir=C:\Users\SBitra\AppData\Local\Temp\scoped_dir14744_18361}, takesHeapSnapshot=true, pageLoadStrategy=normal, unhandledPromptBehavior=, databaseEnabled=false, handlesAlerts=true, version=65.0.3325.181, browserConnectionEnabled=false, nativeEvents=true, locationContextEnabled=true, cssSelectorsEnabled=true}]
Session ID: 2cc8edd94934a5e1f9dfd17e8c5756a9
*** Element info: {Using=xpath, value=//span[contains(text(),'Lead Source')]/parent::span/following-sibling::div//a[contains(@aria-label,'Lead Source')]}]]>
            </message>
            <full-stacktrace>
              <![CDATA[java.lang.AssertionError: Expected condition failed: waiting for visibility of Proxy element for: DefaultElementLocator 'By.xpath: //span[contains(text(),'Lead Source')]/parent::span/following-sibling::div//a[contains(@aria-label,'Lead Source')]' (tried for 3 second(s) with 500 MILLISECONDS interval) <b>Caused by: </b>org.openqa.selenium.NoSuchElementException: no such element: Unable to locate element: {"method":"xpath","selector":"//span[contains(text(),'Lead Source')]/parent::span/following-sibling::div//a[contains(@aria-label,'Lead Source')]"}
  (Session info: chrome=65.0.3325.181)
  (Driver info: chromedriver=2.35.528161 (5b82f2d2aae0ca24b877009200ced9065a772e73),platform=Windows NT 10.0.14393 x86_64) (WARNING: The server did not provide any stacktrace information)
Command duration or timeout: 0 milliseconds
For documentation on this error, please visit: http://seleniumhq.org/exceptions/no_such_element.html
Build info: version: '3.6.0', revision: '6fbf3ec767', time: '2017-09-27T15:28:36.4Z'
System info: host: 'TX604-7235QTD', ip: '10.34.187.88', os.name: 'Windows 10', os.arch: 'amd64', os.version: '10.0', java.version: '1.8.0_162'
Driver info: org.openqa.selenium.chrome.ChromeDriver
Capabilities [{mobileEmulationEnabled=false, hasTouchScreen=false, platform=XP, acceptSslCerts=false, acceptInsecureCerts=false, webStorageEnabled=true, browserName=chrome, takesScreenshot=true, javascriptEnabled=true, platformName=XP, setWindowRect=true, unexpectedAlertBehaviour=, applicationCacheEnabled=false, rotatable=false, networkConnectionEnabled=false, chrome={chromedriverVersion=2.35.528161 (5b82f2d2aae0ca24b877009200ced9065a772e73), userDataDir=C:\Users\SBitra\AppData\Local\Temp\scoped_dir14744_18361}, takesHeapSnapshot=true, pageLoadStrategy=normal, unhandledPromptBehavior=, databaseEnabled=false, handlesAlerts=true, version=65.0.3325.181, browserConnectionEnabled=false, nativeEvents=true, locationContextEnabled=true, cssSelectorsEnabled=true}]
Session ID: 2cc8edd94934a5e1f9dfd17e8c5756a9
*** Element info: {Using=xpath, value=//span[contains(text(),'Lead Source')]/parent::span/following-sibling::div//a[contains(@aria-label,'Lead Source')]}
	at org.testng.Assert.fail(Assert.java:94)
	at com.cognizant.Craft.CRAFTTestCase.tearDownTestRunner(CRAFTTestCase.java:149)
	at testscripts.SF.Release40TestScripts.TC_SF_APACProjectManagerHomePageButtons.runTC_SF_APACProjectManagerHomePageButtons(TC_SF_APACProjectManagerHomePageButtons.java:35)
	at sun.reflect.NativeMethodAccessorImpl.invoke0(Native Method)
	at sun.reflect.NativeMethodAccessorImpl.invoke(Unknown Source)
	at sun.reflect.DelegatingMethodAccessorImpl.invoke(Unknown Source)
	at java.lang.reflect.Method.invoke(Unknown Source)
	at org.testng.internal.MethodInvocationHelper.invokeMethod(MethodInvocationHelper.java:86)
	at org.testng.internal.Invoker.invokeMethod(Invoker.java:643)
	at org.testng.internal.Invoker.invokeTestMethod(Invoker.java:820)
	at org.testng.internal.Invoker.invokeTestMethods(Invoker.java:1128)
	at org.testng.internal.TestMethodWorker.invokeTestMethods(TestMethodWorker.java:129)
	at org.testng.internal.TestMethodWorker.run(TestMethodWorker.java:112)
	at org.testng.TestRunner.privateRun(TestRunner.java:782)
	at org.testng.TestRunner.run(TestRunner.java:632)
	at org.testng.SuiteRunner.runTest(SuiteRunner.java:366)
	at org.testng.SuiteRunner.runSequentially(SuiteRunner.java:361)
	at org.testng.SuiteRunner.privateRun(SuiteRunner.java:319)
	at org.testng.SuiteRunner.run(SuiteRunner.java:268)
	at org.testng.SuiteRunnerWorker.runSuite(SuiteRunnerWorker.java:52)
	at org.testng.SuiteRunnerWorker.run(SuiteRunnerWorker.java:86)
	at org.testng.TestNG.runSuitesSequentially(TestNG.java:1244)
	at org.testng.TestNG.runSuitesLocally(TestNG.java:1169)
	at org.testng.TestNG.run(TestNG.java:1064)
	at org.testng.remote.AbstractRemoteTestNG.run(AbstractRemoteTestNG.java:114)
	at org.testng.remote.RemoteTestNG.initAndRun(RemoteTestNG.java:251)
	at org.testng.remote.RemoteTestNG.main(RemoteTestNG.java:77)
]]>
            </full-stacktrace>
          </exception> <!-- java.lang.AssertionError -->
          <reporter-output>
          </reporter-output>
        </test-method> <!-- runTC_SF_APACProjectManagerHomePageButtons -->
        <test-method status="PASS" signature="setUpTestRunner()[pri:0, instance:testscripts.SF.Release40TestScripts.TC_SF_APACProjectManagerHomePageButtons@f6c48ac]" name="setUpTestRunner" is-config="true" duration-ms="0" started-at="2018-04-02T15:26:54Z" finished-at="2018-04-02T15:26:54Z">
          <reporter-output>
          </reporter-output>
        </test-method> <!-- setUpTestRunner -->
        <test-method status="PASS" signature="tearDownTestSuite()[pri:0, instance:testscripts.SF.Release40TestScripts.TC_SF_APACProjectManagerHomePageButtons@f6c48ac]" name="tearDownTestSuite" is-config="true" duration-ms="439" started-at="2018-04-02T15:28:11Z" finished-at="2018-04-02T15:28:11Z">
          <reporter-output>
          </reporter-output>
        </test-method> <!-- tearDownTestSuite -->
      </class> <!-- testscripts.SF.Release40TestScripts.TC_SF_APACProjectManagerHomePageButtons -->
    </test> <!-- Default test -->
  </suite> <!-- Default suite -->
</testng-results>
