<?xml version="1.0" encoding="UTF-8"?>
<!-- Generated by org.testng.reporters.JUnitXMLReporter -->
<testsuite hostname="TX717-4441WGD" name="Smoke Test" tests="7" failures="1" timestamp="19 Apr 2017 19:33:52 GMT" time="110.72" errors="0">
  <testcase name="runTC_SF_API_Contacts" time="12.228" classname="testscripts.SF.SmokeTest_API.TC_SF_API_Contacts"/>
  <testcase name="runTC_SF_API_Accounts" time="12.587" classname="testscripts.SF.SmokeTest_API.TC_SF_API_Accounts"/>
  <testcase name="runTC_SF_API_Opportunities" time="6.922" classname="testscripts.SF.SmokeTest_API.TC_SF_API_Opportunities">
    <failure type="java.lang.AssertionError" message="Keyword bc_createOpportunities not found within any class inside the businesscomponents package">
      <![CDATA[java.lang.AssertionError: Keyword bc_createOpportunities not found within any class inside the businesscomponents package
	at com.cognizant.Craft.CRAFTTestCase.tearDownTestRunner(CRAFTTestCase.java:105)
	at testscripts.SF.SmokeTest_API.TC_SF_API_Opportunities.runTC_SF_API_Opportunities(TC_SF_API_Opportunities.java:34)
	at java.util.concurrent.ThreadPoolExecutor.runWorker(Unknown Source)
	at java.util.concurrent.ThreadPoolExecutor$Worker.run(Unknown Source)
	at java.lang.Thread.run(Unknown Source)
... Removed 11 stack frames]]>
    </failure>
  </testcase> <!-- runTC_SF_API_Opportunities -->
  <testcase name="runTC_SF_API_PageValidations" time="11.549" classname="testscripts.SF.SmokeTest_API.TC_SF_API_PageValidations"/>
  <testcase name="runTC_SF_API_SearchLeadName" time="5.069" classname="testscripts.SF.SmokeTest_API.TC_SF_API_SearchLeadName"/>
  <testcase name="runTC_SF_API_FetchRecord" time="40.526" classname="testscripts.SF.SmokeTest_API.TC_SF_API_FetchRecord"/>
  <testcase name="runTC_SF_API_Leads" time="98.459" classname="testscripts.SF.SmokeTest_API.TC_SF_API_Leads"/>
</testsuite> <!-- Smoke Test -->
