<?xml version="1.0" encoding="UTF-8"?>
<!-- Generated by org.testng.reporters.JUnitXMLReporter -->
<testsuite hostname="TX717-4441WGD" name="Smoke Test" tests="6" failures="4" timestamp="12 Apr 2017 18:33:27 GMT" time="326.78" errors="0">
  <testcase name="runTC_SF_ManagerLogin" time="78.14" classname="testscripts.SF.SmokeTestScripts.TC_SF_ManagerLogin"/>
  <testcase name="runTC_SF_ManagerLogin" time="32.044" classname="testscripts.SF.SmokeTestScripts.TC_SF_ManagerHomePageLinks">
    <failure type="java.lang.ClassCastException" message="java.lang.StackOverflowError cannot be cast to java.lang.Exception">
      <![CDATA[java.lang.ClassCastException: java.lang.StackOverflowError cannot be cast to java.lang.Exception
	at com.cognizant.Craft.DriverScript.executeCRAFTTestIterations(DriverScript.java:577)
	at com.cognizant.Craft.DriverScript.executeCraft(DriverScript.java:162)
	at com.cognizant.Craft.DriverScript.driveTestExecution(DriverScript.java:152)
	at testscripts.SF.SmokeTestScripts.TC_SF_ManagerHomePageLinks.runTC_SF_ManagerLogin(TC_SF_ManagerHomePageLinks.java:34)
... Removed 24 stack frames]]>
    </failure>
  </testcase> <!-- runTC_SF_ManagerLogin -->
  <testcase name="runTC_SF_OBLogin" time="77.287" classname="testscripts.SF.SmokeTestScripts.TC_SF_OBLogin"/>
  <testcase name="runTC_SF_OBHomePageLinks" time="32.274" classname="testscripts.SF.SmokeTestScripts.TC_SF_OBHomePageLinks">
    <failure type="java.lang.ClassCastException" message="java.lang.StackOverflowError cannot be cast to java.lang.Exception">
      <![CDATA[java.lang.ClassCastException: java.lang.StackOverflowError cannot be cast to java.lang.Exception
	at com.cognizant.Craft.DriverScript.executeCRAFTTestIterations(DriverScript.java:577)
	at com.cognizant.Craft.DriverScript.executeCraft(DriverScript.java:162)
	at com.cognizant.Craft.DriverScript.driveTestExecution(DriverScript.java:152)
	at testscripts.SF.SmokeTestScripts.TC_SF_OBHomePageLinks.runTC_SF_OBHomePageLinks(TC_SF_OBHomePageLinks.java:34)
... Removed 24 stack frames]]>
    </failure>
  </testcase> <!-- runTC_SF_OBHomePageLinks -->
  <testcase name="runTC_SF_ManagerLogin" time="59.13" classname="testscripts.SF.SmokeTestScripts.TC_SF_CSSLogin">
    <failure type="java.lang.AssertionError" message="no such element: Unable to locate element: {&amp;quot;method&amp;quot;:&amp;quot;xpath&amp;quot;,&amp;quot;selector&amp;quot;:&amp;quot;//a[text()=&amp;apos;Continue&amp;apos;]&amp;quot;}
  (Session info: chrome=57.0.2987.110)
  (Driver info: chromedriver=2.28.455520 (cc17746adff54984afff480136733114c6b3704b),platform=Windows NT 6.1.7601 SP1 x86_64) (WARNING: The server did not provide any stacktrace information)
Command duration or timeout: 10.13 seconds
For documentation on this error, please visit: http://seleniumhq.org/exceptions/no_such_element.html
Build info: version: &amp;apos;3.0.1&amp;apos;, revision: &amp;apos;1969d75&amp;apos;, time: &amp;apos;2016-10-18 09:49:13 -0700&amp;apos;
System info: host: &amp;apos;TX717-4441WGD&amp;apos;, ip: &amp;apos;10.34.185.215&amp;apos;, os.name: &amp;apos;Windows 7&amp;apos;, os.arch: &amp;apos;amd64&amp;apos;, os.version: &amp;apos;6.1&amp;apos;, java.version: &amp;apos;1.8.0_121&amp;apos;
Driver info: org.openqa.selenium.chrome.ChromeDriver
Capabilities [{applicationCacheEnabled=false, rotatable=false, mobileEmulationEnabled=false, networkConnectionEnabled=false, chrome={chromedriverVersion=2.28.455520 (cc17746adff54984afff480136733114c6b3704b), userDataDir=C:\Users\VBOMMI~1\AppData\Local\Temp\scoped_dir15784_9789}, takesHeapSnapshot=true, pageLoadStrategy=normal, databaseEnabled=false, handlesAlerts=true, hasTouchScreen=false, version=57.0.2987.110, platform=XP, browserConnectionEnabled=false, nativeEvents=true, acceptSslCerts=true, locationContextEnabled=true, webStorageEnabled=true, browserName=chrome, takesScreenshot=true, javascriptEnabled=true, cssSelectorsEnabled=true, unexpectedAlertBehaviour=}]
Session ID: abd574a96d57d8906dceeccefd8e354c
*** Element info: {Using=xpath, value=//a[text()=&amp;apos;Continue&amp;apos;]}">
      <![CDATA[java.lang.AssertionError: no such element: Unable to locate element: {"method":"xpath","selector":"//a[text()='Continue']"}
  (Session info: chrome=57.0.2987.110)
  (Driver info: chromedriver=2.28.455520 (cc17746adff54984afff480136733114c6b3704b),platform=Windows NT 6.1.7601 SP1 x86_64) (WARNING: The server did not provide any stacktrace information)
Command duration or timeout: 10.13 seconds
For documentation on this error, please visit: http://seleniumhq.org/exceptions/no_such_element.html
Build info: version: '3.0.1', revision: '1969d75', time: '2016-10-18 09:49:13 -0700'
System info: host: 'TX717-4441WGD', ip: '10.34.185.215', os.name: 'Windows 7', os.arch: 'amd64', os.version: '6.1', java.version: '1.8.0_121'
Driver info: org.openqa.selenium.chrome.ChromeDriver
Capabilities [{applicationCacheEnabled=false, rotatable=false, mobileEmulationEnabled=false, networkConnectionEnabled=false, chrome={chromedriverVersion=2.28.455520 (cc17746adff54984afff480136733114c6b3704b), userDataDir=C:\Users\VBOMMI~1\AppData\Local\Temp\scoped_dir15784_9789}, takesHeapSnapshot=true, pageLoadStrategy=normal, databaseEnabled=false, handlesAlerts=true, hasTouchScreen=false, version=57.0.2987.110, platform=XP, browserConnectionEnabled=false, nativeEvents=true, acceptSslCerts=true, locationContextEnabled=true, webStorageEnabled=true, browserName=chrome, takesScreenshot=true, javascriptEnabled=true, cssSelectorsEnabled=true, unexpectedAlertBehaviour=}]
Session ID: abd574a96d57d8906dceeccefd8e354c
*** Element info: {Using=xpath, value=//a[text()='Continue']}
	at com.cognizant.Craft.CRAFTTestCase.tearDownTestRunner(CRAFTTestCase.java:105)
	at testscripts.SF.SmokeTestScripts.TC_SF_CSSLogin.runTC_SF_ManagerLogin(TC_SF_CSSLogin.java:37)
... Removed 25 stack frames]]>
    </failure>
  </testcase> <!-- runTC_SF_ManagerLogin -->
  <testcase name="runTC_SF_CSSHomePageLinks" time="47.853" classname="testscripts.SF.SmokeTestScripts.TC_SF_CSSHomePageLinks">
    <failure type="java.lang.ClassCastException" message="java.lang.StackOverflowError cannot be cast to java.lang.Exception">
      <![CDATA[java.lang.ClassCastException: java.lang.StackOverflowError cannot be cast to java.lang.Exception
	at com.cognizant.Craft.DriverScript.executeCRAFTTestIterations(DriverScript.java:577)
	at com.cognizant.Craft.DriverScript.executeCraft(DriverScript.java:162)
	at com.cognizant.Craft.DriverScript.driveTestExecution(DriverScript.java:152)
	at testscripts.SF.SmokeTestScripts.TC_SF_CSSHomePageLinks.runTC_SF_CSSHomePageLinks(TC_SF_CSSHomePageLinks.java:34)
... Removed 24 stack frames]]>
    </failure>
  </testcase> <!-- runTC_SF_CSSHomePageLinks -->
</testsuite> <!-- Smoke Test -->
