<?xml version="1.0" encoding="UTF-8"?>
<!-- Generated by org.testng.reporters.JUnitReportReporter -->
<testsuite hostname="TX717-4441WGD" name="testscripts.SF.SmokeTestScripts.TC_SF_OBAddNewPersonalInformation" tests="1" failures="1" timestamp="19 Apr 2017 03:23:53 GMT" time="97.160" errors="0">
  <testcase name="runTC_SF_OBAddNewPersonalInformation" time="97.160" classname="testscripts.SF.SmokeTestScripts.TC_SF_OBAddNewPersonalInformation">
    <failure type="java.lang.AssertionError" message="Create Private Notes Personal Information Page is not having all the fields::">
      <![CDATA[java.lang.AssertionError: Create Private Notes Personal Information Page is not having all the fields::
	at org.testng.Assert.fail(Assert.java:94)
	at com.cognizant.Craft.CRAFTTestCase.tearDownTestRunner(CRAFTTestCase.java:105)
	at testscripts.SF.SmokeTestScripts.TC_SF_OBAddNewPersonalInformation.runTC_SF_OBAddNewPersonalInformation(TC_SF_OBAddNewPersonalInformation.java:35)
	at sun.reflect.NativeMethodAccessorImpl.invoke0(Native Method)
	at sun.reflect.NativeMethodAccessorImpl.invoke(Unknown Source)
	at sun.reflect.DelegatingMethodAccessorImpl.invoke(Unknown Source)
	at java.lang.reflect.Method.invoke(Unknown Source)
	at org.testng.internal.MethodInvocationHelper.invokeMethod(MethodInvocationHelper.java:86)
	at org.testng.internal.Invoker.invokeMethod(Invoker.java:643)
	at org.testng.internal.Invoker.invokeTestMethod(Invoker.java:820)
	at org.testng.internal.Invoker.invokeTestMethods(Invoker.java:1128)
	at org.testng.internal.TestMethodWorker.invokeTestMethods(TestMethodWorker.java:129)
	at org.testng.internal.TestMethodWorker.run(TestMethodWorker.java:112)
	at java.util.concurrent.ThreadPoolExecutor.runWorker(Unknown Source)
	at java.util.concurrent.ThreadPoolExecutor$Worker.run(Unknown Source)
	at java.lang.Thread.run(Unknown Source)
]]>
    </failure>
  </testcase> <!-- runTC_SF_OBAddNewPersonalInformation -->
</testsuite> <!-- testscripts.SF.SmokeTestScripts.TC_SF_OBAddNewPersonalInformation -->
