<?xml version="1.0" encoding="UTF-8"?>
<!-- Generated by org.testng.reporters.JUnitXMLReporter -->
<testsuite hostname="TX717-4441WGD" name="Smoke Test" tests="7" failures="2" timestamp="12 Sep 2017 20:02:23 GMT" time="214.12" errors="0">
  <testcase name="runTC_SF_CMAPACBrokerHomeVerifyingTabsOnHomePage" time="21.052" classname="testscripts.SF.Release37TestScripts.TC_SF_CMAPACBrokerHomeVerifyingTabsOnHomePage">
    <failure type="java.lang.AssertionError" message="15">
      <![CDATA[java.lang.AssertionError: 15
	at com.cognizant.Craft.CRAFTTestCase.tearDownTestRunner(CRAFTTestCase.java:105)
	at testscripts.SF.Release37TestScripts.TC_SF_CMAPACBrokerHomeVerifyingTabsOnHomePage.runTC_SF_CMAPACBrokerHomeVerifyingTabsOnHomePage(TC_SF_CMAPACBrokerHomeVerifyingTabsOnHomePage.java:36)
	at java.util.concurrent.ThreadPoolExecutor.runWorker(ThreadPoolExecutor.java:1142)
	at java.util.concurrent.ThreadPoolExecutor$Worker.run(ThreadPoolExecutor.java:617)
	at java.lang.Thread.run(Thread.java:745)
... Removed 11 stack frames]]>
    </failure>
  </testcase> <!-- runTC_SF_CMAPACBrokerHomeVerifyingTabsOnHomePage -->
  <testcase name="runTC_SF_OBAMERManagerLeadsCreateLead" time="77.883" classname="testscripts.SF.RegressionTestScripts.TC_SF_OBAMERManagerLeadsCreateLead"/>
  <testcase name="runTC_SF_ABAMERBrokerLeadsCreateLead" time="62.908" classname="testscripts.SF.RegressionTestScripts.TC_SF_ABAMERBrokerLeadsCreateLead"/>
  <testcase name="runTC_SF_ABAMERManagerLeadsVerifyCreateLead" time="62.352" classname="testscripts.SF.RegressionTestScripts.TC_SF_ABAMERManagerLeadsVerifyCreateLead"/>
  <testcase name="runTC_SF_OBAMERBrokerAccountsAddPrivateNote" time="86.66" classname="testscripts.SF.RegressionTestScripts.TC_SF_OBAMERBrokerAccountsAddPrivateNote"/>
  <testcase name="runTC_SF_OBAMERCSSLeadsDetailsPage" time="46.388" classname="testscripts.SF.RegressionTestScripts.TC_SF_OBAMERCSSLeadsDetailsPage"/>
  <testcase name="runTC_SF_OBAMERBrokerLeadsDetailsPage" time="49.56" classname="testscripts.SF.RegressionTestScripts.TC_SF_OBAMERBrokerLeadsDetailsPage">
    <failure type="java.lang.AssertionError" message="All fields are not present in the Additional Information section">
      <![CDATA[java.lang.AssertionError: All fields are not present in the Additional Information section
	at com.cognizant.Craft.CRAFTTestCase.tearDownTestRunner(CRAFTTestCase.java:105)
	at testscripts.SF.RegressionTestScripts.TC_SF_OBAMERBrokerLeadsDetailsPage.runTC_SF_OBAMERBrokerLeadsDetailsPage(TC_SF_OBAMERBrokerLeadsDetailsPage.java:35)
	at java.util.concurrent.ThreadPoolExecutor.runWorker(ThreadPoolExecutor.java:1142)
	at java.util.concurrent.ThreadPoolExecutor$Worker.run(ThreadPoolExecutor.java:617)
	at java.lang.Thread.run(Thread.java:745)
... Removed 11 stack frames]]>
    </failure>
  </testcase> <!-- runTC_SF_OBAMERBrokerLeadsDetailsPage -->
</testsuite> <!-- Smoke Test -->
