<html>
<head>
<title>TestNG:  Smoke Test</title>
<link href="../testng.css" rel="stylesheet" type="text/css" />
<link href="../my-testng.css" rel="stylesheet" type="text/css" />

<style type="text/css">
.log { display: none;} 
.stack-trace { display: none;} 
</style>
<script type="text/javascript">
<!--
function flip(e) {
  current = e.style.display;
  if (current == 'block') {
    e.style.display = 'none';
    return 0;
  }
  else {
    e.style.display = 'block';
    return 1;
  }
}

function toggleBox(szDivId, elem, msg1, msg2)
{
  var res = -1;  if (document.getElementById) {
    res = flip(document.getElementById(szDivId));
  }
  else if (document.all) {
    // this is the way old msie versions work
    res = flip(document.all[szDivId]);
  }
  if(elem) {
    if(res == 0) elem.innerHTML = msg1; else elem.innerHTML = msg2;
  }

}

function toggleAllBoxes() {
  if (document.getElementsByTagName) {
    d = document.getElementsByTagName('div');
    for (i = 0; i < d.length; i++) {
      if (d[i].className == 'log') {
        flip(d[i]);
      }
    }
  }
}

// -->
</script>

</head>
<body>
<h2 align='center'>Smoke Test</h2><table border='1' align="center">
<tr>
<td>Tests passed/Failed/Skipped:</td><td>5/2/0</td>
</tr><tr>
<td>Started on:</td><td>Tue Sep 12 14:58:49 CDT 2017</td>
</tr>
<tr><td>Total time:</td><td>214 seconds (214120 ms)</td>
</tr><tr>
<td>Included groups:</td><td></td>
</tr><tr>
<td>Excluded groups:</td><td></td>
</tr>
</table><p/>
<small><i>(Hover the method name to see the test class name)</i></small><p/>
<table width='100%' border='1' class='invocation-failed'>
<tr><td colspan='4' align='center'><b>FAILED TESTS</b></td></tr>
<tr><td><b>Test method</b></td>
<td width="30%"><b>Exception</b></td>
<td width="10%"><b>Time (seconds)</b></td>
<td><b>Instance</b></td>
</tr>
<tr>
<td title='testscripts.SF.Release37TestScripts.TC_SF_CMAPACBrokerHomeVerifyingTabsOnHomePage.runTC_SF_CMAPACBrokerHomeVerifyingTabsOnHomePage()'><b>runTC_SF_CMAPACBrokerHomeVerifyingTabsOnHomePage</b><br>Test class: testscripts.SF.Release37TestScripts.TC_SF_CMAPACBrokerHomeVerifyingTabsOnHomePage<br>Parameters: Instance1, LOCAL, WINDOWS</td>
<td><div><pre>java.lang.AssertionError: 15
	at com.cognizant.Craft.CRAFTTestCase.tearDownTestRunner(CRAFTTestCase.java:105)
	at testscripts.SF.Release37TestScripts.TC_SF_CMAPACBrokerHomeVerifyingTabsOnHomePage.runTC_SF_CMAPACBrokerHomeVerifyingTabsOnHomePage(TC_SF_CMAPACBrokerHomeVerifyingTabsOnHomePage.java:36)
	at java.util.concurrent.ThreadPoolExecutor.runWorker(ThreadPoolExecutor.java:1142)
	at java.util.concurrent.ThreadPoolExecutor$Worker.run(ThreadPoolExecutor.java:617)
	at java.lang.Thread.run(Thread.java:745)
... Removed 11 stack frames</pre></div><a href='#' onClick='toggleBox("stack-trace179245851", this, "Click to show all stack frames", "Click to hide stack frames")'>Click to show all stack frames</a>
<div class='stack-trace' id='stack-trace179245851'><pre>java.lang.AssertionError: 15
	at org.testng.Assert.fail(Assert.java:94)
	at com.cognizant.Craft.CRAFTTestCase.tearDownTestRunner(CRAFTTestCase.java:105)
	at testscripts.SF.Release37TestScripts.TC_SF_CMAPACBrokerHomeVerifyingTabsOnHomePage.runTC_SF_CMAPACBrokerHomeVerifyingTabsOnHomePage(TC_SF_CMAPACBrokerHomeVerifyingTabsOnHomePage.java:36)
	at sun.reflect.NativeMethodAccessorImpl.invoke0(Native Method)
	at sun.reflect.NativeMethodAccessorImpl.invoke(NativeMethodAccessorImpl.java:62)
	at sun.reflect.DelegatingMethodAccessorImpl.invoke(DelegatingMethodAccessorImpl.java:43)
	at java.lang.reflect.Method.invoke(Method.java:498)
	at org.testng.internal.MethodInvocationHelper.invokeMethod(MethodInvocationHelper.java:86)
	at org.testng.internal.Invoker.invokeMethod(Invoker.java:643)
	at org.testng.internal.Invoker.invokeTestMethod(Invoker.java:820)
	at org.testng.internal.Invoker.invokeTestMethods(Invoker.java:1128)
	at org.testng.internal.TestMethodWorker.invokeTestMethods(TestMethodWorker.java:129)
	at org.testng.internal.TestMethodWorker.run(TestMethodWorker.java:112)
	at java.util.concurrent.ThreadPoolExecutor.runWorker(ThreadPoolExecutor.java:1142)
	at java.util.concurrent.ThreadPoolExecutor$Worker.run(ThreadPoolExecutor.java:617)
	at java.lang.Thread.run(Thread.java:745)
</pre></div></td>
<td>21</td>
<td>testscripts.SF.Release37TestScripts.TC_SF_CMAPACBrokerHomeVerifyingTabsOnHomePage@6adede5</td></tr>
<tr>
<td title='testscripts.SF.RegressionTestScripts.TC_SF_OBAMERBrokerLeadsDetailsPage.runTC_SF_OBAMERBrokerLeadsDetailsPage()'><b>runTC_SF_OBAMERBrokerLeadsDetailsPage</b><br>Test class: testscripts.SF.RegressionTestScripts.TC_SF_OBAMERBrokerLeadsDetailsPage<br>Parameters: Instance1, LOCAL, WINDOWS</td>
<td><div><pre>java.lang.AssertionError: All fields are not present in the Additional Information section
	at com.cognizant.Craft.CRAFTTestCase.tearDownTestRunner(CRAFTTestCase.java:105)
	at testscripts.SF.RegressionTestScripts.TC_SF_OBAMERBrokerLeadsDetailsPage.runTC_SF_OBAMERBrokerLeadsDetailsPage(TC_SF_OBAMERBrokerLeadsDetailsPage.java:35)
	at java.util.concurrent.ThreadPoolExecutor.runWorker(ThreadPoolExecutor.java:1142)
	at java.util.concurrent.ThreadPoolExecutor$Worker.run(ThreadPoolExecutor.java:617)
	at java.lang.Thread.run(Thread.java:745)
... Removed 11 stack frames</pre></div><a href='#' onClick='toggleBox("stack-trace489023080", this, "Click to show all stack frames", "Click to hide stack frames")'>Click to show all stack frames</a>
<div class='stack-trace' id='stack-trace489023080'><pre>java.lang.AssertionError: All fields are not present in the Additional Information section
	at org.testng.Assert.fail(Assert.java:94)
	at com.cognizant.Craft.CRAFTTestCase.tearDownTestRunner(CRAFTTestCase.java:105)
	at testscripts.SF.RegressionTestScripts.TC_SF_OBAMERBrokerLeadsDetailsPage.runTC_SF_OBAMERBrokerLeadsDetailsPage(TC_SF_OBAMERBrokerLeadsDetailsPage.java:35)
	at sun.reflect.NativeMethodAccessorImpl.invoke0(Native Method)
	at sun.reflect.NativeMethodAccessorImpl.invoke(NativeMethodAccessorImpl.java:62)
	at sun.reflect.DelegatingMethodAccessorImpl.invoke(DelegatingMethodAccessorImpl.java:43)
	at java.lang.reflect.Method.invoke(Method.java:498)
	at org.testng.internal.MethodInvocationHelper.invokeMethod(MethodInvocationHelper.java:86)
	at org.testng.internal.Invoker.invokeMethod(Invoker.java:643)
	at org.testng.internal.Invoker.invokeTestMethod(Invoker.java:820)
	at org.testng.internal.Invoker.invokeTestMethods(Invoker.java:1128)
	at org.testng.internal.TestMethodWorker.invokeTestMethods(TestMethodWorker.java:129)
	at org.testng.internal.TestMethodWorker.run(TestMethodWorker.java:112)
	at java.util.concurrent.ThreadPoolExecutor.runWorker(ThreadPoolExecutor.java:1142)
	at java.util.concurrent.ThreadPoolExecutor$Worker.run(ThreadPoolExecutor.java:617)
	at java.lang.Thread.run(Thread.java:745)
</pre></div></td>
<td>49</td>
<td>testscripts.SF.RegressionTestScripts.TC_SF_OBAMERBrokerLeadsDetailsPage@64bfbc86</td></tr>
</table><p>
<table width='100%' border='1' class='invocation-passed'>
<tr><td colspan='4' align='center'><b>PASSED TESTS</b></td></tr>
<tr><td><b>Test method</b></td>
<td width="30%"><b>Exception</b></td>
<td width="10%"><b>Time (seconds)</b></td>
<td><b>Instance</b></td>
</tr>
<tr>
<td title='testscripts.SF.RegressionTestScripts.TC_SF_ABAMERBrokerLeadsCreateLead.runTC_SF_ABAMERBrokerLeadsCreateLead()'><b>runTC_SF_ABAMERBrokerLeadsCreateLead</b><br>Test class: testscripts.SF.RegressionTestScripts.TC_SF_ABAMERBrokerLeadsCreateLead<br>Parameters: Instance1, LOCAL, WINDOWS</td>
<td></td>
<td>62</td>
<td>testscripts.SF.RegressionTestScripts.TC_SF_ABAMERBrokerLeadsCreateLead@5025a98f</td></tr>
<tr>
<td title='testscripts.SF.RegressionTestScripts.TC_SF_ABAMERManagerLeadsVerifyCreateLead.runTC_SF_ABAMERManagerLeadsVerifyCreateLead()'><b>runTC_SF_ABAMERManagerLeadsVerifyCreateLead</b><br>Test class: testscripts.SF.RegressionTestScripts.TC_SF_ABAMERManagerLeadsVerifyCreateLead<br>Parameters: Instance1, LOCAL, WINDOWS</td>
<td></td>
<td>62</td>
<td>testscripts.SF.RegressionTestScripts.TC_SF_ABAMERManagerLeadsVerifyCreateLead@20322d26</td></tr>
<tr>
<td title='testscripts.SF.RegressionTestScripts.TC_SF_OBAMERBrokerAccountsAddPrivateNote.runTC_SF_OBAMERBrokerAccountsAddPrivateNote()'><b>runTC_SF_OBAMERBrokerAccountsAddPrivateNote</b><br>Test class: testscripts.SF.RegressionTestScripts.TC_SF_OBAMERBrokerAccountsAddPrivateNote<br>Parameters: Instance1, LOCAL, WINDOWS</td>
<td></td>
<td>86</td>
<td>testscripts.SF.RegressionTestScripts.TC_SF_OBAMERBrokerAccountsAddPrivateNote@49993335</td></tr>
<tr>
<td title='testscripts.SF.RegressionTestScripts.TC_SF_OBAMERCSSLeadsDetailsPage.runTC_SF_OBAMERCSSLeadsDetailsPage()'><b>runTC_SF_OBAMERCSSLeadsDetailsPage</b><br>Test class: testscripts.SF.RegressionTestScripts.TC_SF_OBAMERCSSLeadsDetailsPage<br>Parameters: Instance1, LOCAL, WINDOWS</td>
<td></td>
<td>46</td>
<td>testscripts.SF.RegressionTestScripts.TC_SF_OBAMERCSSLeadsDetailsPage@192b07fd</td></tr>
<tr>
<td title='testscripts.SF.RegressionTestScripts.TC_SF_OBAMERManagerLeadsCreateLead.runTC_SF_OBAMERManagerLeadsCreateLead()'><b>runTC_SF_OBAMERManagerLeadsCreateLead</b><br>Test class: testscripts.SF.RegressionTestScripts.TC_SF_OBAMERManagerLeadsCreateLead<br>Parameters: Instance1, LOCAL, WINDOWS</td>
<td></td>
<td>77</td>
<td>testscripts.SF.RegressionTestScripts.TC_SF_OBAMERManagerLeadsCreateLead@2d928643</td></tr>
</table><p>
</body>
</html>