<?xml version="1.0" encoding="UTF-8"?>
<!-- Generated by org.testng.reporters.JUnitReportReporter -->
<testsuite hostname="TX590-5R10QN2" name="testscripts.SF.RegressionTestScripts.TC_SF_ABAMERBrokerLeadsSharingFunctionalityPage" tests="1" failures="1" timestamp="10 May 2018 14:28:23 GMT" time="43.063" errors="0">
  <testcase name="runTC_SF_ABAMERBrokerLeadsSharingFunctionalityPage" time="43.063" classname="testscripts.SF.RegressionTestScripts.TC_SF_ABAMERBrokerLeadsSharingFunctionalityPage">
    <failure type="java.lang.AssertionError" message="unknown error: unhandled inspector error: {&quot;code&quot;:-32000,&quot;message&quot;:&quot;Cannot find context with specified id&quot;}
  (Session info: chrome=66.0.3359.139)
  (Driver info: chromedriver=2.35.528161 (5b82f2d2aae0ca24b877009200ced9065a772e73),platform=Windows NT 10.0.14393 x86_64) (WARNING: The server did not provide any stacktrace information)
Command duration or timeout: 0 milliseconds
Build info: version: &#039;3.6.0&#039;, revision: &#039;6fbf3ec767&#039;, time: &#039;2017-09-27T15:28:36.4Z&#039;
System info: host: &#039;TX590-5R10QN2&#039;, ip: &#039;10.22.20.80&#039;, os.name: &#039;Windows 10&#039;, os.arch: &#039;amd64&#039;, os.version: &#039;10.0&#039;, java.version: &#039;1.8.0_171&#039;
Driver info: org.openqa.selenium.chrome.ChromeDriver
Capabilities [{mobileEmulationEnabled=false, hasTouchScreen=false, platform=XP, acceptSslCerts=false, acceptInsecureCerts=false, webStorageEnabled=true, browserName=chrome, takesScreenshot=true, javascriptEnabled=true, platformName=XP, setWindowRect=true, unexpectedAlertBehaviour=, applicationCacheEnabled=false, rotatable=false, networkConnectionEnabled=false, chrome={chromedriverVersion=2.35.528161 (5b82f2d2aae0ca24b877009200ced9065a772e73), userDataDir=C:\Users\RNALLA~1\AppData\Local\Temp\scoped_dir10192_16163}, takesHeapSnapshot=true, pageLoadStrategy=normal, unhandledPromptBehavior=, databaseEnabled=false, handlesAlerts=true, version=66.0.3359.139, browserConnectionEnabled=false, nativeEvents=true, locationContextEnabled=true, cssSelectorsEnabled=true}]
Session ID: 7b77050358eb1892c714a3917bf5f799
*** Element info: {Using=xpath, value=.//option[normalize-space(.) = &quot;User: vishnuvardhan bommisetty&quot;]}">
      <![CDATA[java.lang.AssertionError: unknown error: unhandled inspector error: {"code":-32000,"message":"Cannot find context with specified id"}
  (Session info: chrome=66.0.3359.139)
  (Driver info: chromedriver=2.35.528161 (5b82f2d2aae0ca24b877009200ced9065a772e73),platform=Windows NT 10.0.14393 x86_64) (WARNING: The server did not provide any stacktrace information)
Command duration or timeout: 0 milliseconds
Build info: version: '3.6.0', revision: '6fbf3ec767', time: '2017-09-27T15:28:36.4Z'
System info: host: 'TX590-5R10QN2', ip: '10.22.20.80', os.name: 'Windows 10', os.arch: 'amd64', os.version: '10.0', java.version: '1.8.0_171'
Driver info: org.openqa.selenium.chrome.ChromeDriver
Capabilities [{mobileEmulationEnabled=false, hasTouchScreen=false, platform=XP, acceptSslCerts=false, acceptInsecureCerts=false, webStorageEnabled=true, browserName=chrome, takesScreenshot=true, javascriptEnabled=true, platformName=XP, setWindowRect=true, unexpectedAlertBehaviour=, applicationCacheEnabled=false, rotatable=false, networkConnectionEnabled=false, chrome={chromedriverVersion=2.35.528161 (5b82f2d2aae0ca24b877009200ced9065a772e73), userDataDir=C:\Users\RNALLA~1\AppData\Local\Temp\scoped_dir10192_16163}, takesHeapSnapshot=true, pageLoadStrategy=normal, unhandledPromptBehavior=, databaseEnabled=false, handlesAlerts=true, version=66.0.3359.139, browserConnectionEnabled=false, nativeEvents=true, locationContextEnabled=true, cssSelectorsEnabled=true}]
Session ID: 7b77050358eb1892c714a3917bf5f799
*** Element info: {Using=xpath, value=.//option[normalize-space(.) = "User: vishnuvardhan bommisetty"]}
	at org.testng.Assert.fail(Assert.java:94)
	at com.cognizant.Craft.CRAFTTestCase.tearDownTestRunner(CRAFTTestCase.java:149)
	at testscripts.SF.RegressionTestScripts.TC_SF_ABAMERBrokerLeadsSharingFunctionalityPage.runTC_SF_ABAMERBrokerLeadsSharingFunctionalityPage(TC_SF_ABAMERBrokerLeadsSharingFunctionalityPage.java:35)
	at sun.reflect.NativeMethodAccessorImpl.invoke0(Native Method)
	at sun.reflect.NativeMethodAccessorImpl.invoke(Unknown Source)
	at sun.reflect.DelegatingMethodAccessorImpl.invoke(Unknown Source)
	at java.lang.reflect.Method.invoke(Unknown Source)
	at org.testng.internal.MethodInvocationHelper.invokeMethod(MethodInvocationHelper.java:86)
	at org.testng.internal.Invoker.invokeMethod(Invoker.java:643)
	at org.testng.internal.Invoker.invokeTestMethod(Invoker.java:820)
	at org.testng.internal.Invoker.invokeTestMethods(Invoker.java:1128)
	at org.testng.internal.TestMethodWorker.invokeTestMethods(TestMethodWorker.java:129)
	at org.testng.internal.TestMethodWorker.run(TestMethodWorker.java:112)
	at java.util.concurrent.ThreadPoolExecutor.runWorker(Unknown Source)
	at java.util.concurrent.ThreadPoolExecutor$Worker.run(Unknown Source)
	at java.lang.Thread.run(Unknown Source)
]]>
    </failure>
  </testcase> <!-- runTC_SF_ABAMERBrokerLeadsSharingFunctionalityPage -->
</testsuite> <!-- testscripts.SF.RegressionTestScripts.TC_SF_ABAMERBrokerLeadsSharingFunctionalityPage -->
