<?xml version="1.0" encoding="UTF-8"?>
<!-- Generated by org.testng.reporters.JUnitReportReporter -->
<testsuite hostname="TX604-7235QTD" name="testscripts.SF.RegressionTestScriptsOpp.TC_SF_ABAPACBrokerOpportunitySharing" tests="1" failures="1" timestamp="19 Mar 2018 04:17:47 GMT" time="64.179" errors="0">
  <testcase name="runTC_SF_ABAPACBrokerOpportunitySharing" time="64.179" classname="testscripts.SF.RegressionTestScriptsOpp.TC_SF_ABAPACBrokerOpportunitySharing">
    <failure type="java.lang.AssertionError" message="unknown error: Element &lt;a class=&quot;slds-truncate outputLookupLink slds-truncate forceOutputLookup&quot; data-ownerid=&quot;1901:0&quot; data-refid=&quot;recordId&quot; data-recordid=&quot;006i000000gHKFCAA4&quot; data-special-link=&quot;true&quot; href=&quot;/one/one.app#/sObject/006i000000gHKFCAA4/view&quot; target=&quot;_blank&quot; rel=&quot;noreferrer&quot; title=&quot;*HIGHLY CONFIDENTIAL* Central Barangaroo, Sydney NSW&quot; data-aura-rendered-by=&quot;1910:0&quot; data-aura-class=&quot;forceOutputLookup&quot;&gt;...&lt;/a&gt; is not clickable at point (192, 613). Other element would receive the click: &lt;div class=&quot;slds-spinner_container slds-grid&quot; data-aura-rendered-by=&quot;1389:0&quot;&gt;...&lt;/div&gt;
  (Session info: chrome=65.0.3325.162)
  (Driver info: chromedriver=2.35.528161 (5b82f2d2aae0ca24b877009200ced9065a772e73),platform=Windows NT 10.0.14393 x86_64) (WARNING: The server did not provide any stacktrace information)
Command duration or timeout: 127 milliseconds
Build info: version: &#039;3.0.1&#039;, revision: &#039;1969d75&#039;, time: &#039;2016-10-18 09:49:13 -0700&#039;
System info: host: &#039;TX604-7235QTD&#039;, ip: &#039;10.153.5.70&#039;, os.name: &#039;Windows 10&#039;, os.arch: &#039;amd64&#039;, os.version: &#039;10.0&#039;, java.version: &#039;1.8.0_162&#039;
Driver info: org.openqa.selenium.chrome.ChromeDriver
Capabilities [{applicationCacheEnabled=false, rotatable=false, mobileEmulationEnabled=false, networkConnectionEnabled=false, chrome={chromedriverVersion=2.35.528161 (5b82f2d2aae0ca24b877009200ced9065a772e73), userDataDir=C:\Users\SBitra\AppData\Local\Temp\scoped_dir17088_28072}, takesHeapSnapshot=true, pageLoadStrategy=normal, databaseEnabled=false, handlesAlerts=true, hasTouchScreen=false, version=65.0.3325.162, platform=XP, browserConnectionEnabled=false, nativeEvents=true, acceptSslCerts=false, acceptInsecureCerts=false, locationContextEnabled=true, webStorageEnabled=true, browserName=chrome, takesScreenshot=true, javascriptEnabled=true, cssSelectorsEnabled=true, setWindowRect=true, unexpectedAlertBehaviour=}]
Session ID: a71e9775bd9cf5f40643d0e6a8dfdd9a">
      <![CDATA[java.lang.AssertionError: unknown error: Element <a class="slds-truncate outputLookupLink slds-truncate forceOutputLookup" data-ownerid="1901:0" data-refid="recordId" data-recordid="006i000000gHKFCAA4" data-special-link="true" href="/one/one.app#/sObject/006i000000gHKFCAA4/view" target="_blank" rel="noreferrer" title="*HIGHLY CONFIDENTIAL* Central Barangaroo, Sydney NSW" data-aura-rendered-by="1910:0" data-aura-class="forceOutputLookup">...</a> is not clickable at point (192, 613). Other element would receive the click: <div class="slds-spinner_container slds-grid" data-aura-rendered-by="1389:0">...</div>
  (Session info: chrome=65.0.3325.162)
  (Driver info: chromedriver=2.35.528161 (5b82f2d2aae0ca24b877009200ced9065a772e73),platform=Windows NT 10.0.14393 x86_64) (WARNING: The server did not provide any stacktrace information)
Command duration or timeout: 127 milliseconds
Build info: version: '3.0.1', revision: '1969d75', time: '2016-10-18 09:49:13 -0700'
System info: host: 'TX604-7235QTD', ip: '10.153.5.70', os.name: 'Windows 10', os.arch: 'amd64', os.version: '10.0', java.version: '1.8.0_162'
Driver info: org.openqa.selenium.chrome.ChromeDriver
Capabilities [{applicationCacheEnabled=false, rotatable=false, mobileEmulationEnabled=false, networkConnectionEnabled=false, chrome={chromedriverVersion=2.35.528161 (5b82f2d2aae0ca24b877009200ced9065a772e73), userDataDir=C:\Users\SBitra\AppData\Local\Temp\scoped_dir17088_28072}, takesHeapSnapshot=true, pageLoadStrategy=normal, databaseEnabled=false, handlesAlerts=true, hasTouchScreen=false, version=65.0.3325.162, platform=XP, browserConnectionEnabled=false, nativeEvents=true, acceptSslCerts=false, acceptInsecureCerts=false, locationContextEnabled=true, webStorageEnabled=true, browserName=chrome, takesScreenshot=true, javascriptEnabled=true, cssSelectorsEnabled=true, setWindowRect=true, unexpectedAlertBehaviour=}]
Session ID: a71e9775bd9cf5f40643d0e6a8dfdd9a
	at org.testng.Assert.fail(Assert.java:94)
	at com.cognizant.Craft.CRAFTTestCase.tearDownTestRunner(CRAFTTestCase.java:149)
	at testscripts.SF.RegressionTestScriptsOpp.TC_SF_ABAPACBrokerOpportunitySharing.runTC_SF_ABAPACBrokerOpportunitySharing(TC_SF_ABAPACBrokerOpportunitySharing.java:34)
	at sun.reflect.NativeMethodAccessorImpl.invoke0(Native Method)
	at sun.reflect.NativeMethodAccessorImpl.invoke(Unknown Source)
	at sun.reflect.DelegatingMethodAccessorImpl.invoke(Unknown Source)
	at java.lang.reflect.Method.invoke(Unknown Source)
	at org.testng.internal.MethodInvocationHelper.invokeMethod(MethodInvocationHelper.java:86)
	at org.testng.internal.Invoker.invokeMethod(Invoker.java:643)
	at org.testng.internal.Invoker.invokeTestMethod(Invoker.java:820)
	at org.testng.internal.Invoker.invokeTestMethods(Invoker.java:1128)
	at org.testng.internal.TestMethodWorker.invokeTestMethods(TestMethodWorker.java:129)
	at org.testng.internal.TestMethodWorker.run(TestMethodWorker.java:112)
	at java.util.concurrent.ThreadPoolExecutor.runWorker(Unknown Source)
	at java.util.concurrent.ThreadPoolExecutor$Worker.run(Unknown Source)
	at java.lang.Thread.run(Unknown Source)
]]>
    </failure>
  </testcase> <!-- runTC_SF_ABAPACBrokerOpportunitySharing -->
</testsuite> <!-- testscripts.SF.RegressionTestScriptsOpp.TC_SF_ABAPACBrokerOpportunitySharing -->
