<?xml version="1.0" encoding="UTF-8"?>
<!-- Generated by org.testng.reporters.JUnitReportReporter -->
<testsuite hostname="TX717-4441WGD" name="testscripts.SF.RegressionTestScriptsOpp.TC_SF_ABAMERBrokerAssociateProperty" tests="1" failures="0" timestamp="19 Jun 2017 18:52:14 GMT" time="7.773" errors="1">
  <testcase name="runTC_SF_ABAMERBrokerAssociateProperty" time="7.773" classname="testscripts.SF.RegressionTestScriptsOpp.TC_SF_ABAMERBrokerAssociateProperty">
    <error type="com.cognizant.framework.FrameworkException" message="The test case &quot;TC_SF_ABAMERBrokerAssociateProperty&quot; is not found in the Business Flow sheet!">
      <![CDATA[com.cognizant.framework.FrameworkException: The test case "TC_SF_ABAMERBrokerAssociateProperty" is not found in the Business Flow sheet!
	at com.cognizant.Craft.DriverScript.initializeBusinessFlow(DriverScript.java:559)
	at com.cognizant.Craft.DriverScript.initializeTestScript(DriverScript.java:544)
	at com.cognizant.Craft.DriverScript.executeCraft(DriverScript.java:156)
	at com.cognizant.Craft.DriverScript.driveTestExecution(DriverScript.java:150)
	at testscripts.SF.RegressionTestScriptsOpp.TC_SF_ABAMERBrokerAssociateProperty.runTC_SF_ABAMERBrokerAssociateProperty(TC_SF_ABAMERBrokerAssociateProperty.java:33)
	at sun.reflect.NativeMethodAccessorImpl.invoke0(Native Method)
	at sun.reflect.NativeMethodAccessorImpl.invoke(NativeMethodAccessorImpl.java:62)
	at sun.reflect.DelegatingMethodAccessorImpl.invoke(DelegatingMethodAccessorImpl.java:43)
	at java.lang.reflect.Method.invoke(Method.java:498)
	at org.testng.internal.MethodInvocationHelper.invokeMethod(MethodInvocationHelper.java:86)
	at org.testng.internal.Invoker.invokeMethod(Invoker.java:643)
	at org.testng.internal.Invoker.invokeTestMethod(Invoker.java:820)
	at org.testng.internal.Invoker.invokeTestMethods(Invoker.java:1128)
	at org.testng.internal.TestMethodWorker.invokeTestMethods(TestMethodWorker.java:129)
	at org.testng.internal.TestMethodWorker.run(TestMethodWorker.java:112)
	at java.util.concurrent.ThreadPoolExecutor.runWorker(ThreadPoolExecutor.java:1142)
	at java.util.concurrent.ThreadPoolExecutor$Worker.run(ThreadPoolExecutor.java:617)
	at java.lang.Thread.run(Thread.java:745)
]]>
    </error>
  </testcase> <!-- runTC_SF_ABAMERBrokerAssociateProperty -->
</testsuite> <!-- testscripts.SF.RegressionTestScriptsOpp.TC_SF_ABAMERBrokerAssociateProperty -->
