<?xml version="1.0" encoding="UTF-8"?>
<!-- Generated by org.testng.reporters.JUnitReportReporter -->
<testsuite hostname="TX604-7235QTD" name="testscripts.SF.RegressionTestScripts.TC_SF_OBAMERAdminAccountsVerifySPOCs" tests="1" failures="1" timestamp="19 Mar 2018 15:05:10 GMT" time="31.252" errors="0">
  <testcase name="runTC_SF_OBAMERAdminAccountsVerifySPOCs" time="31.252" classname="testscripts.SF.RegressionTestScripts.TC_SF_OBAMERAdminAccountsVerifySPOCs">
    <failure type="java.lang.AssertionError" message="unknown error: Element &lt;a class=&quot;slds-truncate outputLookupLink slds-truncate forceOutputLookup&quot; data-ownerid=&quot;2079:0&quot; data-refid=&quot;recordId&quot; data-recordid=&quot;0010R000009gDrlQAE&quot; data-special-link=&quot;true&quot; href=&quot;/one/one.app#/sObject/0010R000009gDrlQAE/view&quot; target=&quot;_blank&quot; rel=&quot;noreferrer&quot; title=&quot;Albert Heijn - CBRE Account&quot; data-aura-rendered-by=&quot;2088:0&quot; data-aura-class=&quot;forceOutputLookup&quot;&gt;...&lt;/a&gt; is not clickable at point (163, 295). Other element would receive the click: &lt;div class=&quot;slds-spinner_container slds-grid&quot; data-aura-rendered-by=&quot;1453:0&quot;&gt;...&lt;/div&gt;
  (Session info: chrome=65.0.3325.162)
  (Driver info: chromedriver=2.35.528161 (5b82f2d2aae0ca24b877009200ced9065a772e73),platform=Windows NT 10.0.14393 x86_64) (WARNING: The server did not provide any stacktrace information)
Command duration or timeout: 138 milliseconds
Build info: version: &#039;3.0.1&#039;, revision: &#039;1969d75&#039;, time: &#039;2016-10-18 09:49:13 -0700&#039;
System info: host: &#039;TX604-7235QTD&#039;, ip: &#039;192.168.1.109&#039;, os.name: &#039;Windows 10&#039;, os.arch: &#039;amd64&#039;, os.version: &#039;10.0&#039;, java.version: &#039;1.8.0_162&#039;
Driver info: org.openqa.selenium.chrome.ChromeDriver
Capabilities [{applicationCacheEnabled=false, rotatable=false, mobileEmulationEnabled=false, networkConnectionEnabled=false, chrome={chromedriverVersion=2.35.528161 (5b82f2d2aae0ca24b877009200ced9065a772e73), userDataDir=C:\Users\SBitra\AppData\Local\Temp\scoped_dir10104_22870}, takesHeapSnapshot=true, pageLoadStrategy=normal, databaseEnabled=false, handlesAlerts=true, hasTouchScreen=false, version=65.0.3325.162, platform=XP, browserConnectionEnabled=false, nativeEvents=true, acceptSslCerts=false, acceptInsecureCerts=false, locationContextEnabled=true, webStorageEnabled=true, browserName=chrome, takesScreenshot=true, javascriptEnabled=true, cssSelectorsEnabled=true, setWindowRect=true, unexpectedAlertBehaviour=}]
Session ID: 02591b41fbdca13b838f202b813d33a2">
      <![CDATA[java.lang.AssertionError: unknown error: Element <a class="slds-truncate outputLookupLink slds-truncate forceOutputLookup" data-ownerid="2079:0" data-refid="recordId" data-recordid="0010R000009gDrlQAE" data-special-link="true" href="/one/one.app#/sObject/0010R000009gDrlQAE/view" target="_blank" rel="noreferrer" title="Albert Heijn - CBRE Account" data-aura-rendered-by="2088:0" data-aura-class="forceOutputLookup">...</a> is not clickable at point (163, 295). Other element would receive the click: <div class="slds-spinner_container slds-grid" data-aura-rendered-by="1453:0">...</div>
  (Session info: chrome=65.0.3325.162)
  (Driver info: chromedriver=2.35.528161 (5b82f2d2aae0ca24b877009200ced9065a772e73),platform=Windows NT 10.0.14393 x86_64) (WARNING: The server did not provide any stacktrace information)
Command duration or timeout: 138 milliseconds
Build info: version: '3.0.1', revision: '1969d75', time: '2016-10-18 09:49:13 -0700'
System info: host: 'TX604-7235QTD', ip: '192.168.1.109', os.name: 'Windows 10', os.arch: 'amd64', os.version: '10.0', java.version: '1.8.0_162'
Driver info: org.openqa.selenium.chrome.ChromeDriver
Capabilities [{applicationCacheEnabled=false, rotatable=false, mobileEmulationEnabled=false, networkConnectionEnabled=false, chrome={chromedriverVersion=2.35.528161 (5b82f2d2aae0ca24b877009200ced9065a772e73), userDataDir=C:\Users\SBitra\AppData\Local\Temp\scoped_dir10104_22870}, takesHeapSnapshot=true, pageLoadStrategy=normal, databaseEnabled=false, handlesAlerts=true, hasTouchScreen=false, version=65.0.3325.162, platform=XP, browserConnectionEnabled=false, nativeEvents=true, acceptSslCerts=false, acceptInsecureCerts=false, locationContextEnabled=true, webStorageEnabled=true, browserName=chrome, takesScreenshot=true, javascriptEnabled=true, cssSelectorsEnabled=true, setWindowRect=true, unexpectedAlertBehaviour=}]
Session ID: 02591b41fbdca13b838f202b813d33a2
	at org.testng.Assert.fail(Assert.java:94)
	at com.cognizant.Craft.CRAFTTestCase.tearDownTestRunner(CRAFTTestCase.java:149)
	at testscripts.SF.RegressionTestScripts.TC_SF_OBAMERAdminAccountsVerifySPOCs.runTC_SF_OBAMERAdminAccountsVerifySPOCs(TC_SF_OBAMERAdminAccountsVerifySPOCs.java:35)
	at sun.reflect.NativeMethodAccessorImpl.invoke0(Native Method)
	at sun.reflect.NativeMethodAccessorImpl.invoke(Unknown Source)
	at sun.reflect.DelegatingMethodAccessorImpl.invoke(Unknown Source)
	at java.lang.reflect.Method.invoke(Unknown Source)
	at org.testng.internal.MethodInvocationHelper.invokeMethod(MethodInvocationHelper.java:86)
	at org.testng.internal.Invoker.invokeMethod(Invoker.java:643)
	at org.testng.internal.Invoker.invokeTestMethod(Invoker.java:820)
	at org.testng.internal.Invoker.invokeTestMethods(Invoker.java:1128)
	at org.testng.internal.TestMethodWorker.invokeTestMethods(TestMethodWorker.java:129)
	at org.testng.internal.TestMethodWorker.run(TestMethodWorker.java:112)
	at java.util.concurrent.ThreadPoolExecutor.runWorker(Unknown Source)
	at java.util.concurrent.ThreadPoolExecutor$Worker.run(Unknown Source)
	at java.lang.Thread.run(Unknown Source)
]]>
    </failure>
  </testcase> <!-- runTC_SF_OBAMERAdminAccountsVerifySPOCs -->
</testsuite> <!-- testscripts.SF.RegressionTestScripts.TC_SF_OBAMERAdminAccountsVerifySPOCs -->
