<?xml version="1.0" encoding="UTF-8"?>
<!-- Generated by org.testng.reporters.JUnitReportReporter -->
<testsuite hostname="TX604-7235QTD" name="testscripts.SF.RegressionTestScriptsOpp.TC_SF_CMAMERBrokerSalesStage03_07" tests="1" failures="1" timestamp="19 Mar 2018 04:17:48 GMT" time="5.280" errors="0">
  <testcase name="runTC_SF_CMAMERBrokerSalesStage03_07" time="5.280" classname="testscripts.SF.RegressionTestScriptsOpp.TC_SF_CMAMERBrokerSalesStage03_07">
    <failure type="java.lang.AssertionError" message="Opportunity Sales Stage updation failed:::06-Assignment">
      <![CDATA[java.lang.AssertionError: Opportunity Sales Stage updation failed:::06-Assignment
	at org.testng.Assert.fail(Assert.java:94)
	at com.cognizant.Craft.CRAFTTestCase.tearDownTestRunner(CRAFTTestCase.java:149)
	at testscripts.SF.RegressionTestScriptsOpp.TC_SF_CMAMERBrokerSalesStage03_07.runDriverScript(TC_SF_CMAMERBrokerSalesStage03_07.java:37)
	at testscripts.SF.RegressionTestScriptsOpp.TC_SF_CMAMERBrokerSalesStage03_07.runTC_SF_CMAMERBrokerSalesStage03_07(TC_SF_CMAMERBrokerSalesStage03_07.java:31)
	at sun.reflect.NativeMethodAccessorImpl.invoke0(Native Method)
	at sun.reflect.NativeMethodAccessorImpl.invoke(Unknown Source)
	at sun.reflect.DelegatingMethodAccessorImpl.invoke(Unknown Source)
	at java.lang.reflect.Method.invoke(Unknown Source)
	at org.testng.internal.MethodInvocationHelper.invokeMethod(MethodInvocationHelper.java:86)
	at org.testng.internal.Invoker.invokeMethod(Invoker.java:643)
	at org.testng.internal.Invoker.invokeTestMethod(Invoker.java:820)
	at org.testng.internal.Invoker.invokeTestMethods(Invoker.java:1128)
	at org.testng.internal.TestMethodWorker.invokeTestMethods(TestMethodWorker.java:129)
	at org.testng.internal.TestMethodWorker.run(TestMethodWorker.java:112)
	at java.util.concurrent.ThreadPoolExecutor.runWorker(Unknown Source)
	at java.util.concurrent.ThreadPoolExecutor$Worker.run(Unknown Source)
	at java.lang.Thread.run(Unknown Source)
]]>
    </failure>
  </testcase> <!-- runTC_SF_CMAMERBrokerSalesStage03_07 -->
</testsuite> <!-- testscripts.SF.RegressionTestScriptsOpp.TC_SF_CMAMERBrokerSalesStage03_07 -->
