<?xml version="1.0" encoding="UTF-8"?>
<!-- Generated by org.testng.reporters.JUnitXMLReporter -->
<testsuite hostname="TX717-4441WGD" name="Default test" tests="1" failures="1" timestamp="12 Apr 2017 22:08:32 GMT" time="0.071" errors="0">
  <testcase name="runTC_SF_AdminHomePageLinks" time="0.02" classname="testscripts.SF.SmokeTestScripts.TC_SF_AdminHomePageLinks">
    <failure type="java.lang.IllegalArgumentException" message="No enum constant com.cognizant.framework.selenium.ExecutionMode.REMOTE">
      <![CDATA[java.lang.IllegalArgumentException: No enum constant com.cognizant.framework.selenium.ExecutionMode.REMOTE
	at java.lang.Enum.valueOf(Unknown Source)
	at com.cognizant.framework.selenium.ExecutionMode.valueOf(ExecutionMode.java:1)
	at com.cognizant.Craft.DriverScript.setDefaultTestParameters(DriverScript.java:181)
	at com.cognizant.Craft.DriverScript.startUp(DriverScript.java:171)
	at com.cognizant.Craft.DriverScript.driveTestExecution(DriverScript.java:144)
	at testscripts.SF.SmokeTestScripts.TC_SF_AdminHomePageLinks.runTC_SF_AdminHomePageLinks(TC_SF_AdminHomePageLinks.java:32)
	at sun.reflect.NativeMethodAccessorImpl.invoke0(Native Method)
	at sun.reflect.NativeMethodAccessorImpl.invoke(Unknown Source)
	at sun.reflect.DelegatingMethodAccessorImpl.invoke(Unknown Source)
	at java.lang.reflect.Method.invoke(Unknown Source)
	at org.testng.internal.MethodInvocationHelper.invokeMethod(MethodInvocationHelper.java:86)
	at org.testng.internal.Invoker.invokeMethod(Invoker.java:643)
	at org.testng.internal.Invoker.invokeTestMethod(Invoker.java:820)
	at org.testng.internal.Invoker.invokeTestMethods(Invoker.java:1128)
	at org.testng.internal.TestMethodWorker.invokeTestMethods(TestMethodWorker.java:129)
	at org.testng.internal.TestMethodWorker.run(TestMethodWorker.java:112)
	at org.testng.TestRunner.privateRun(TestRunner.java:782)
	at org.testng.TestRunner.run(TestRunner.java:632)
	at org.testng.SuiteRunner.runTest(SuiteRunner.java:366)
	at org.testng.SuiteRunner.runSequentially(SuiteRunner.java:361)
	at org.testng.SuiteRunner.privateRun(SuiteRunner.java:319)
	at org.testng.SuiteRunner.run(SuiteRunner.java:268)
	at org.testng.SuiteRunnerWorker.runSuite(SuiteRunnerWorker.java:52)
	at org.testng.SuiteRunnerWorker.run(SuiteRunnerWorker.java:86)
	at org.testng.TestNG.runSuitesSequentially(TestNG.java:1244)
	at org.testng.TestNG.runSuitesLocally(TestNG.java:1169)
	at org.testng.TestNG.run(TestNG.java:1064)
	at org.testng.remote.AbstractRemoteTestNG.run(AbstractRemoteTestNG.java:132)
	at org.testng.remote.RemoteTestNG.initAndRun(RemoteTestNG.java:230)
	at org.testng.remote.RemoteTestNG.main(RemoteTestNG.java:76)
]]>
    </failure>
  </testcase> <!-- runTC_SF_AdminHomePageLinks -->
</testsuite> <!-- Default test -->
