<html>
<head>
<title>TestNG:  Smoke Test</title>
<link href="../testng.css" rel="stylesheet" type="text/css" />
<link href="../my-testng.css" rel="stylesheet" type="text/css" />

<style type="text/css">
.log { display: none;} 
.stack-trace { display: none;} 
</style>
<script type="text/javascript">
<!--
function flip(e) {
  current = e.style.display;
  if (current == 'block') {
    e.style.display = 'none';
    return 0;
  }
  else {
    e.style.display = 'block';
    return 1;
  }
}

function toggleBox(szDivId, elem, msg1, msg2)
{
  var res = -1;  if (document.getElementById) {
    res = flip(document.getElementById(szDivId));
  }
  else if (document.all) {
    // this is the way old msie versions work
    res = flip(document.all[szDivId]);
  }
  if(elem) {
    if(res == 0) elem.innerHTML = msg1; else elem.innerHTML = msg2;
  }

}

function toggleAllBoxes() {
  if (document.getElementsByTagName) {
    d = document.getElementsByTagName('div');
    for (i = 0; i < d.length; i++) {
      if (d[i].className == 'log') {
        flip(d[i]);
      }
    }
  }
}

// -->
</script>

</head>
<body>
<h2 align='center'>Smoke Test</h2><table border='1' align="center">
<tr>
<td>Tests passed/Failed/Skipped:</td><td>0/5/0</td>
</tr><tr>
<td>Started on:</td><td>Tue Apr 18 00:54:26 CDT 2017</td>
</tr>
<tr><td>Total time:</td><td>38 seconds (38725 ms)</td>
</tr><tr>
<td>Included groups:</td><td></td>
</tr><tr>
<td>Excluded groups:</td><td></td>
</tr>
</table><p/>
<small><i>(Hover the method name to see the test class name)</i></small><p/>
<table width='100%' border='1' class='invocation-failed'>
<tr><td colspan='4' align='center'><b>FAILED TESTS</b></td></tr>
<tr><td><b>Test method</b></td>
<td width="30%"><b>Exception</b></td>
<td width="10%"><b>Time (seconds)</b></td>
<td><b>Instance</b></td>
</tr>
<tr>
<td title='testscripts.SF.SmokeTestScripts.TC_SF_CSSHomePageLinks.runTC_SF_CSSHomePageLinks()'><b>runTC_SF_CSSHomePageLinks</b><br>Test class: testscripts.SF.SmokeTestScripts.TC_SF_CSSHomePageLinks</td>
<td><div><pre>org.testng.TestNGException: 
The data provider is trying to pass 1 parameters but the method testscripts.SF.SmokeTestScripts.TC_SF_CSSHomePageLinks#runTC_SF_CSSHomePageLinks takes 2 and TestNG is unable in inject a suitable object
	at java.util.concurrent.ThreadPoolExecutor.runWorker(Unknown Source)
	at java.util.concurrent.ThreadPoolExecutor$Worker.run(Unknown Source)
	at java.lang.Thread.run(Unknown Source)
Caused by: java.lang.ArrayIndexOutOfBoundsException: 1
	... 6 more
... Removed 5 stack frames</pre></div><a href='#' onClick='toggleBox("stack-trace1204685270", this, "Click to show all stack frames", "Click to hide stack frames")'>Click to show all stack frames</a>
<div class='stack-trace' id='stack-trace1204685270'><pre>org.testng.TestNGException: 
The data provider is trying to pass 1 parameters but the method testscripts.SF.SmokeTestScripts.TC_SF_CSSHomePageLinks#runTC_SF_CSSHomePageLinks takes 2 and TestNG is unable in inject a suitable object
	at org.testng.internal.Invoker.injectParameters(Invoker.java:1253)
	at org.testng.internal.Invoker.invokeTestMethods(Invoker.java:1122)
	at org.testng.internal.TestMethodWorker.invokeTestMethods(TestMethodWorker.java:129)
	at org.testng.internal.TestMethodWorker.run(TestMethodWorker.java:112)
	at java.util.concurrent.ThreadPoolExecutor.runWorker(Unknown Source)
	at java.util.concurrent.ThreadPoolExecutor$Worker.run(Unknown Source)
	at java.lang.Thread.run(Unknown Source)
Caused by: java.lang.ArrayIndexOutOfBoundsException: 1
	at org.testng.internal.Invoker.injectParameters(Invoker.java:1249)
	... 6 more
</pre></div></td>
<td>0</td>
<td>testscripts.SF.SmokeTestScripts.TC_SF_CSSHomePageLinks@5bcab519</td></tr>
<tr>
<td title='testscripts.SF.SmokeTestScripts.TC_SF_ManagerHomePageLinks.runTC_SF_ManagerLogin()'><b>runTC_SF_ManagerLogin</b><br>Test class: testscripts.SF.SmokeTestScripts.TC_SF_ManagerHomePageLinks</td>
<td><div><pre>org.testng.TestNGException: 
The data provider is trying to pass 1 parameters but the method testscripts.SF.SmokeTestScripts.TC_SF_ManagerHomePageLinks#runTC_SF_ManagerLogin takes 2 and TestNG is unable in inject a suitable object
	at java.util.concurrent.ThreadPoolExecutor.runWorker(Unknown Source)
	at java.util.concurrent.ThreadPoolExecutor$Worker.run(Unknown Source)
	at java.lang.Thread.run(Unknown Source)
Caused by: java.lang.ArrayIndexOutOfBoundsException: 1
	... 6 more
... Removed 5 stack frames</pre></div><a href='#' onClick='toggleBox("stack-trace408966068", this, "Click to show all stack frames", "Click to hide stack frames")'>Click to show all stack frames</a>
<div class='stack-trace' id='stack-trace408966068'><pre>org.testng.TestNGException: 
The data provider is trying to pass 1 parameters but the method testscripts.SF.SmokeTestScripts.TC_SF_ManagerHomePageLinks#runTC_SF_ManagerLogin takes 2 and TestNG is unable in inject a suitable object
	at org.testng.internal.Invoker.injectParameters(Invoker.java:1253)
	at org.testng.internal.Invoker.invokeTestMethods(Invoker.java:1122)
	at org.testng.internal.TestMethodWorker.invokeTestMethods(TestMethodWorker.java:129)
	at org.testng.internal.TestMethodWorker.run(TestMethodWorker.java:112)
	at java.util.concurrent.ThreadPoolExecutor.runWorker(Unknown Source)
	at java.util.concurrent.ThreadPoolExecutor$Worker.run(Unknown Source)
	at java.lang.Thread.run(Unknown Source)
Caused by: java.lang.ArrayIndexOutOfBoundsException: 1
	at org.testng.internal.Invoker.injectParameters(Invoker.java:1249)
	... 6 more
</pre></div></td>
<td>0</td>
<td>testscripts.SF.SmokeTestScripts.TC_SF_ManagerHomePageLinks@5700d6b1</td></tr>
<tr>
<td title='testscripts.SF.SmokeTestScripts.TC_SF_CSSLogin.runTC_SF_ManagerLogin()'><b>runTC_SF_ManagerLogin</b><br>Test class: testscripts.SF.SmokeTestScripts.TC_SF_CSSLogin</td>
<td><div><pre>org.testng.TestNGException: 
The data provider is trying to pass 1 parameters but the method testscripts.SF.SmokeTestScripts.TC_SF_CSSLogin#runTC_SF_ManagerLogin takes 2 and TestNG is unable in inject a suitable object
	at java.util.concurrent.ThreadPoolExecutor.runWorker(Unknown Source)
	at java.util.concurrent.ThreadPoolExecutor$Worker.run(Unknown Source)
	at java.lang.Thread.run(Unknown Source)
Caused by: java.lang.ArrayIndexOutOfBoundsException: 1
	... 6 more
... Removed 5 stack frames</pre></div><a href='#' onClick='toggleBox("stack-trace1360021716", this, "Click to show all stack frames", "Click to hide stack frames")'>Click to show all stack frames</a>
<div class='stack-trace' id='stack-trace1360021716'><pre>org.testng.TestNGException: 
The data provider is trying to pass 1 parameters but the method testscripts.SF.SmokeTestScripts.TC_SF_CSSLogin#runTC_SF_ManagerLogin takes 2 and TestNG is unable in inject a suitable object
	at org.testng.internal.Invoker.injectParameters(Invoker.java:1253)
	at org.testng.internal.Invoker.invokeTestMethods(Invoker.java:1122)
	at org.testng.internal.TestMethodWorker.invokeTestMethods(TestMethodWorker.java:129)
	at org.testng.internal.TestMethodWorker.run(TestMethodWorker.java:112)
	at java.util.concurrent.ThreadPoolExecutor.runWorker(Unknown Source)
	at java.util.concurrent.ThreadPoolExecutor$Worker.run(Unknown Source)
	at java.lang.Thread.run(Unknown Source)
Caused by: java.lang.ArrayIndexOutOfBoundsException: 1
	at org.testng.internal.Invoker.injectParameters(Invoker.java:1249)
	... 6 more
</pre></div></td>
<td>0</td>
<td>testscripts.SF.SmokeTestScripts.TC_SF_CSSLogin@6fd02e5</td></tr>
<tr>
<td title='testscripts.SF.SmokeTestScripts.TC_SF_ManagerLogin.runTC_SF_ManagerLogin()'><b>runTC_SF_ManagerLogin</b><br>Test class: testscripts.SF.SmokeTestScripts.TC_SF_ManagerLogin</td>
<td><div><pre>org.testng.TestNGException: 
The data provider is trying to pass 1 parameters but the method testscripts.SF.SmokeTestScripts.TC_SF_ManagerLogin#runTC_SF_ManagerLogin takes 2 and TestNG is unable in inject a suitable object
	at java.util.concurrent.ThreadPoolExecutor.runWorker(Unknown Source)
	at java.util.concurrent.ThreadPoolExecutor$Worker.run(Unknown Source)
	at java.lang.Thread.run(Unknown Source)
Caused by: java.lang.ArrayIndexOutOfBoundsException: 1
	... 6 more
... Removed 5 stack frames</pre></div><a href='#' onClick='toggleBox("stack-trace504859748", this, "Click to show all stack frames", "Click to hide stack frames")'>Click to show all stack frames</a>
<div class='stack-trace' id='stack-trace504859748'><pre>org.testng.TestNGException: 
The data provider is trying to pass 1 parameters but the method testscripts.SF.SmokeTestScripts.TC_SF_ManagerLogin#runTC_SF_ManagerLogin takes 2 and TestNG is unable in inject a suitable object
	at org.testng.internal.Invoker.injectParameters(Invoker.java:1253)
	at org.testng.internal.Invoker.invokeTestMethods(Invoker.java:1122)
	at org.testng.internal.TestMethodWorker.invokeTestMethods(TestMethodWorker.java:129)
	at org.testng.internal.TestMethodWorker.run(TestMethodWorker.java:112)
	at java.util.concurrent.ThreadPoolExecutor.runWorker(Unknown Source)
	at java.util.concurrent.ThreadPoolExecutor$Worker.run(Unknown Source)
	at java.lang.Thread.run(Unknown Source)
Caused by: java.lang.ArrayIndexOutOfBoundsException: 1
	at org.testng.internal.Invoker.injectParameters(Invoker.java:1249)
	... 6 more
</pre></div></td>
<td>0</td>
<td>testscripts.SF.SmokeTestScripts.TC_SF_ManagerLogin@1ce92674</td></tr>
<tr>
<td title='testscripts.SF.SmokeTestScripts.TC_SF_OBAccountsLandingPage.runTC_SF_OBAccountsLandingPage()'><b>runTC_SF_OBAccountsLandingPage</b><br>Test class: testscripts.SF.SmokeTestScripts.TC_SF_OBAccountsLandingPage<br>Parameters: Instance1, REMOTE</td>
<td><div><pre>org.openqa.selenium.SessionNotCreatedException: Unable to create new remote session. desired capabilities = Capabilities [{browserName=chrome, javascriptEnabled=true}], required capabilities = Capabilities [{}]
Build info: version: &apos;3.0.1&apos;, revision: &apos;1969d75&apos;, time: &apos;2016-10-18 09:49:13 -0700&apos;
System info: host: &apos;TX717-4441WGD&apos;, ip: &apos;10.153.2.123&apos;, os.name: &apos;Windows 7&apos;, os.arch: &apos;amd64&apos;, os.version: &apos;6.1&apos;, java.version: &apos;1.8.0_121&apos;
Driver info: driver.version: RemoteWebDriver
	at org.openqa.selenium.remote.ProtocolHandshake.createSession(ProtocolHandshake.java:91)
	at org.openqa.selenium.remote.HttpCommandExecutor.execute(HttpCommandExecutor.java:141)
	at org.openqa.selenium.remote.RemoteWebDriver.execute(RemoteWebDriver.java:601)
	at org.openqa.selenium.remote.RemoteWebDriver.startSession(RemoteWebDriver.java:241)
	at org.openqa.selenium.remote.RemoteWebDriver.&lt;init&gt;(RemoteWebDriver.java:128)
	at org.openqa.selenium.remote.RemoteWebDriver.&lt;init&gt;(RemoteWebDriver.java:155)
	at com.cognizant.framework.selenium.WebDriverFactory.getRemoteWebDriver(WebDriverFactory.java:161)
	at com.cognizant.framework.selenium.WebDriverFactory.getRemoteWebDriver(WebDriverFactory.java:182)
	at com.cognizant.Craft.DriverScript.initializeWebDriver(DriverScript.java:282)
	at com.cognizant.Craft.DriverScript.driveTestExecution(DriverScript.java:147)
	at testscripts.SF.SmokeTestScripts.TC_SF_OBAccountsLandingPage.runTC_SF_OBAccountsLandingPage(TC_SF_OBAccountsLandingPage.java:34)
	at java.util.concurrent.ThreadPoolExecutor.runWorker(Unknown Source)
	at java.util.concurrent.ThreadPoolExecutor$Worker.run(Unknown Source)
	at java.lang.Thread.run(Unknown Source)
... Removed 10 stack frames</pre></div><a href='#' onClick='toggleBox("stack-trace2029864858", this, "Click to show all stack frames", "Click to hide stack frames")'>Click to show all stack frames</a>
<div class='stack-trace' id='stack-trace2029864858'><pre>org.openqa.selenium.SessionNotCreatedException: Unable to create new remote session. desired capabilities = Capabilities [{browserName=chrome, javascriptEnabled=true}], required capabilities = Capabilities [{}]
Build info: version: &apos;3.0.1&apos;, revision: &apos;1969d75&apos;, time: &apos;2016-10-18 09:49:13 -0700&apos;
System info: host: &apos;TX717-4441WGD&apos;, ip: &apos;10.153.2.123&apos;, os.name: &apos;Windows 7&apos;, os.arch: &apos;amd64&apos;, os.version: &apos;6.1&apos;, java.version: &apos;1.8.0_121&apos;
Driver info: driver.version: RemoteWebDriver
	at org.openqa.selenium.remote.ProtocolHandshake.createSession(ProtocolHandshake.java:91)
	at org.openqa.selenium.remote.HttpCommandExecutor.execute(HttpCommandExecutor.java:141)
	at org.openqa.selenium.remote.RemoteWebDriver.execute(RemoteWebDriver.java:601)
	at org.openqa.selenium.remote.RemoteWebDriver.startSession(RemoteWebDriver.java:241)
	at org.openqa.selenium.remote.RemoteWebDriver.&lt;init&gt;(RemoteWebDriver.java:128)
	at org.openqa.selenium.remote.RemoteWebDriver.&lt;init&gt;(RemoteWebDriver.java:155)
	at com.cognizant.framework.selenium.WebDriverFactory.getRemoteWebDriver(WebDriverFactory.java:161)
	at com.cognizant.framework.selenium.WebDriverFactory.getRemoteWebDriver(WebDriverFactory.java:182)
	at com.cognizant.Craft.DriverScript.initializeWebDriver(DriverScript.java:282)
	at com.cognizant.Craft.DriverScript.driveTestExecution(DriverScript.java:147)
	at testscripts.SF.SmokeTestScripts.TC_SF_OBAccountsLandingPage.runTC_SF_OBAccountsLandingPage(TC_SF_OBAccountsLandingPage.java:34)
	at sun.reflect.NativeMethodAccessorImpl.invoke0(Native Method)
	at sun.reflect.NativeMethodAccessorImpl.invoke(Unknown Source)
	at sun.reflect.DelegatingMethodAccessorImpl.invoke(Unknown Source)
	at java.lang.reflect.Method.invoke(Unknown Source)
	at org.testng.internal.MethodInvocationHelper.invokeMethod(MethodInvocationHelper.java:86)
	at org.testng.internal.Invoker.invokeMethod(Invoker.java:643)
	at org.testng.internal.Invoker.invokeTestMethod(Invoker.java:820)
	at org.testng.internal.Invoker.invokeTestMethods(Invoker.java:1128)
	at org.testng.internal.TestMethodWorker.invokeTestMethods(TestMethodWorker.java:129)
	at org.testng.internal.TestMethodWorker.run(TestMethodWorker.java:112)
	at java.util.concurrent.ThreadPoolExecutor.runWorker(Unknown Source)
	at java.util.concurrent.ThreadPoolExecutor$Worker.run(Unknown Source)
	at java.lang.Thread.run(Unknown Source)
</pre></div></td>
<td>38</td>
<td>testscripts.SF.SmokeTestScripts.TC_SF_OBAccountsLandingPage@e45f292</td></tr>
</table><p>
</body>
</html>